[ 2017-01-17T09:08:38+08:00 ] ::1 /SecondProject/TG/index.php/Admin/Login/check.html
INFO: [ app_begin ] --START--
INFO: Run Behavior\ReadHtmlCacheBehavior [ RunTime:0.003000s ]
INFO: [ app_begin ] --END-- [ RunTime:0.004000s ]
NOTIC: [8] A session had already been started - ignoring session_start() D:\xampp\htdocs\SecondProject\ThinkPHP\Common\functions.php 第 1263 行.
SQL: SHOW COLUMNS FROM `tg_admins` [ RunTime:0.0260s ]
SQL: SELECT * FROM `tg_admins` WHERE `adminname` = 'yzw'  [ RunTime:0.0210s ]

[ 2017-01-17T10:58:08+08:00 ] ::1 /SecondProject/TG/index.php/Admin/Login/check.html
INFO: [ app_begin ] --START--
INFO: Run Behavior\ReadHtmlCacheBehavior [ RunTime:0.002000s ]
INFO: [ app_begin ] --END-- [ RunTime:0.005001s ]
NOTIC: [8] A session had already been started - ignoring session_start() D:\xampp\htdocs\SecondProject\ThinkPHP\Common\functions.php 第 1263 行.
SQL: SHOW COLUMNS FROM `tg_admins` [ RunTime:0.0110s ]
SQL: SELECT * FROM `tg_admins` WHERE `adminname` = 'xiaoyang'  [ RunTime:0.0270s ]

[ 2017-01-17T10:59:19+08:00 ] ::1 /SecondProject/TG/index.php/Admin/Login/check.html
INFO: [ app_begin ] --START--
INFO: Run Behavior\ReadHtmlCacheBehavior [ RunTime:0.000000s ]
INFO: [ app_begin ] --END-- [ RunTime:0.001000s ]
NOTIC: [8] A session had already been started - ignoring session_start() D:\xampp\htdocs\SecondProject\ThinkPHP\Common\functions.php 第 1263 行.
SQL: SHOW COLUMNS FROM `tg_admins` [ RunTime:0.0040s ]
SQL: SELECT * FROM `tg_admins` WHERE `adminname` = 'yzw'  [ RunTime:0.0000s ]

[ 2017-01-17T11:51:20+08:00 ] ::1 /SecondProject/TG/index.php/Admin/Admins/del.html?id=1&root=1
INFO: [ app_begin ] --START--
INFO: Run Behavior\ReadHtmlCacheBehavior [ RunTime:0.002000s ]
INFO: [ app_begin ] --END-- [ RunTime:0.003001s ]
NOTIC: [8] A session had already been started - ignoring session_start() D:\xampp\htdocs\SecondProject\ThinkPHP\Common\functions.php 第 1263 行.
SQL: SHOW COLUMNS FROM `tg_permission` [ RunTime:0.0140s ]
SQL: SELECT * FROM `tg_permission` WHERE `id` = 1 LIMIT 1   [ RunTime:0.0020s ]
SQL: SHOW COLUMNS FROM `tg_modules` [ RunTime:0.0130s ]
SQL: SELECT * FROM `tg_modules` WHERE ( moduleurl='Admins' )  [ RunTime:0.0010s ]
SQL: SHOW COLUMNS FROM `tg_admins` [ RunTime:0.0110s ]

[ 2017-01-17T11:51:38+08:00 ] ::1 /SecondProject/TG/index.php/Admin/Admins/del.html?id=8&root=1
INFO: [ app_begin ] --START--
INFO: Run Behavior\ReadHtmlCacheBehavior [ RunTime:0.001000s ]
INFO: [ app_begin ] --END-- [ RunTime:0.003000s ]
NOTIC: [8] A session had already been started - ignoring session_start() D:\xampp\htdocs\SecondProject\ThinkPHP\Common\functions.php 第 1263 行.
SQL: SHOW COLUMNS FROM `tg_permission` [ RunTime:0.0130s ]
SQL: SELECT * FROM `tg_permission` WHERE `id` = 1 LIMIT 1   [ RunTime:0.0010s ]
SQL: SHOW COLUMNS FROM `tg_modules` [ RunTime:0.0120s ]
SQL: SELECT * FROM `tg_modules` WHERE ( moduleurl='Admins' )  [ RunTime:0.0000s ]
SQL: SHOW COLUMNS FROM `tg_admins` [ RunTime:0.0120s ]

[ 2017-01-17T13:43:28+08:00 ] ::1 /SecondProject/TG/index.php/Admin/Admins/del.html?id=8&root=1
INFO: [ app_begin ] --START--
INFO: Run Behavior\ReadHtmlCacheBehavior [ RunTime:0.002000s ]
INFO: [ app_begin ] --END-- [ RunTime:0.005000s ]
NOTIC: [8] A session had already been started - ignoring session_start() D:\xampp\htdocs\SecondProject\ThinkPHP\Common\functions.php 第 1263 行.
SQL: SHOW COLUMNS FROM `tg_permission` [ RunTime:0.0070s ]
SQL: SELECT * FROM `tg_permission` WHERE `id` = 1 LIMIT 1   [ RunTime:0.0010s ]
SQL: SHOW COLUMNS FROM `tg_modules` [ RunTime:0.0060s ]
SQL: SELECT * FROM `tg_modules` WHERE ( moduleurl='Admins' )  [ RunTime:0.0000s ]
SQL: SHOW COLUMNS FROM `tg_admins` [ RunTime:0.0060s ]

[ 2017-01-17T13:43:36+08:00 ] ::1 /SecondProject/TG/index.php/Admin/Admins/del.html?id=7&root=2
INFO: [ app_begin ] --START--
INFO: Run Behavior\ReadHtmlCacheBehavior [ RunTime:0.002000s ]
INFO: [ app_begin ] --END-- [ RunTime:0.004001s ]
NOTIC: [8] A session had already been started - ignoring session_start() D:\xampp\htdocs\SecondProject\ThinkPHP\Common\functions.php 第 1263 行.
SQL: SHOW COLUMNS FROM `tg_permission` [ RunTime:0.0110s ]
SQL: SELECT * FROM `tg_permission` WHERE `id` = 1 LIMIT 1   [ RunTime:0.0080s ]
SQL: SHOW COLUMNS FROM `tg_modules` [ RunTime:0.0110s ]
SQL: SELECT * FROM `tg_modules` WHERE ( moduleurl='Admins' )  [ RunTime:0.0010s ]
SQL: SHOW COLUMNS FROM `tg_admins` [ RunTime:0.0110s ]

[ 2017-01-17T13:44:47+08:00 ] ::1 /SecondProject/TG/index.php/Admin/Admins/del.html?id=8&root=1
INFO: [ app_begin ] --START--
INFO: Run Behavior\ReadHtmlCacheBehavior [ RunTime:0.001000s ]
INFO: [ app_begin ] --END-- [ RunTime:0.002001s ]
NOTIC: [8] A session had already been started - ignoring session_start() D:\xampp\htdocs\SecondProject\ThinkPHP\Common\functions.php 第 1263 行.
SQL: SHOW COLUMNS FROM `tg_permission` [ RunTime:0.0080s ]
SQL: SELECT * FROM `tg_permission` WHERE `id` = 1 LIMIT 1   [ RunTime:0.0010s ]
SQL: SHOW COLUMNS FROM `tg_modules` [ RunTime:0.0060s ]
SQL: SELECT * FROM `tg_modules` WHERE ( moduleurl='Admins' )  [ RunTime:0.0000s ]
SQL: SHOW COLUMNS FROM `tg_admins` [ RunTime:0.0100s ]

[ 2017-01-17T13:46:15+08:00 ] ::1 /SecondProject/TG/index.php/Admin/Admins/delCheck.html?id=8&root=1
INFO: [ app_begin ] --START--
INFO: Run Behavior\ReadHtmlCacheBehavior [ RunTime:0.000000s ]
INFO: [ app_begin ] --END-- [ RunTime:0.001000s ]
NOTIC: [8] A session had already been started - ignoring session_start() D:\xampp\htdocs\SecondProject\ThinkPHP\Common\functions.php 第 1263 行.
SQL: SHOW COLUMNS FROM `tg_permission` [ RunTime:0.0040s ]
SQL: SELECT * FROM `tg_permission` WHERE `id` = 1 LIMIT 1   [ RunTime:0.0010s ]
SQL: SHOW COLUMNS FROM `tg_modules` [ RunTime:0.0040s ]
SQL: SELECT * FROM `tg_modules` WHERE ( moduleurl='Admins' )  [ RunTime:0.0010s ]

[ 2017-01-17T13:46:24+08:00 ] ::1 /SecondProject/TG/index.php/Admin/Admins/delCheck.html?id=7&root=2
INFO: [ app_begin ] --START--
INFO: Run Behavior\ReadHtmlCacheBehavior [ RunTime:0.013001s ]
INFO: [ app_begin ] --END-- [ RunTime:0.014001s ]
NOTIC: [8] A session had already been started - ignoring session_start() D:\xampp\htdocs\SecondProject\ThinkPHP\Common\functions.php 第 1263 行.
SQL: SHOW COLUMNS FROM `tg_permission` [ RunTime:0.0060s ]
SQL: SELECT * FROM `tg_permission` WHERE `id` = 1 LIMIT 1   [ RunTime:0.0010s ]
SQL: SHOW COLUMNS FROM `tg_modules` [ RunTime:0.0050s ]
SQL: SELECT * FROM `tg_modules` WHERE ( moduleurl='Admins' )  [ RunTime:0.0010s ]

[ 2017-01-17T13:48:43+08:00 ] ::1 /SecondProject/TG/index.php/Admin/Admins/delCheck.html
INFO: [ app_begin ] --START--
INFO: Run Behavior\ReadHtmlCacheBehavior [ RunTime:0.001000s ]
INFO: [ app_begin ] --END-- [ RunTime:0.001000s ]
NOTIC: [8] A session had already been started - ignoring session_start() D:\xampp\htdocs\SecondProject\ThinkPHP\Common\functions.php 第 1263 行.
SQL: SHOW COLUMNS FROM `tg_permission` [ RunTime:0.0040s ]
SQL: SELECT * FROM `tg_permission` WHERE `id` = 1 LIMIT 1   [ RunTime:0.0020s ]
SQL: SHOW COLUMNS FROM `tg_modules` [ RunTime:0.0040s ]
SQL: SELECT * FROM `tg_modules` WHERE ( moduleurl='Admins' )  [ RunTime:0.0010s ]

[ 2017-01-17T13:49:18+08:00 ] ::1 /SecondProject/TG/index.php/Admin/Admins/delCheck.html
INFO: [ app_begin ] --START--
INFO: Run Behavior\ReadHtmlCacheBehavior [ RunTime:0.003000s ]
INFO: [ app_begin ] --END-- [ RunTime:0.004000s ]
NOTIC: [8] A session had already been started - ignoring session_start() D:\xampp\htdocs\SecondProject\ThinkPHP\Common\functions.php 第 1263 行.
SQL: SHOW COLUMNS FROM `tg_permission` [ RunTime:0.0110s ]
SQL: SELECT * FROM `tg_permission` WHERE `id` = 1 LIMIT 1   [ RunTime:0.0010s ]
SQL: SHOW COLUMNS FROM `tg_modules` [ RunTime:0.0100s ]
SQL: SELECT * FROM `tg_modules` WHERE ( moduleurl='Admins' )  [ RunTime:0.0010s ]

[ 2017-01-17T13:50:46+08:00 ] ::1 /SecondProject/TG/index.php/Admin/Admins/delCheck.html
INFO: [ app_begin ] --START--
INFO: Run Behavior\ReadHtmlCacheBehavior [ RunTime:0.000000s ]
INFO: [ app_begin ] --END-- [ RunTime:0.001001s ]
NOTIC: [8] A session had already been started - ignoring session_start() D:\xampp\htdocs\SecondProject\ThinkPHP\Common\functions.php 第 1263 行.
SQL: SHOW COLUMNS FROM `tg_permission` [ RunTime:0.0040s ]
SQL: SELECT * FROM `tg_permission` WHERE `id` = 1 LIMIT 1   [ RunTime:0.0000s ]
SQL: SHOW COLUMNS FROM `tg_modules` [ RunTime:0.0030s ]
SQL: SELECT * FROM `tg_modules` WHERE ( moduleurl='Admins' )  [ RunTime:0.0000s ]

[ 2017-01-17T13:50:55+08:00 ] ::1 /SecondProject/TG/index.php/Admin/Admins/delCheck.html
INFO: [ app_begin ] --START--
INFO: Run Behavior\ReadHtmlCacheBehavior [ RunTime:0.014000s ]
INFO: [ app_begin ] --END-- [ RunTime:0.016000s ]
NOTIC: [8] A session had already been started - ignoring session_start() D:\xampp\htdocs\SecondProject\ThinkPHP\Common\functions.php 第 1263 行.
SQL: SHOW COLUMNS FROM `tg_permission` [ RunTime:0.0070s ]
SQL: SELECT * FROM `tg_permission` WHERE `id` = 1 LIMIT 1   [ RunTime:0.0010s ]
SQL: SHOW COLUMNS FROM `tg_modules` [ RunTime:0.0060s ]
SQL: SELECT * FROM `tg_modules` WHERE ( moduleurl='Admins' )  [ RunTime:0.0000s ]

[ 2017-01-17T13:52:04+08:00 ] ::1 /SecondProject/TG/index.php/Admin/Admins/delCheck.html
INFO: [ app_begin ] --START--
INFO: Run Behavior\ReadHtmlCacheBehavior [ RunTime:0.001000s ]
INFO: [ app_begin ] --END-- [ RunTime:0.001000s ]
NOTIC: [8] A session had already been started - ignoring session_start() D:\xampp\htdocs\SecondProject\ThinkPHP\Common\functions.php 第 1263 行.
SQL: SHOW COLUMNS FROM `tg_permission` [ RunTime:0.0060s ]
SQL: SELECT * FROM `tg_permission` WHERE `id` = 1 LIMIT 1   [ RunTime:0.0010s ]
SQL: SHOW COLUMNS FROM `tg_modules` [ RunTime:0.0050s ]
SQL: SELECT * FROM `tg_modules` WHERE ( moduleurl='Admins' )  [ RunTime:0.0010s ]

[ 2017-01-17T13:52:16+08:00 ] ::1 /SecondProject/TG/index.php/Admin/Admins/delCheck.html
INFO: [ app_begin ] --START--
INFO: Run Behavior\ReadHtmlCacheBehavior [ RunTime:0.002000s ]
INFO: [ app_begin ] --END-- [ RunTime:0.003000s ]
NOTIC: [8] A session had already been started - ignoring session_start() D:\xampp\htdocs\SecondProject\ThinkPHP\Common\functions.php 第 1263 行.
SQL: SHOW COLUMNS FROM `tg_permission` [ RunTime:0.0100s ]
SQL: SELECT * FROM `tg_permission` WHERE `id` = 1 LIMIT 1   [ RunTime:0.0010s ]
SQL: SHOW COLUMNS FROM `tg_modules` [ RunTime:0.0100s ]
SQL: SELECT * FROM `tg_modules` WHERE ( moduleurl='Admins' )  [ RunTime:0.0010s ]

[ 2017-01-17T13:52:39+08:00 ] ::1 /SecondProject/TG/index.php/Admin/Admins/delCheck.html
INFO: [ app_begin ] --START--
INFO: Run Behavior\ReadHtmlCacheBehavior [ RunTime:0.004001s ]
INFO: [ app_begin ] --END-- [ RunTime:0.006001s ]
NOTIC: [8] A session had already been started - ignoring session_start() D:\xampp\htdocs\SecondProject\ThinkPHP\Common\functions.php 第 1263 行.
SQL: SHOW COLUMNS FROM `tg_permission` [ RunTime:0.0100s ]
SQL: SELECT * FROM `tg_permission` WHERE `id` = 1 LIMIT 1   [ RunTime:0.0010s ]
SQL: SHOW COLUMNS FROM `tg_modules` [ RunTime:0.0100s ]
SQL: SELECT * FROM `tg_modules` WHERE ( moduleurl='Admins' )  [ RunTime:0.0020s ]

[ 2017-01-17T13:52:48+08:00 ] ::1 /SecondProject/TG/index.php/Admin/Admins/delCheck.html
INFO: [ app_begin ] --START--
INFO: Run Behavior\ReadHtmlCacheBehavior [ RunTime:0.002000s ]
INFO: [ app_begin ] --END-- [ RunTime:0.003000s ]
NOTIC: [8] A session had already been started - ignoring session_start() D:\xampp\htdocs\SecondProject\ThinkPHP\Common\functions.php 第 1263 行.
SQL: SHOW COLUMNS FROM `tg_permission` [ RunTime:0.0100s ]
SQL: SELECT * FROM `tg_permission` WHERE `id` = 1 LIMIT 1   [ RunTime:0.0010s ]
SQL: SHOW COLUMNS FROM `tg_modules` [ RunTime:0.0110s ]
SQL: SELECT * FROM `tg_modules` WHERE ( moduleurl='Admins' )  [ RunTime:0.0020s ]

[ 2017-01-17T13:52:54+08:00 ] ::1 /SecondProject/TG/index.php/Admin/Admins/delCheck.html
INFO: [ app_begin ] --START--
INFO: Run Behavior\ReadHtmlCacheBehavior [ RunTime:0.002000s ]
INFO: [ app_begin ] --END-- [ RunTime:0.003000s ]
NOTIC: [8] A session had already been started - ignoring session_start() D:\xampp\htdocs\SecondProject\ThinkPHP\Common\functions.php 第 1263 行.
SQL: SHOW COLUMNS FROM `tg_permission` [ RunTime:0.0110s ]
SQL: SELECT * FROM `tg_permission` WHERE `id` = 1 LIMIT 1   [ RunTime:0.0000s ]
SQL: SHOW COLUMNS FROM `tg_modules` [ RunTime:0.0100s ]
SQL: SELECT * FROM `tg_modules` WHERE ( moduleurl='Admins' )  [ RunTime:0.0010s ]

[ 2017-01-17T13:52:58+08:00 ] ::1 /SecondProject/TG/index.php/Admin/Admins/delCheck.html
INFO: [ app_begin ] --START--
INFO: Run Behavior\ReadHtmlCacheBehavior [ RunTime:0.003000s ]
INFO: [ app_begin ] --END-- [ RunTime:0.005000s ]
NOTIC: [8] A session had already been started - ignoring session_start() D:\xampp\htdocs\SecondProject\ThinkPHP\Common\functions.php 第 1263 行.
SQL: SHOW COLUMNS FROM `tg_permission` [ RunTime:0.0110s ]
SQL: SELECT * FROM `tg_permission` WHERE `id` = 1 LIMIT 1   [ RunTime:0.0010s ]
SQL: SHOW COLUMNS FROM `tg_modules` [ RunTime:0.0100s ]
SQL: SELECT * FROM `tg_modules` WHERE ( moduleurl='Admins' )  [ RunTime:0.0010s ]

[ 2017-01-17T13:53:05+08:00 ] ::1 /SecondProject/TG/index.php/Admin/Admins/delCheck.html
INFO: [ app_begin ] --START--
INFO: Run Behavior\ReadHtmlCacheBehavior [ RunTime:0.001000s ]
INFO: [ app_begin ] --END-- [ RunTime:0.003000s ]
NOTIC: [8] A session had already been started - ignoring session_start() D:\xampp\htdocs\SecondProject\ThinkPHP\Common\functions.php 第 1263 行.
SQL: SHOW COLUMNS FROM `tg_permission` [ RunTime:0.0110s ]
SQL: SELECT * FROM `tg_permission` WHERE `id` = 1 LIMIT 1   [ RunTime:0.0010s ]
SQL: SHOW COLUMNS FROM `tg_modules` [ RunTime:0.0110s ]
SQL: SELECT * FROM `tg_modules` WHERE ( moduleurl='Admins' )  [ RunTime:0.0010s ]

[ 2017-01-17T13:53:11+08:00 ] ::1 /SecondProject/TG/index.php/Admin/Admins/delCheck.html
INFO: [ app_begin ] --START--
INFO: Run Behavior\ReadHtmlCacheBehavior [ RunTime:0.003000s ]
INFO: [ app_begin ] --END-- [ RunTime:0.004000s ]
NOTIC: [8] A session had already been started - ignoring session_start() D:\xampp\htdocs\SecondProject\ThinkPHP\Common\functions.php 第 1263 行.
SQL: SHOW COLUMNS FROM `tg_permission` [ RunTime:0.0100s ]
SQL: SELECT * FROM `tg_permission` WHERE `id` = 1 LIMIT 1   [ RunTime:0.0010s ]
SQL: SHOW COLUMNS FROM `tg_modules` [ RunTime:0.0100s ]
SQL: SELECT * FROM `tg_modules` WHERE ( moduleurl='Admins' )  [ RunTime:0.0010s ]

[ 2017-01-17T13:54:38+08:00 ] ::1 /SecondProject/TG/index.php/Admin/Admins/role.html
INFO: [ app_begin ] --START--
INFO: Run Behavior\ReadHtmlCacheBehavior [ RunTime:0.002000s ]
INFO: [ app_begin ] --END-- [ RunTime:0.003000s ]
NOTIC: [8] A session had already been started - ignoring session_start() D:\xampp\htdocs\SecondProject\ThinkPHP\Common\functions.php 第 1263 行.
SQL: SHOW COLUMNS FROM `tg_permission` [ RunTime:0.0110s ]
SQL: SELECT * FROM `tg_permission` WHERE `id` = 1 LIMIT 1   [ RunTime:0.0010s ]
SQL: SHOW COLUMNS FROM `tg_modules` [ RunTime:0.0220s ]
SQL: SELECT * FROM `tg_modules` WHERE ( moduleurl='Admins' )  [ RunTime:0.0010s ]

[ 2017-01-17T13:54:43+08:00 ] ::1 /SecondProject/TG/index.php/Admin/Admins/delCheck.html
INFO: [ app_begin ] --START--
INFO: Run Behavior\ReadHtmlCacheBehavior [ RunTime:0.002000s ]
INFO: [ app_begin ] --END-- [ RunTime:0.004000s ]
NOTIC: [8] A session had already been started - ignoring session_start() D:\xampp\htdocs\SecondProject\ThinkPHP\Common\functions.php 第 1263 行.
SQL: SHOW COLUMNS FROM `tg_permission` [ RunTime:0.0110s ]
SQL: SELECT * FROM `tg_permission` WHERE `id` = 1 LIMIT 1   [ RunTime:0.0010s ]
SQL: SHOW COLUMNS FROM `tg_modules` [ RunTime:0.0110s ]
SQL: SELECT * FROM `tg_modules` WHERE ( moduleurl='Admins' )  [ RunTime:0.0010s ]

[ 2017-01-17T13:54:50+08:00 ] ::1 /SecondProject/TG/index.php/Admin/Admins/delCheck.html
INFO: [ app_begin ] --START--
INFO: Run Behavior\ReadHtmlCacheBehavior [ RunTime:0.002000s ]
INFO: [ app_begin ] --END-- [ RunTime:0.003000s ]
NOTIC: [8] A session had already been started - ignoring session_start() D:\xampp\htdocs\SecondProject\ThinkPHP\Common\functions.php 第 1263 行.
SQL: SHOW COLUMNS FROM `tg_permission` [ RunTime:0.0160s ]
SQL: SELECT * FROM `tg_permission` WHERE `id` = 1 LIMIT 1   [ RunTime:0.0020s ]
SQL: SHOW COLUMNS FROM `tg_modules` [ RunTime:0.0120s ]
SQL: SELECT * FROM `tg_modules` WHERE ( moduleurl='Admins' )  [ RunTime:0.0010s ]

[ 2017-01-17T13:54:53+08:00 ] ::1 /SecondProject/TG/index.php/Admin/Admins/delCheck.html
INFO: [ app_begin ] --START--
INFO: Run Behavior\ReadHtmlCacheBehavior [ RunTime:0.001000s ]
INFO: [ app_begin ] --END-- [ RunTime:0.002000s ]
NOTIC: [8] A session had already been started - ignoring session_start() D:\xampp\htdocs\SecondProject\ThinkPHP\Common\functions.php 第 1263 行.
SQL: SHOW COLUMNS FROM `tg_permission` [ RunTime:0.0050s ]
SQL: SELECT * FROM `tg_permission` WHERE `id` = 1 LIMIT 1   [ RunTime:0.0000s ]
SQL: SHOW COLUMNS FROM `tg_modules` [ RunTime:0.0050s ]
SQL: SELECT * FROM `tg_modules` WHERE ( moduleurl='Admins' )  [ RunTime:0.0000s ]

[ 2017-01-17T13:54:57+08:00 ] ::1 /SecondProject/TG/index.php/Admin/Admins/role.html
INFO: [ app_begin ] --START--
INFO: Run Behavior\ReadHtmlCacheBehavior [ RunTime:0.002000s ]
INFO: [ app_begin ] --END-- [ RunTime:0.003000s ]
NOTIC: [8] A session had already been started - ignoring session_start() D:\xampp\htdocs\SecondProject\ThinkPHP\Common\functions.php 第 1263 行.
SQL: SHOW COLUMNS FROM `tg_permission` [ RunTime:0.0120s ]
SQL: SELECT * FROM `tg_permission` WHERE `id` = 1 LIMIT 1   [ RunTime:0.0020s ]
SQL: SHOW COLUMNS FROM `tg_modules` [ RunTime:0.0100s ]
SQL: SELECT * FROM `tg_modules` WHERE ( moduleurl='Admins' )  [ RunTime:0.0010s ]
SQL: SELECT * FROM `tg_permission`  [ RunTime:0.0010s ]

[ 2017-01-17T13:55:05+08:00 ] ::1 /SecondProject/TG/index.php/Admin/Admins/lookAdmin.html?id=8&root=1
INFO: [ app_begin ] --START--
INFO: Run Behavior\ReadHtmlCacheBehavior [ RunTime:0.002000s ]
INFO: [ app_begin ] --END-- [ RunTime:0.003000s ]
NOTIC: [8] A session had already been started - ignoring session_start() D:\xampp\htdocs\SecondProject\ThinkPHP\Common\functions.php 第 1263 行.
SQL: SHOW COLUMNS FROM `tg_permission` [ RunTime:0.0110s ]
SQL: SELECT * FROM `tg_permission` WHERE `id` = 1 LIMIT 1   [ RunTime:0.0020s ]
SQL: SHOW COLUMNS FROM `tg_modules` [ RunTime:0.0110s ]
SQL: SELECT * FROM `tg_modules` WHERE ( moduleurl='Admins' )  [ RunTime:0.0010s ]
SQL: SELECT * FROM `tg_permission` WHERE `id` = 1 LIMIT 1   [ RunTime:0.0010s ]
SQL: SELECT * FROM `tg_modules`  [ RunTime:0.0010s ]

[ 2017-01-17T13:55:53+08:00 ] ::1 /SecondProject/TG/index.php/Admin/Admins/delCheck.html
INFO: [ app_begin ] --START--
INFO: Run Behavior\ReadHtmlCacheBehavior [ RunTime:0.002000s ]
INFO: [ app_begin ] --END-- [ RunTime:0.003001s ]
NOTIC: [8] A session had already been started - ignoring session_start() D:\xampp\htdocs\SecondProject\ThinkPHP\Common\functions.php 第 1263 行.
SQL: SHOW COLUMNS FROM `tg_permission` [ RunTime:0.0070s ]
SQL: SELECT * FROM `tg_permission` WHERE `id` = 1 LIMIT 1   [ RunTime:0.0010s ]
SQL: SHOW COLUMNS FROM `tg_modules` [ RunTime:0.0070s ]
SQL: SELECT * FROM `tg_modules` WHERE ( moduleurl='Admins' )  [ RunTime:0.0010s ]

[ 2017-01-17T13:55:58+08:00 ] ::1 /SecondProject/TG/index.php/Admin/Admins/delCheck.html
INFO: [ app_begin ] --START--
INFO: Run Behavior\ReadHtmlCacheBehavior [ RunTime:0.002001s ]
INFO: [ app_begin ] --END-- [ RunTime:0.005001s ]
NOTIC: [8] A session had already been started - ignoring session_start() D:\xampp\htdocs\SecondProject\ThinkPHP\Common\functions.php 第 1263 行.
SQL: SHOW COLUMNS FROM `tg_permission` [ RunTime:0.0100s ]
SQL: SELECT * FROM `tg_permission` WHERE `id` = 1 LIMIT 1   [ RunTime:0.0010s ]
SQL: SHOW COLUMNS FROM `tg_modules` [ RunTime:0.0100s ]
SQL: SELECT * FROM `tg_modules` WHERE ( moduleurl='Admins' )  [ RunTime:0.0010s ]

[ 2017-01-17T13:56:06+08:00 ] ::1 /SecondProject/TG/index.php/Admin/Admins/role.html
INFO: [ app_begin ] --START--
INFO: Run Behavior\ReadHtmlCacheBehavior [ RunTime:0.002001s ]
INFO: [ app_begin ] --END-- [ RunTime:0.003001s ]
NOTIC: [8] A session had already been started - ignoring session_start() D:\xampp\htdocs\SecondProject\ThinkPHP\Common\functions.php 第 1263 行.
SQL: SHOW COLUMNS FROM `tg_permission` [ RunTime:0.0110s ]
SQL: SELECT * FROM `tg_permission` WHERE `id` = 1 LIMIT 1   [ RunTime:0.0010s ]
SQL: SHOW COLUMNS FROM `tg_modules` [ RunTime:0.0100s ]
SQL: SELECT * FROM `tg_modules` WHERE ( moduleurl='Admins' )  [ RunTime:0.0010s ]
SQL: SELECT * FROM `tg_permission`  [ RunTime:0.0010s ]

[ 2017-01-17T13:56:37+08:00 ] ::1 /SecondProject/TG/index.php/Admin/Admins/role.html
INFO: [ app_begin ] --START--
INFO: Run Behavior\ReadHtmlCacheBehavior [ RunTime:0.001000s ]
INFO: [ app_begin ] --END-- [ RunTime:0.002000s ]
NOTIC: [8] A session had already been started - ignoring session_start() D:\xampp\htdocs\SecondProject\ThinkPHP\Common\functions.php 第 1263 行.
SQL: SHOW COLUMNS FROM `tg_permission` [ RunTime:0.0060s ]
SQL: SELECT * FROM `tg_permission` WHERE `id` = 1 LIMIT 1   [ RunTime:0.0000s ]
SQL: SHOW COLUMNS FROM `tg_modules` [ RunTime:0.0050s ]
SQL: SELECT * FROM `tg_modules` WHERE ( moduleurl='Admins' )  [ RunTime:0.0010s ]

[ 2017-01-17T13:56:46+08:00 ] ::1 /SecondProject/TG/index.php/Admin/Admins/role.html
INFO: [ app_begin ] --START--
INFO: Run Behavior\ReadHtmlCacheBehavior [ RunTime:0.001000s ]
INFO: [ app_begin ] --END-- [ RunTime:0.004001s ]
NOTIC: [8] A session had already been started - ignoring session_start() D:\xampp\htdocs\SecondProject\ThinkPHP\Common\functions.php 第 1263 行.
SQL: SHOW COLUMNS FROM `tg_permission` [ RunTime:0.0110s ]
SQL: SELECT * FROM `tg_permission` WHERE `id` = 1 LIMIT 1   [ RunTime:0.0010s ]
SQL: SHOW COLUMNS FROM `tg_modules` [ RunTime:0.0100s ]
SQL: SELECT * FROM `tg_modules` WHERE ( moduleurl='Admins' )  [ RunTime:0.0010s ]

[ 2017-01-17T13:57:29+08:00 ] ::1 /SecondProject/TG/index.php/Admin/Admins/role.html
INFO: [ app_begin ] --START--
INFO: Run Behavior\ReadHtmlCacheBehavior [ RunTime:0.000000s ]
INFO: [ app_begin ] --END-- [ RunTime:0.001000s ]
NOTIC: [8] A session had already been started - ignoring session_start() D:\xampp\htdocs\SecondProject\ThinkPHP\Common\functions.php 第 1263 行.
SQL: SHOW COLUMNS FROM `tg_permission` [ RunTime:0.0040s ]
SQL: SELECT * FROM `tg_permission` WHERE `id` = 1 LIMIT 1   [ RunTime:0.0010s ]
SQL: SHOW COLUMNS FROM `tg_modules` [ RunTime:0.0050s ]
SQL: SELECT * FROM `tg_modules` WHERE ( moduleurl='Admins' )  [ RunTime:0.0010s ]

[ 2017-01-17T13:57:41+08:00 ] ::1 /SecondProject/TG/index.php/Admin/Admins/role.html
INFO: [ app_begin ] --START--
INFO: Run Behavior\ReadHtmlCacheBehavior [ RunTime:0.001000s ]
INFO: [ app_begin ] --END-- [ RunTime:0.001000s ]
NOTIC: [8] A session had already been started - ignoring session_start() D:\xampp\htdocs\SecondProject\ThinkPHP\Common\functions.php 第 1263 行.
SQL: SHOW COLUMNS FROM `tg_permission` [ RunTime:0.0060s ]
SQL: SELECT * FROM `tg_permission` WHERE `id` = 1 LIMIT 1   [ RunTime:0.0000s ]
SQL: SHOW COLUMNS FROM `tg_modules` [ RunTime:0.0060s ]
SQL: SELECT * FROM `tg_modules` WHERE ( moduleurl='Admins' )  [ RunTime:0.0010s ]
SQL: SELECT * FROM `tg_permission`  [ RunTime:0.0000s ]

[ 2017-01-17T13:57:46+08:00 ] ::1 /SecondProject/TG/index.php/Admin/Admins/role.html
INFO: [ app_begin ] --START--
INFO: Run Behavior\ReadHtmlCacheBehavior [ RunTime:0.003000s ]
INFO: [ app_begin ] --END-- [ RunTime:0.004000s ]
NOTIC: [8] A session had already been started - ignoring session_start() D:\xampp\htdocs\SecondProject\ThinkPHP\Common\functions.php 第 1263 行.
SQL: SHOW COLUMNS FROM `tg_permission` [ RunTime:0.0110s ]
SQL: SELECT * FROM `tg_permission` WHERE `id` = 1 LIMIT 1   [ RunTime:0.0010s ]
SQL: SHOW COLUMNS FROM `tg_modules` [ RunTime:0.0120s ]
SQL: SELECT * FROM `tg_modules` WHERE ( moduleurl='Admins' )  [ RunTime:0.0010s ]

[ 2017-01-17T13:58:27+08:00 ] ::1 /SecondProject/TG/index.php/Admin/Admins/role.html
INFO: [ app_begin ] --START--
INFO: Run Behavior\ReadHtmlCacheBehavior [ RunTime:0.002000s ]
INFO: [ app_begin ] --END-- [ RunTime:0.004000s ]
NOTIC: [8] A session had already been started - ignoring session_start() D:\xampp\htdocs\SecondProject\ThinkPHP\Common\functions.php 第 1263 行.
SQL: SHOW COLUMNS FROM `tg_permission` [ RunTime:0.0100s ]
SQL: SELECT * FROM `tg_permission` WHERE `id` = 1 LIMIT 1   [ RunTime:0.0010s ]
SQL: SHOW COLUMNS FROM `tg_modules` [ RunTime:0.0100s ]
SQL: SELECT * FROM `tg_modules` WHERE ( moduleurl='Admins' )  [ RunTime:0.0010s ]

[ 2017-01-17T13:59:11+08:00 ] ::1 /SecondProject/TG/index.php/Admin/Admins/role.html
INFO: [ app_begin ] --START--
INFO: Run Behavior\ReadHtmlCacheBehavior [ RunTime:0.001000s ]
INFO: [ app_begin ] --END-- [ RunTime:0.001000s ]
NOTIC: [8] A session had already been started - ignoring session_start() D:\xampp\htdocs\SecondProject\ThinkPHP\Common\functions.php 第 1263 行.
SQL: SHOW COLUMNS FROM `tg_permission` [ RunTime:0.0060s ]
SQL: SELECT * FROM `tg_permission` WHERE `id` = 1 LIMIT 1   [ RunTime:0.0000s ]
SQL: SHOW COLUMNS FROM `tg_modules` [ RunTime:0.0060s ]
SQL: SELECT * FROM `tg_modules` WHERE ( moduleurl='Admins' )  [ RunTime:0.0010s ]

[ 2017-01-17T13:59:47+08:00 ] ::1 /SecondProject/TG/index.php/Admin/Admins/role.html
INFO: [ app_begin ] --START--
INFO: Run Behavior\ReadHtmlCacheBehavior [ RunTime:0.002001s ]
INFO: [ app_begin ] --END-- [ RunTime:0.004001s ]
NOTIC: [8] A session had already been started - ignoring session_start() D:\xampp\htdocs\SecondProject\ThinkPHP\Common\functions.php 第 1263 行.
SQL: SHOW COLUMNS FROM `tg_permission` [ RunTime:0.0120s ]
SQL: SELECT * FROM `tg_permission` WHERE `id` = 1 LIMIT 1   [ RunTime:0.0010s ]
SQL: SHOW COLUMNS FROM `tg_modules` [ RunTime:0.0110s ]
SQL: SELECT * FROM `tg_modules` WHERE ( moduleurl='Admins' )  [ RunTime:0.0010s ]

[ 2017-01-17T13:59:59+08:00 ] ::1 /SecondProject/TG/index.php/Admin/Admins/lookAdmin.html?id=1&root=1
INFO: [ app_begin ] --START--
INFO: Run Behavior\ReadHtmlCacheBehavior [ RunTime:0.001000s ]
INFO: [ app_begin ] --END-- [ RunTime:0.003000s ]
NOTIC: [8] A session had already been started - ignoring session_start() D:\xampp\htdocs\SecondProject\ThinkPHP\Common\functions.php 第 1263 行.
SQL: SHOW COLUMNS FROM `tg_permission` [ RunTime:0.0100s ]
SQL: SELECT * FROM `tg_permission` WHERE `id` = 1 LIMIT 1   [ RunTime:0.0010s ]
SQL: SHOW COLUMNS FROM `tg_modules` [ RunTime:0.0110s ]
SQL: SELECT * FROM `tg_modules` WHERE ( moduleurl='Admins' )  [ RunTime:0.0010s ]
SQL: SELECT * FROM `tg_permission` WHERE `id` = 1 LIMIT 1   [ RunTime:0.0000s ]
SQL: SELECT * FROM `tg_modules`  [ RunTime:0.0010s ]

[ 2017-01-17T14:00:02+08:00 ] ::1 /SecondProject/TG/index.php/Admin/Admins/lookAdmin.html?id=2&root=1
INFO: [ app_begin ] --START--
INFO: Run Behavior\ReadHtmlCacheBehavior [ RunTime:0.002000s ]
INFO: [ app_begin ] --END-- [ RunTime:0.004000s ]
NOTIC: [8] A session had already been started - ignoring session_start() D:\xampp\htdocs\SecondProject\ThinkPHP\Common\functions.php 第 1263 行.
SQL: SHOW COLUMNS FROM `tg_permission` [ RunTime:0.0100s ]
SQL: SELECT * FROM `tg_permission` WHERE `id` = 1 LIMIT 1   [ RunTime:0.0010s ]
SQL: SHOW COLUMNS FROM `tg_modules` [ RunTime:0.0110s ]
SQL: SELECT * FROM `tg_modules` WHERE ( moduleurl='Admins' )  [ RunTime:0.0010s ]
SQL: SELECT * FROM `tg_permission` WHERE `id` = 1 LIMIT 1   [ RunTime:0.0010s ]
SQL: SELECT * FROM `tg_modules`  [ RunTime:0.0020s ]

[ 2017-01-17T14:00:05+08:00 ] ::1 /SecondProject/TG/index.php/Admin/Admins/delCheck.html
INFO: [ app_begin ] --START--
INFO: Run Behavior\ReadHtmlCacheBehavior [ RunTime:0.002000s ]
INFO: [ app_begin ] --END-- [ RunTime:0.003001s ]
NOTIC: [8] A session had already been started - ignoring session_start() D:\xampp\htdocs\SecondProject\ThinkPHP\Common\functions.php 第 1263 行.
SQL: SHOW COLUMNS FROM `tg_permission` [ RunTime:0.0100s ]
SQL: SELECT * FROM `tg_permission` WHERE `id` = 1 LIMIT 1   [ RunTime:0.0010s ]
SQL: SHOW COLUMNS FROM `tg_modules` [ RunTime:0.0100s ]
SQL: SELECT * FROM `tg_modules` WHERE ( moduleurl='Admins' )  [ RunTime:0.0010s ]

[ 2017-01-17T14:00:17+08:00 ] ::1 /SecondProject/TG/index.php/Admin/Admins/delCheck.html
INFO: [ app_begin ] --START--
INFO: Run Behavior\ReadHtmlCacheBehavior [ RunTime:0.001000s ]
INFO: [ app_begin ] --END-- [ RunTime:0.003000s ]
NOTIC: [8] A session had already been started - ignoring session_start() D:\xampp\htdocs\SecondProject\ThinkPHP\Common\functions.php 第 1263 行.
SQL: SHOW COLUMNS FROM `tg_permission` [ RunTime:0.0070s ]
SQL: SELECT * FROM `tg_permission` WHERE `id` = 1 LIMIT 1   [ RunTime:0.0000s ]
SQL: SHOW COLUMNS FROM `tg_modules` [ RunTime:0.0060s ]
SQL: SELECT * FROM `tg_modules` WHERE ( moduleurl='Admins' )  [ RunTime:0.0000s ]

[ 2017-01-17T14:00:22+08:00 ] ::1 /SecondProject/TG/index.php/Admin/Admins/delCheck.html
INFO: [ app_begin ] --START--
INFO: Run Behavior\ReadHtmlCacheBehavior [ RunTime:0.002000s ]
INFO: [ app_begin ] --END-- [ RunTime:0.004000s ]
NOTIC: [8] A session had already been started - ignoring session_start() D:\xampp\htdocs\SecondProject\ThinkPHP\Common\functions.php 第 1263 行.
SQL: SHOW COLUMNS FROM `tg_permission` [ RunTime:0.0100s ]
SQL: SELECT * FROM `tg_permission` WHERE `id` = 1 LIMIT 1   [ RunTime:0.0000s ]
SQL: SHOW COLUMNS FROM `tg_modules` [ RunTime:0.0090s ]
SQL: SELECT * FROM `tg_modules` WHERE ( moduleurl='Admins' )  [ RunTime:0.0010s ]

[ 2017-01-17T14:00:47+08:00 ] ::1 /SecondProject/TG/index.php/Admin/Admins/delCheck.html
INFO: [ app_begin ] --START--
INFO: Run Behavior\ReadHtmlCacheBehavior [ RunTime:0.003000s ]
INFO: [ app_begin ] --END-- [ RunTime:0.005000s ]
NOTIC: [8] A session had already been started - ignoring session_start() D:\xampp\htdocs\SecondProject\ThinkPHP\Common\functions.php 第 1263 行.
SQL: SHOW COLUMNS FROM `tg_permission` [ RunTime:0.0120s ]
SQL: SELECT * FROM `tg_permission` WHERE `id` = 1 LIMIT 1   [ RunTime:0.0010s ]
SQL: SHOW COLUMNS FROM `tg_modules` [ RunTime:0.0120s ]
SQL: SELECT * FROM `tg_modules` WHERE ( moduleurl='Admins' )  [ RunTime:0.0010s ]

[ 2017-01-17T14:14:55+08:00 ] ::1 /SecondProject/TG/index.php/Admin/Admins/lookAdmin.html?id=12&root=2
INFO: [ app_begin ] --START--
INFO: Run Behavior\ReadHtmlCacheBehavior [ RunTime:0.003000s ]
INFO: [ app_begin ] --END-- [ RunTime:0.004000s ]
NOTIC: [8] A session had already been started - ignoring session_start() D:\xampp\htdocs\SecondProject\ThinkPHP\Common\functions.php 第 1263 行.
SQL: SHOW COLUMNS FROM `tg_permission` [ RunTime:0.0100s ]
SQL: SELECT * FROM `tg_permission` WHERE `id` = 1 LIMIT 1   [ RunTime:0.0010s ]
SQL: SHOW COLUMNS FROM `tg_modules` [ RunTime:0.0110s ]
SQL: SELECT * FROM `tg_modules` WHERE ( moduleurl='Admins' )  [ RunTime:0.0010s ]
SQL: SELECT * FROM `tg_permission` WHERE `id` = 2 LIMIT 1   [ RunTime:0.0010s ]
SQL: SELECT * FROM `tg_modules`  [ RunTime:0.0010s ]

