[ 2017-01-14T15:56:26+08:00 ] ::1 /SecondProject/TG/index.php/Admin/Admins/role.html
INFO: [ app_begin ] --START--
INFO: Run Behavior\ReadHtmlCacheBehavior [ RunTime:0.004000s ]
INFO: [ app_begin ] --END-- [ RunTime:0.006000s ]
NOTIC: [8] A session had already been started - ignoring session_start() D:\xampp\htdocs\SecondProject\ThinkPHP\Common\functions.php 第 1263 行.
SQL: SHOW COLUMNS FROM `tg_permission` [ RunTime:0.0130s ]
SQL: SELECT * FROM `tg_permission` WHERE `id` = 1 LIMIT 1   [ RunTime:0.0020s ]
SQL: SHOW COLUMNS FROM `tg_modules` [ RunTime:0.0110s ]
SQL: SELECT * FROM `tg_modules` WHERE ( moduleurl='Admins' )  [ RunTime:0.0010s ]
SQL: SELECT * FROM `tg_permission`  [ RunTime:0.0010s ]

[ 2017-01-14T16:29:45+08:00 ] ::1 /SecondProject/TG/index.php/Admin/Admins/role.html
INFO: [ app_begin ] --START--
INFO: Run Behavior\ReadHtmlCacheBehavior [ RunTime:0.004000s ]
INFO: [ app_begin ] --END-- [ RunTime:0.009000s ]
NOTIC: [8] A session had already been started - ignoring session_start() D:\xampp\htdocs\SecondProject\ThinkPHP\Common\functions.php 第 1263 行.
SQL: SHOW COLUMNS FROM `tg_permission` [ RunTime:0.0110s ]
SQL: SELECT * FROM `tg_permission` WHERE `id` = 1 LIMIT 1   [ RunTime:0.0010s ]
SQL: SHOW COLUMNS FROM `tg_modules` [ RunTime:0.0100s ]
SQL: SELECT * FROM `tg_modules` WHERE ( moduleurl='Admins' )  [ RunTime:0.0010s ]
SQL: SELECT * FROM `tg_permission`  [ RunTime:0.0020s ]

[ 2017-01-14T21:48:00+08:00 ] ::1 /SecondProject/TG/index.php/Admin/Admins/role.html
INFO: [ app_begin ] --START--
INFO: Run Behavior\ReadHtmlCacheBehavior [ RunTime:0.001000s ]
INFO: [ app_begin ] --END-- [ RunTime:0.003000s ]
NOTIC: [8] A session had already been started - ignoring session_start() D:\xampp\htdocs\SecondProject\ThinkPHP\Common\functions.php 第 1263 行.
SQL: SHOW COLUMNS FROM `tg_permission` [ RunTime:0.0110s ]
SQL: SELECT * FROM `tg_permission` WHERE `id` = 1 LIMIT 1   [ RunTime:0.0010s ]
SQL: SHOW COLUMNS FROM `tg_modules` [ RunTime:0.0100s ]
SQL: SELECT * FROM `tg_modules` WHERE ( moduleurl='Admins' )  [ RunTime:0.0010s ]
SQL: SELECT * FROM `tg_permission`  [ RunTime:0.0010s ]

[ 2017-01-14T21:59:04+08:00 ] ::1 /SecondProject/TG/index.php/Admin/Admins/role.html
INFO: [ app_begin ] --START--
INFO: Run Behavior\ReadHtmlCacheBehavior [ RunTime:0.001000s ]
INFO: [ app_begin ] --END-- [ RunTime:0.003000s ]
NOTIC: [8] A session had already been started - ignoring session_start() D:\xampp\htdocs\SecondProject\ThinkPHP\Common\functions.php 第 1263 行.
SQL: SHOW COLUMNS FROM `tg_permission` [ RunTime:0.0160s ]
SQL: SELECT * FROM `tg_permission` WHERE `id` = 1 LIMIT 1   [ RunTime:0.0000s ]
SQL: SHOW COLUMNS FROM `tg_modules` [ RunTime:0.0110s ]
SQL: SELECT * FROM `tg_modules` WHERE ( moduleurl='Admins' )  [ RunTime:0.0010s ]
SQL: SELECT * FROM `tg_permission`  [ RunTime:0.0010s ]

[ 2017-01-14T21:59:20+08:00 ] ::1 /SecondProject/TG/index.php/Admin/Admins/role.html
INFO: [ app_begin ] --START--
INFO: Run Behavior\ReadHtmlCacheBehavior [ RunTime:0.001000s ]
INFO: [ app_begin ] --END-- [ RunTime:0.001000s ]
NOTIC: [8] A session had already been started - ignoring session_start() D:\xampp\htdocs\SecondProject\ThinkPHP\Common\functions.php 第 1263 行.
SQL: SHOW COLUMNS FROM `tg_permission` [ RunTime:0.0070s ]
SQL: SELECT * FROM `tg_permission` WHERE `id` = 1 LIMIT 1   [ RunTime:0.0000s ]
SQL: SHOW COLUMNS FROM `tg_modules` [ RunTime:0.0050s ]
SQL: SELECT * FROM `tg_modules` WHERE ( moduleurl='Admins' )  [ RunTime:0.0010s ]

[ 2017-01-14T21:59:28+08:00 ] ::1 /SecondProject/TG/index.php/Admin/Admins/role.html
INFO: [ app_begin ] --START--
INFO: Run Behavior\ReadHtmlCacheBehavior [ RunTime:0.002000s ]
INFO: [ app_begin ] --END-- [ RunTime:0.003000s ]
NOTIC: [8] A session had already been started - ignoring session_start() D:\xampp\htdocs\SecondProject\ThinkPHP\Common\functions.php 第 1263 行.
SQL: SHOW COLUMNS FROM `tg_permission` [ RunTime:0.0100s ]
SQL: SELECT * FROM `tg_permission` WHERE `id` = 1 LIMIT 1   [ RunTime:0.0010s ]
SQL: SHOW COLUMNS FROM `tg_modules` [ RunTime:0.0110s ]
SQL: SELECT * FROM `tg_modules` WHERE ( moduleurl='Admins' )  [ RunTime:0.0010s ]

[ 2017-01-14T22:00:18+08:00 ] ::1 /SecondProject/TG/index.php/Admin/Admins/role.html
INFO: [ app_begin ] --START--
INFO: Run Behavior\ReadHtmlCacheBehavior [ RunTime:0.001000s ]
INFO: [ app_begin ] --END-- [ RunTime:0.002000s ]
NOTIC: [8] A session had already been started - ignoring session_start() D:\xampp\htdocs\SecondProject\ThinkPHP\Common\functions.php 第 1263 行.
SQL: SHOW COLUMNS FROM `tg_permission` [ RunTime:0.0050s ]
SQL: SELECT * FROM `tg_permission` WHERE `id` = 1 LIMIT 1   [ RunTime:0.0000s ]
SQL: SHOW COLUMNS FROM `tg_modules` [ RunTime:0.0050s ]
SQL: SELECT * FROM `tg_modules` WHERE ( moduleurl='Admins' )  [ RunTime:0.0010s ]

[ 2017-01-14T22:00:28+08:00 ] ::1 /SecondProject/TG/index.php/Admin/Admins/role.html
INFO: [ app_begin ] --START--
INFO: Run Behavior\ReadHtmlCacheBehavior [ RunTime:0.002001s ]
INFO: [ app_begin ] --END-- [ RunTime:0.003001s ]
NOTIC: [8] A session had already been started - ignoring session_start() D:\xampp\htdocs\SecondProject\ThinkPHP\Common\functions.php 第 1263 行.
SQL: SHOW COLUMNS FROM `tg_permission` [ RunTime:0.0100s ]
SQL: SELECT * FROM `tg_permission` WHERE `id` = 1 LIMIT 1   [ RunTime:0.0010s ]
SQL: SHOW COLUMNS FROM `tg_modules` [ RunTime:0.0100s ]
SQL: SELECT * FROM `tg_modules` WHERE ( moduleurl='Admins' )  [ RunTime:0.0010s ]

[ 2017-01-14T22:05:20+08:00 ] ::1 /SecondProject/TG/index.php/Admin/Admins/role.html
INFO: [ app_begin ] --START--
INFO: Run Behavior\ReadHtmlCacheBehavior [ RunTime:0.001000s ]
INFO: [ app_begin ] --END-- [ RunTime:0.001000s ]
NOTIC: [8] A session had already been started - ignoring session_start() D:\xampp\htdocs\SecondProject\ThinkPHP\Common\functions.php 第 1263 行.
SQL: SHOW COLUMNS FROM `tg_permission` [ RunTime:0.0080s ]
SQL: SELECT * FROM `tg_permission` WHERE `id` = 1 LIMIT 1   [ RunTime:0.0010s ]
SQL: SHOW COLUMNS FROM `tg_modules` [ RunTime:0.0080s ]
SQL: SELECT * FROM `tg_modules` WHERE ( moduleurl='Admins' )  [ RunTime:0.0010s ]

[ 2017-01-14T22:05:28+08:00 ] ::1 /SecondProject/TG/index.php/Admin/Admins/role.html
INFO: [ app_begin ] --START--
INFO: Run Behavior\ReadHtmlCacheBehavior [ RunTime:0.003000s ]
INFO: [ app_begin ] --END-- [ RunTime:0.005000s ]
NOTIC: [8] A session had already been started - ignoring session_start() D:\xampp\htdocs\SecondProject\ThinkPHP\Common\functions.php 第 1263 行.
SQL: SHOW COLUMNS FROM `tg_permission` [ RunTime:0.0110s ]
SQL: SELECT * FROM `tg_permission` WHERE `id` = 1 LIMIT 1   [ RunTime:0.0020s ]
SQL: SHOW COLUMNS FROM `tg_modules` [ RunTime:0.0400s ]
SQL: SELECT * FROM `tg_modules` WHERE ( moduleurl='Admins' )  [ RunTime:0.0010s ]

[ 2017-01-14T22:05:35+08:00 ] ::1 /SecondProject/TG/index.php/Admin/Admins/role.html
INFO: [ app_begin ] --START--
INFO: Run Behavior\ReadHtmlCacheBehavior [ RunTime:0.002000s ]
INFO: [ app_begin ] --END-- [ RunTime:0.004000s ]
NOTIC: [8] A session had already been started - ignoring session_start() D:\xampp\htdocs\SecondProject\ThinkPHP\Common\functions.php 第 1263 行.
SQL: SHOW COLUMNS FROM `tg_permission` [ RunTime:0.0120s ]
SQL: SELECT * FROM `tg_permission` WHERE `id` = 1 LIMIT 1   [ RunTime:0.0010s ]
SQL: SHOW COLUMNS FROM `tg_modules` [ RunTime:0.0100s ]
SQL: SELECT * FROM `tg_modules` WHERE ( moduleurl='Admins' )  [ RunTime:0.0010s ]

[ 2017-01-14T22:07:13+08:00 ] ::1 /SecondProject/TG/index.php/Admin/Admins/role.html
INFO: [ app_begin ] --START--
INFO: Run Behavior\ReadHtmlCacheBehavior [ RunTime:0.002000s ]
INFO: [ app_begin ] --END-- [ RunTime:0.005000s ]
NOTIC: [8] A session had already been started - ignoring session_start() D:\xampp\htdocs\SecondProject\ThinkPHP\Common\functions.php 第 1263 行.
SQL: SHOW COLUMNS FROM `tg_permission` [ RunTime:0.0060s ]
SQL: SELECT * FROM `tg_permission` WHERE `id` = 1 LIMIT 1   [ RunTime:0.0010s ]
SQL: SHOW COLUMNS FROM `tg_modules` [ RunTime:0.0060s ]
SQL: SELECT * FROM `tg_modules` WHERE ( moduleurl='Admins' )  [ RunTime:0.0000s ]
SQL: SELECT * FROM `tg_permission`  [ RunTime:0.0000s ]

[ 2017-01-14T22:07:16+08:00 ] ::1 /SecondProject/TG/index.php/Admin/Admins/role.html
INFO: [ app_begin ] --START--
INFO: Run Behavior\ReadHtmlCacheBehavior [ RunTime:0.006000s ]
INFO: [ app_begin ] --END-- [ RunTime:0.008000s ]
NOTIC: [8] A session had already been started - ignoring session_start() D:\xampp\htdocs\SecondProject\ThinkPHP\Common\functions.php 第 1263 行.
SQL: SHOW COLUMNS FROM `tg_permission` [ RunTime:0.0110s ]
SQL: SELECT * FROM `tg_permission` WHERE `id` = 1 LIMIT 1   [ RunTime:0.1250s ]
SQL: SHOW COLUMNS FROM `tg_modules` [ RunTime:0.0130s ]
SQL: SELECT * FROM `tg_modules` WHERE ( moduleurl='Admins' )  [ RunTime:0.0020s ]

[ 2017-01-14T22:07:24+08:00 ] ::1 /SecondProject/TG/index.php/Admin/Admins/role.html
INFO: [ app_begin ] --START--
INFO: Run Behavior\ReadHtmlCacheBehavior [ RunTime:0.005001s ]
INFO: [ app_begin ] --END-- [ RunTime:0.008001s ]
NOTIC: [8] A session had already been started - ignoring session_start() D:\xampp\htdocs\SecondProject\ThinkPHP\Common\functions.php 第 1263 行.
SQL: SHOW COLUMNS FROM `tg_permission` [ RunTime:0.0100s ]
SQL: SELECT * FROM `tg_permission` WHERE `id` = 1 LIMIT 1   [ RunTime:0.0010s ]
SQL: SHOW COLUMNS FROM `tg_modules` [ RunTime:0.0100s ]
SQL: SELECT * FROM `tg_modules` WHERE ( moduleurl='Admins' )  [ RunTime:0.0010s ]
SQL: SELECT * FROM `tg_permission`  [ RunTime:0.0010s ]

[ 2017-01-14T22:07:27+08:00 ] ::1 /SecondProject/TG/index.php/Admin/Admins/role.html
INFO: [ app_begin ] --START--
INFO: Run Behavior\ReadHtmlCacheBehavior [ RunTime:0.003000s ]
INFO: [ app_begin ] --END-- [ RunTime:0.004000s ]
NOTIC: [8] A session had already been started - ignoring session_start() D:\xampp\htdocs\SecondProject\ThinkPHP\Common\functions.php 第 1263 行.
SQL: SHOW COLUMNS FROM `tg_permission` [ RunTime:0.0100s ]
SQL: SELECT * FROM `tg_permission` WHERE `id` = 1 LIMIT 1   [ RunTime:0.0010s ]
SQL: SHOW COLUMNS FROM `tg_modules` [ RunTime:0.0650s ]
SQL: SELECT * FROM `tg_modules` WHERE ( moduleurl='Admins' )  [ RunTime:0.0010s ]

[ 2017-01-14T22:09:24+08:00 ] ::1 /SecondProject/TG/index.php/Admin/Admins/role.html
INFO: [ app_begin ] --START--
INFO: Run Behavior\ReadHtmlCacheBehavior [ RunTime:0.001000s ]
INFO: [ app_begin ] --END-- [ RunTime:0.003000s ]
NOTIC: [8] A session had already been started - ignoring session_start() D:\xampp\htdocs\SecondProject\ThinkPHP\Common\functions.php 第 1263 行.
SQL: SHOW COLUMNS FROM `tg_permission` [ RunTime:0.0130s ]
SQL: SELECT * FROM `tg_permission` WHERE `id` = 1 LIMIT 1   [ RunTime:0.0010s ]
SQL: SHOW COLUMNS FROM `tg_modules` [ RunTime:0.0070s ]
SQL: SELECT * FROM `tg_modules` WHERE ( moduleurl='Admins' )  [ RunTime:0.0010s ]

[ 2017-01-14T22:21:40+08:00 ] ::1 /SecondProject/TG/index.php/Admin/Admins/role.html
INFO: [ app_begin ] --START--
INFO: Run Behavior\ReadHtmlCacheBehavior [ RunTime:0.002000s ]
INFO: [ app_begin ] --END-- [ RunTime:0.004000s ]
NOTIC: [8] A session had already been started - ignoring session_start() D:\xampp\htdocs\SecondProject\ThinkPHP\Common\functions.php 第 1263 行.
SQL: SHOW COLUMNS FROM `tg_permission` [ RunTime:0.0110s ]
SQL: SELECT * FROM `tg_permission` WHERE `id` = 1 LIMIT 1   [ RunTime:0.0020s ]
SQL: SHOW COLUMNS FROM `tg_modules` [ RunTime:0.0110s ]
SQL: SELECT * FROM `tg_modules` WHERE ( moduleurl='Admins' )  [ RunTime:0.0010s ]

[ 2017-01-14T22:21:43+08:00 ] ::1 /SecondProject/TG/index.php/Admin/Admins/role.html
INFO: [ app_begin ] --START--
INFO: Run Behavior\ReadHtmlCacheBehavior [ RunTime:0.001000s ]
INFO: [ app_begin ] --END-- [ RunTime:0.003000s ]
NOTIC: [8] A session had already been started - ignoring session_start() D:\xampp\htdocs\SecondProject\ThinkPHP\Common\functions.php 第 1263 行.
SQL: SHOW COLUMNS FROM `tg_permission` [ RunTime:0.0090s ]
SQL: SELECT * FROM `tg_permission` WHERE `id` = 1 LIMIT 1   [ RunTime:0.0010s ]
SQL: SHOW COLUMNS FROM `tg_modules` [ RunTime:0.0100s ]
SQL: SELECT * FROM `tg_modules` WHERE ( moduleurl='Admins' )  [ RunTime:0.0010s ]
SQL: SELECT * FROM `tg_permission`  [ RunTime:0.0010s ]

[ 2017-01-14T22:21:51+08:00 ] ::1 /SecondProject/TG/index.php/Admin/Admins/role.html
INFO: [ app_begin ] --START--
INFO: Run Behavior\ReadHtmlCacheBehavior [ RunTime:0.002000s ]
INFO: [ app_begin ] --END-- [ RunTime:0.004001s ]
NOTIC: [8] A session had already been started - ignoring session_start() D:\xampp\htdocs\SecondProject\ThinkPHP\Common\functions.php 第 1263 行.
SQL: SHOW COLUMNS FROM `tg_permission` [ RunTime:0.0110s ]
SQL: SELECT * FROM `tg_permission` WHERE `id` = 1 LIMIT 1   [ RunTime:0.0010s ]
SQL: SHOW COLUMNS FROM `tg_modules` [ RunTime:0.0100s ]
SQL: SELECT * FROM `tg_modules` WHERE ( moduleurl='Admins' )  [ RunTime:0.0010s ]
SQL: SELECT * FROM `tg_permission`  [ RunTime:0.0010s ]

[ 2017-01-14T22:26:20+08:00 ] ::1 /SecondProject/TG/index.php/Admin/Admins/role.html
INFO: [ app_begin ] --START--
INFO: Run Behavior\ReadHtmlCacheBehavior [ RunTime:0.001000s ]
INFO: [ app_begin ] --END-- [ RunTime:0.002000s ]
NOTIC: [8] A session had already been started - ignoring session_start() D:\xampp\htdocs\SecondProject\ThinkPHP\Common\functions.php 第 1263 行.
SQL: SHOW COLUMNS FROM `tg_permission` [ RunTime:0.0060s ]
SQL: SELECT * FROM `tg_permission` WHERE `id` = 1 LIMIT 1   [ RunTime:0.0010s ]
SQL: SHOW COLUMNS FROM `tg_modules` [ RunTime:0.0050s ]
SQL: SELECT * FROM `tg_modules` WHERE ( moduleurl='Admins' )  [ RunTime:0.0000s ]

[ 2017-01-14T22:26:23+08:00 ] ::1 /SecondProject/TG/index.php/Admin/Admins/role.html
INFO: [ app_begin ] --START--
INFO: Run Behavior\ReadHtmlCacheBehavior [ RunTime:0.001000s ]
INFO: [ app_begin ] --END-- [ RunTime:0.001000s ]
NOTIC: [8] A session had already been started - ignoring session_start() D:\xampp\htdocs\SecondProject\ThinkPHP\Common\functions.php 第 1263 行.
SQL: SHOW COLUMNS FROM `tg_permission` [ RunTime:0.0050s ]
SQL: SELECT * FROM `tg_permission` WHERE `id` = 1 LIMIT 1   [ RunTime:0.0010s ]
SQL: SHOW COLUMNS FROM `tg_modules` [ RunTime:0.0050s ]
SQL: SELECT * FROM `tg_modules` WHERE ( moduleurl='Admins' )  [ RunTime:0.0010s ]
SQL: SELECT * FROM `tg_permission`  [ RunTime:0.0000s ]

[ 2017-01-14T22:26:26+08:00 ] ::1 /SecondProject/TG/index.php/Admin/Admins/role.html
INFO: [ app_begin ] --START--
INFO: Run Behavior\ReadHtmlCacheBehavior [ RunTime:0.002000s ]
INFO: [ app_begin ] --END-- [ RunTime:0.003000s ]
NOTIC: [8] A session had already been started - ignoring session_start() D:\xampp\htdocs\SecondProject\ThinkPHP\Common\functions.php 第 1263 行.
SQL: SHOW COLUMNS FROM `tg_permission` [ RunTime:0.0100s ]
SQL: SELECT * FROM `tg_permission` WHERE `id` = 1 LIMIT 1   [ RunTime:0.0010s ]
SQL: SHOW COLUMNS FROM `tg_modules` [ RunTime:0.0100s ]
SQL: SELECT * FROM `tg_modules` WHERE ( moduleurl='Admins' )  [ RunTime:0.0010s ]

[ 2017-01-14T22:29:45+08:00 ] ::1 /SecondProject/TG/index.php/Admin/Admins/role.html
INFO: [ app_begin ] --START--
INFO: Run Behavior\ReadHtmlCacheBehavior [ RunTime:0.003000s ]
INFO: [ app_begin ] --END-- [ RunTime:0.004000s ]
NOTIC: [8] A session had already been started - ignoring session_start() D:\xampp\htdocs\SecondProject\ThinkPHP\Common\functions.php 第 1263 行.
SQL: SHOW COLUMNS FROM `tg_permission` [ RunTime:0.0100s ]
SQL: SELECT * FROM `tg_permission` WHERE `id` = 1 LIMIT 1   [ RunTime:0.0010s ]
SQL: SHOW COLUMNS FROM `tg_modules` [ RunTime:0.0110s ]
SQL: SELECT * FROM `tg_modules` WHERE ( moduleurl='Admins' )  [ RunTime:0.0010s ]

[ 2017-01-14T22:29:49+08:00 ] ::1 /SecondProject/TG/index.php/Admin/Admins/role.html
INFO: [ app_begin ] --START--
INFO: Run Behavior\ReadHtmlCacheBehavior [ RunTime:0.002000s ]
INFO: [ app_begin ] --END-- [ RunTime:0.003000s ]
NOTIC: [8] A session had already been started - ignoring session_start() D:\xampp\htdocs\SecondProject\ThinkPHP\Common\functions.php 第 1263 行.
SQL: SHOW COLUMNS FROM `tg_permission` [ RunTime:0.0090s ]
SQL: SELECT * FROM `tg_permission` WHERE `id` = 1 LIMIT 1   [ RunTime:0.0030s ]
SQL: SHOW COLUMNS FROM `tg_modules` [ RunTime:0.0060s ]
SQL: SELECT * FROM `tg_modules` WHERE ( moduleurl='Admins' )  [ RunTime:0.0040s ]
SQL: SELECT * FROM `tg_permission`  [ RunTime:0.0010s ]

