[ 2017-01-13T09:38:56+08:00 ] ::1 /SecondProject/TG/index.php/Admin/Users/Index.html
ERR: 模板不存在:./Apps/Admin/View/Users/Index.html

[ 2017-01-13T09:39:24+08:00 ] ::1 /SecondProject/TG/index.php/Admin/Users/Index.html
ERR: 模板不存在:./Apps/Admin/View/Users/Index.html

[ 2017-01-13T09:53:12+08:00 ] ::1 /SecondProject/TG/index.php/Admin/Admins/Index.html
ERR: syntax error, unexpected '"', expecting ',' or ';'

[ 2017-01-13T14:42:44+08:00 ] ::1 /SecondProject/TG/index.php/Admin/Users/index.html
ERR: syntax error, unexpected ')'

[ 2017-01-13T16:11:34+08:00 ] ::1 /SecondProject/TG/index.php/Admin/Admins/edit/id/1.html
INFO: [ app_begin ] --START--
INFO: Run Behavior\ReadHtmlCacheBehavior [ RunTime:0.002000s ]
INFO: [ app_begin ] --END-- [ RunTime:0.003001s ]
NOTIC: [8] A session had already been started - ignoring session_start() D:\xampp\htdocs\SecondProject\ThinkPHP\Common\functions.php 第 1263 行.
SQL: SHOW COLUMNS FROM `tg_permission` [ RunTime:0.0180s ]
SQL: SELECT * FROM `tg_permission` WHERE `id` = 3 LIMIT 1   [ RunTime:0.0010s ]
SQL: SHOW COLUMNS FROM `tg_modules` [ RunTime:0.0180s ]
SQL: SELECT * FROM `tg_modules` WHERE ( moduleurl='Admins' )  [ RunTime:0.0110s ]
SQL: SHOW COLUMNS FROM `tg_admins` [ RunTime:0.0130s ]
SQL: SELECT * FROM `tg_admins` WHERE `id` = 1 LIMIT 1   [ RunTime:0.0150s ]
SQL: SELECT * FROM `tg_permission`  [ RunTime:0.0010s ]
SQL: SELECT * FROM `tg_admins` WHERE `id` = 1 LIMIT 1   [ RunTime:0.0010s ]
INFO: [ view_parse ] --START--
INFO: [ template_filter ] --START--
INFO: Run Behavior\ContentReplaceBehavior [ RunTime:0.000000s ]
INFO: [ template_filter ] --END-- [ RunTime:0.000000s ]
NOTIC: [8] Undefined variable: permission D:\xampp\htdocs\SecondProject\TG\Runtime\Cache\Admin\e2a7fa030078dbc21006575ecfe68162.php 第 48 行.
INFO: Run Behavior\ParseTemplateBehavior [ RunTime:0.027002s ]
INFO: [ view_parse ] --END-- [ RunTime:0.027002s ]
INFO: [ view_filter ] --START--
INFO: Run Behavior\WriteHtmlCacheBehavior [ RunTime:0.001000s ]
INFO: [ view_filter ] --END-- [ RunTime:0.001000s ]
INFO: [ app_end ] --START--
INFO: Run Behavior\ShowPageTraceBehavior [ RunTime:0.001000s ]
INFO: [ app_end ] --END-- [ RunTime:0.001000s ]

[ 2017-01-13T16:11:43+08:00 ] ::1 /SecondProject/TG/index.php/Admin/Admins/edit/id/1.html
INFO: [ app_begin ] --START--
INFO: Run Behavior\ReadHtmlCacheBehavior [ RunTime:0.003001s ]
INFO: [ app_begin ] --END-- [ RunTime:0.005001s ]
NOTIC: [8] A session had already been started - ignoring session_start() D:\xampp\htdocs\SecondProject\ThinkPHP\Common\functions.php 第 1263 行.
SQL: SHOW COLUMNS FROM `tg_permission` [ RunTime:0.0270s ]
SQL: SELECT * FROM `tg_permission` WHERE `id` = 3 LIMIT 1   [ RunTime:0.0010s ]
SQL: SHOW COLUMNS FROM `tg_modules` [ RunTime:0.0190s ]
SQL: SELECT * FROM `tg_modules` WHERE ( moduleurl='Admins' )  [ RunTime:0.0010s ]
SQL: SHOW COLUMNS FROM `tg_admins` [ RunTime:0.0200s ]
SQL: SELECT * FROM `tg_admins` WHERE `id` = 1 LIMIT 1   [ RunTime:0.0010s ]
SQL: SELECT * FROM `tg_permission`  [ RunTime:0.0010s ]
SQL: SELECT * FROM `tg_admins` WHERE `id` = 1 LIMIT 1   [ RunTime:0.0010s ]
INFO: [ view_parse ] --START--
INFO: [ template_filter ] --START--
INFO: Run Behavior\ContentReplaceBehavior [ RunTime:0.000000s ]
INFO: [ template_filter ] --END-- [ RunTime:0.000000s ]
NOTIC: [8] Undefined variable: permission D:\xampp\htdocs\SecondProject\TG\Runtime\Cache\Admin\e2a7fa030078dbc21006575ecfe68162.php 第 48 行.
INFO: Run Behavior\ParseTemplateBehavior [ RunTime:0.096006s ]
INFO: [ view_parse ] --END-- [ RunTime:0.096006s ]
INFO: [ view_filter ] --START--
INFO: Run Behavior\WriteHtmlCacheBehavior [ RunTime:0.005000s ]
INFO: [ view_filter ] --END-- [ RunTime:0.005000s ]
INFO: [ app_end ] --START--
INFO: Run Behavior\ShowPageTraceBehavior [ RunTime:0.001000s ]
INFO: [ app_end ] --END-- [ RunTime:0.001000s ]

[ 2017-01-13T16:55:08+08:00 ] ::1 /SecondProject/TG/index.php/Admin/Admins/Index.html
ERR: syntax error, unexpected '";' (T_CONSTANT_ENCAPSED_STRING), expecting ',' or ';'

[ 2017-01-13T17:30:37+08:00 ] ::1 /SecondProject/TG/index.php/Admin/Admins/Index.html
ERR: syntax error, unexpected ';'

[ 2017-01-13T19:16:52+08:00 ] ::1 /SecondProject/TG/index.php/Admin/Admins/Index.html
ERR: syntax error, unexpected ';'

[ 2017-01-13T19:27:01+08:00 ] ::1 /SecondProject/TG/index.php/Admin/Admins/Index.html
ERR: Call to a member function field() on null

[ 2017-01-13T19:29:28+08:00 ] ::1 /SecondProject/TG/index.php/Admin/Admins/role.html
INFO: [ app_begin ] --START--
INFO: Run Behavior\ReadHtmlCacheBehavior [ RunTime:0.000000s ]
INFO: [ app_begin ] --END-- [ RunTime:0.001000s ]
NOTIC: [8] A session had already been started - ignoring session_start() D:\xampp\htdocs\SecondProject\ThinkPHP\Common\functions.php 第 1263 行.
SQL: SHOW COLUMNS FROM `tg_permission` [ RunTime:0.0060s ]
SQL: SELECT * FROM `tg_permission` WHERE `id` = 3 LIMIT 1   [ RunTime:0.0010s ]
SQL: SHOW COLUMNS FROM `tg_modules` [ RunTime:0.0050s ]
SQL: SELECT * FROM `tg_modules` WHERE ( moduleurl='Admins' )  [ RunTime:0.0000s ]
SQL: SELECT * FROM `tg_permission`  [ RunTime:0.0010s ]
NOTIC: [8] Use of undefined constant flase - assumed 'flase' D:\xampp\htdocs\SecondProject\TG\Apps\Admin\Controller\AdminsController.class.php 第 37 行.
NOTIC: [8] Use of undefined constant flase - assumed 'flase' D:\xampp\htdocs\SecondProject\TG\Apps\Admin\Controller\AdminsController.class.php 第 37 行.

[ 2017-01-13T19:30:41+08:00 ] ::1 /SecondProject/TG/index.php/Admin/Admins/role.html
INFO: [ app_begin ] --START--
INFO: Run Behavior\ReadHtmlCacheBehavior [ RunTime:0.002000s ]
INFO: [ app_begin ] --END-- [ RunTime:0.003000s ]
NOTIC: [8] A session had already been started - ignoring session_start() D:\xampp\htdocs\SecondProject\ThinkPHP\Common\functions.php 第 1263 行.
SQL: SHOW COLUMNS FROM `tg_permission` [ RunTime:0.0180s ]
SQL: SELECT * FROM `tg_permission` WHERE `id` = 3 LIMIT 1   [ RunTime:0.0040s ]
SQL: SHOW COLUMNS FROM `tg_modules` [ RunTime:0.0080s ]
SQL: SELECT * FROM `tg_modules` WHERE ( moduleurl='Admins' )  [ RunTime:0.0010s ]

[ 2017-01-13T19:31:30+08:00 ] ::1 /SecondProject/TG/index.php/Admin/Admins/role.html
INFO: [ app_begin ] --START--
INFO: Run Behavior\ReadHtmlCacheBehavior [ RunTime:0.002000s ]
INFO: [ app_begin ] --END-- [ RunTime:0.004000s ]
NOTIC: [8] A session had already been started - ignoring session_start() D:\xampp\htdocs\SecondProject\ThinkPHP\Common\functions.php 第 1263 行.
SQL: SHOW COLUMNS FROM `tg_permission` [ RunTime:0.0180s ]
SQL: SELECT * FROM `tg_permission` WHERE `id` = 3 LIMIT 1   [ RunTime:0.0010s ]
SQL: SHOW COLUMNS FROM `tg_modules` [ RunTime:0.0180s ]
SQL: SELECT * FROM `tg_modules` WHERE ( moduleurl='Admins' )  [ RunTime:0.0050s ]

[ 2017-01-13T19:33:01+08:00 ] ::1 /SecondProject/TG/index.php/Admin/Admins/role.html
INFO: [ app_begin ] --START--
INFO: Run Behavior\ReadHtmlCacheBehavior [ RunTime:0.001000s ]
INFO: [ app_begin ] --END-- [ RunTime:0.001000s ]
NOTIC: [8] A session had already been started - ignoring session_start() D:\xampp\htdocs\SecondProject\ThinkPHP\Common\functions.php 第 1263 行.
SQL: SHOW COLUMNS FROM `tg_permission` [ RunTime:0.0080s ]
SQL: SELECT * FROM `tg_permission` WHERE `id` = 3 LIMIT 1   [ RunTime:0.0010s ]
SQL: SHOW COLUMNS FROM `tg_modules` [ RunTime:0.0110s ]
SQL: SELECT * FROM `tg_modules` WHERE ( moduleurl='Admins' )  [ RunTime:0.0010s ]
SQL: SELECT * FROM `tg_permission`  [ RunTime:0.0010s ]
NOTIC: [8] Use of undefined constant flase - assumed 'flase' D:\xampp\htdocs\SecondProject\TG\Apps\Admin\Controller\AdminsController.class.php 第 38 行.
NOTIC: [8] Use of undefined constant flase - assumed 'flase' D:\xampp\htdocs\SecondProject\TG\Apps\Admin\Controller\AdminsController.class.php 第 38 行.

[ 2017-01-13T19:35:37+08:00 ] ::1 /SecondProject/TG/index.php/Admin/Admins/role.html
INFO: [ app_begin ] --START--
INFO: Run Behavior\ReadHtmlCacheBehavior [ RunTime:0.002000s ]
INFO: [ app_begin ] --END-- [ RunTime:0.003000s ]
NOTIC: [8] A session had already been started - ignoring session_start() D:\xampp\htdocs\SecondProject\ThinkPHP\Common\functions.php 第 1263 行.
SQL: SHOW COLUMNS FROM `tg_permission` [ RunTime:0.0080s ]
SQL: SELECT * FROM `tg_permission` WHERE `id` = 3 LIMIT 1   [ RunTime:0.0010s ]
SQL: SHOW COLUMNS FROM `tg_modules` [ RunTime:0.0080s ]
SQL: SELECT * FROM `tg_modules` WHERE ( moduleurl='Admins' )  [ RunTime:0.0010s ]
SQL: SELECT * FROM `tg_permission`  [ RunTime:0.0010s ]
NOTIC: [8] Use of undefined constant flase - assumed 'flase' D:\xampp\htdocs\SecondProject\TG\Apps\Admin\Controller\AdminsController.class.php 第 38 行.
NOTIC: [8] Use of undefined constant flase - assumed 'flase' D:\xampp\htdocs\SecondProject\TG\Apps\Admin\Controller\AdminsController.class.php 第 38 行.

[ 2017-01-13T19:35:41+08:00 ] ::1 /SecondProject/TG/index.php/Admin/Admins/role.html
INFO: [ app_begin ] --START--
INFO: Run Behavior\ReadHtmlCacheBehavior [ RunTime:0.000000s ]
INFO: [ app_begin ] --END-- [ RunTime:0.001000s ]
NOTIC: [8] A session had already been started - ignoring session_start() D:\xampp\htdocs\SecondProject\ThinkPHP\Common\functions.php 第 1263 行.
SQL: SHOW COLUMNS FROM `tg_permission` [ RunTime:0.0050s ]
SQL: SELECT * FROM `tg_permission` WHERE `id` = 3 LIMIT 1   [ RunTime:0.0000s ]
SQL: SHOW COLUMNS FROM `tg_modules` [ RunTime:0.0060s ]
SQL: SELECT * FROM `tg_modules` WHERE ( moduleurl='Admins' )  [ RunTime:0.0000s ]
SQL: SELECT * FROM `tg_permission`  [ RunTime:0.0000s ]
NOTIC: [8] Use of undefined constant flase - assumed 'flase' D:\xampp\htdocs\SecondProject\TG\Apps\Admin\Controller\AdminsController.class.php 第 38 行.
NOTIC: [8] Use of undefined constant flase - assumed 'flase' D:\xampp\htdocs\SecondProject\TG\Apps\Admin\Controller\AdminsController.class.php 第 38 行.

[ 2017-01-13T19:40:39+08:00 ] ::1 /SecondProject/TG/index.php/Admin/Admins/role.html
INFO: [ app_begin ] --START--
INFO: Run Behavior\ReadHtmlCacheBehavior [ RunTime:0.002001s ]
INFO: [ app_begin ] --END-- [ RunTime:0.003001s ]
NOTIC: [8] A session had already been started - ignoring session_start() D:\xampp\htdocs\SecondProject\ThinkPHP\Common\functions.php 第 1263 行.
SQL: SHOW COLUMNS FROM `tg_permission` [ RunTime:0.0090s ]
SQL: SELECT * FROM `tg_permission` WHERE `id` = 3 LIMIT 1   [ RunTime:0.0000s ]
SQL: SHOW COLUMNS FROM `tg_modules` [ RunTime:0.0090s ]
SQL: SELECT * FROM `tg_modules` WHERE ( moduleurl='Admins' )  [ RunTime:0.0000s ]
SQL: SELECT * FROM `tg_permission`  [ RunTime:0.0000s ]
NOTIC: [8] Use of undefined constant flase - assumed 'flase' D:\xampp\htdocs\SecondProject\TG\Apps\Admin\Controller\AdminsController.class.php 第 38 行.
NOTIC: [8] Use of undefined constant flase - assumed 'flase' D:\xampp\htdocs\SecondProject\TG\Apps\Admin\Controller\AdminsController.class.php 第 38 行.

[ 2017-01-13T19:40:42+08:00 ] ::1 /SecondProject/TG/index.php/Admin/Admins/role.html
INFO: [ app_begin ] --START--
INFO: Run Behavior\ReadHtmlCacheBehavior [ RunTime:0.000000s ]
INFO: [ app_begin ] --END-- [ RunTime:0.001000s ]
NOTIC: [8] A session had already been started - ignoring session_start() D:\xampp\htdocs\SecondProject\ThinkPHP\Common\functions.php 第 1263 行.
SQL: SHOW COLUMNS FROM `tg_permission` [ RunTime:0.0050s ]
SQL: SELECT * FROM `tg_permission` WHERE `id` = 3 LIMIT 1   [ RunTime:0.0000s ]
SQL: SHOW COLUMNS FROM `tg_modules` [ RunTime:0.0060s ]
SQL: SELECT * FROM `tg_modules` WHERE ( moduleurl='Admins' )  [ RunTime:0.0000s ]
SQL: SELECT * FROM `tg_permission`  [ RunTime:0.0010s ]
NOTIC: [8] Use of undefined constant flase - assumed 'flase' D:\xampp\htdocs\SecondProject\TG\Apps\Admin\Controller\AdminsController.class.php 第 38 行.
NOTIC: [8] Use of undefined constant flase - assumed 'flase' D:\xampp\htdocs\SecondProject\TG\Apps\Admin\Controller\AdminsController.class.php 第 38 行.

[ 2017-01-13T19:41:08+08:00 ] ::1 /SecondProject/TG/index.php/Admin/Admins/role.html
INFO: [ app_begin ] --START--
INFO: Run Behavior\ReadHtmlCacheBehavior [ RunTime:0.032001s ]
INFO: [ app_begin ] --END-- [ RunTime:0.033001s ]
NOTIC: [8] A session had already been started - ignoring session_start() D:\xampp\htdocs\SecondProject\ThinkPHP\Common\functions.php 第 1263 行.
SQL: SHOW COLUMNS FROM `tg_permission` [ RunTime:0.0210s ]
SQL: SELECT * FROM `tg_permission` WHERE `id` = 3 LIMIT 1   [ RunTime:0.0010s ]
SQL: SHOW COLUMNS FROM `tg_modules` [ RunTime:0.0180s ]
SQL: SELECT * FROM `tg_modules` WHERE ( moduleurl='Admins' )  [ RunTime:0.0010s ]
SQL: SELECT * FROM `tg_permission`  [ RunTime:0.0010s ]
NOTIC: [8] Use of undefined constant flase - assumed 'flase' D:\xampp\htdocs\SecondProject\TG\Apps\Admin\Controller\AdminsController.class.php 第 38 行.
NOTIC: [8] Use of undefined constant flase - assumed 'flase' D:\xampp\htdocs\SecondProject\TG\Apps\Admin\Controller\AdminsController.class.php 第 38 行.

[ 2017-01-13T19:41:14+08:00 ] ::1 /SecondProject/TG/index.php/Admin/Admins/role.html
INFO: [ app_begin ] --START--
INFO: Run Behavior\ReadHtmlCacheBehavior [ RunTime:0.005000s ]
INFO: [ app_begin ] --END-- [ RunTime:0.006000s ]
NOTIC: [8] A session had already been started - ignoring session_start() D:\xampp\htdocs\SecondProject\ThinkPHP\Common\functions.php 第 1263 行.
SQL: SHOW COLUMNS FROM `tg_permission` [ RunTime:0.0100s ]
SQL: SELECT * FROM `tg_permission` WHERE `id` = 3 LIMIT 1   [ RunTime:0.0040s ]
SQL: SHOW COLUMNS FROM `tg_modules` [ RunTime:0.0110s ]
SQL: SELECT * FROM `tg_modules` WHERE ( moduleurl='Admins' )  [ RunTime:0.0040s ]
SQL: SELECT * FROM `tg_permission`  [ RunTime:0.0010s ]
NOTIC: [8] Use of undefined constant flase - assumed 'flase' D:\xampp\htdocs\SecondProject\TG\Apps\Admin\Controller\AdminsController.class.php 第 38 行.
NOTIC: [8] Use of undefined constant flase - assumed 'flase' D:\xampp\htdocs\SecondProject\TG\Apps\Admin\Controller\AdminsController.class.php 第 38 行.

[ 2017-01-13T19:41:35+08:00 ] ::1 /SecondProject/TG/index.php/Admin/Admins/role.html
INFO: [ app_begin ] --START--
INFO: Run Behavior\ReadHtmlCacheBehavior [ RunTime:0.001000s ]
INFO: [ app_begin ] --END-- [ RunTime:0.002000s ]
NOTIC: [8] A session had already been started - ignoring session_start() D:\xampp\htdocs\SecondProject\ThinkPHP\Common\functions.php 第 1263 行.
SQL: SHOW COLUMNS FROM `tg_permission` [ RunTime:0.0090s ]
SQL: SELECT * FROM `tg_permission` WHERE `id` = 3 LIMIT 1   [ RunTime:0.0000s ]
SQL: SHOW COLUMNS FROM `tg_modules` [ RunTime:0.0070s ]
SQL: SELECT * FROM `tg_modules` WHERE ( moduleurl='Admins' )  [ RunTime:0.0180s ]
SQL: SELECT * FROM `tg_permission`  [ RunTime:0.0010s ]
NOTIC: [8] Use of undefined constant flase - assumed 'flase' D:\xampp\htdocs\SecondProject\TG\Apps\Admin\Controller\AdminsController.class.php 第 38 行.
NOTIC: [8] Use of undefined constant flase - assumed 'flase' D:\xampp\htdocs\SecondProject\TG\Apps\Admin\Controller\AdminsController.class.php 第 38 行.

[ 2017-01-13T19:41:50+08:00 ] ::1 /SecondProject/TG/index.php/Admin/Admins/role.html
INFO: [ app_begin ] --START--
INFO: Run Behavior\ReadHtmlCacheBehavior [ RunTime:0.002000s ]
INFO: [ app_begin ] --END-- [ RunTime:0.004001s ]
NOTIC: [8] A session had already been started - ignoring session_start() D:\xampp\htdocs\SecondProject\ThinkPHP\Common\functions.php 第 1263 行.
SQL: SHOW COLUMNS FROM `tg_permission` [ RunTime:0.0290s ]
SQL: SELECT * FROM `tg_permission` WHERE `id` = 3 LIMIT 1   [ RunTime:0.0130s ]
SQL: SHOW COLUMNS FROM `tg_modules` [ RunTime:0.0510s ]
SQL: SELECT * FROM `tg_modules` WHERE ( moduleurl='Admins' )  [ RunTime:0.0030s ]
SQL: SELECT * FROM `tg_permission`  [ RunTime:0.0020s ]
NOTIC: [8] Use of undefined constant flase - assumed 'flase' D:\xampp\htdocs\SecondProject\TG\Apps\Admin\Controller\AdminsController.class.php 第 38 行.
NOTIC: [8] Use of undefined constant flase - assumed 'flase' D:\xampp\htdocs\SecondProject\TG\Apps\Admin\Controller\AdminsController.class.php 第 38 行.

[ 2017-01-13T19:43:50+08:00 ] ::1 /SecondProject/TG/index.php/Admin/Admins/role.html
INFO: [ app_begin ] --START--
INFO: Run Behavior\ReadHtmlCacheBehavior [ RunTime:0.001000s ]
INFO: [ app_begin ] --END-- [ RunTime:0.003000s ]
NOTIC: [8] A session had already been started - ignoring session_start() D:\xampp\htdocs\SecondProject\ThinkPHP\Common\functions.php 第 1263 行.
SQL: SHOW COLUMNS FROM `tg_permission` [ RunTime:0.0180s ]
SQL: SELECT * FROM `tg_permission` WHERE `id` = 3 LIMIT 1   [ RunTime:0.0010s ]
SQL: SHOW COLUMNS FROM `tg_modules` [ RunTime:0.0180s ]
SQL: SELECT * FROM `tg_modules` WHERE ( moduleurl='Admins' )  [ RunTime:0.0020s ]
SQL: SELECT * FROM `tg_permission`  [ RunTime:0.0020s ]
NOTIC: [8] Use of undefined constant flase - assumed 'flase' D:\xampp\htdocs\SecondProject\TG\Apps\Admin\Controller\AdminsController.class.php 第 38 行.
NOTIC: [8] Use of undefined constant flase - assumed 'flase' D:\xampp\htdocs\SecondProject\TG\Apps\Admin\Controller\AdminsController.class.php 第 38 行.

[ 2017-01-13T19:47:18+08:00 ] ::1 /SecondProject/TG/index.php/Admin/Admins/role.html
INFO: [ app_begin ] --START--
INFO: Run Behavior\ReadHtmlCacheBehavior [ RunTime:0.001000s ]
INFO: [ app_begin ] --END-- [ RunTime:0.003000s ]
NOTIC: [8] A session had already been started - ignoring session_start() D:\xampp\htdocs\SecondProject\ThinkPHP\Common\functions.php 第 1263 行.
SQL: SHOW COLUMNS FROM `tg_permission` [ RunTime:0.0160s ]
SQL: SELECT * FROM `tg_permission` WHERE `id` = 3 LIMIT 1   [ RunTime:0.0010s ]
SQL: SHOW COLUMNS FROM `tg_modules` [ RunTime:0.0220s ]
SQL: SELECT * FROM `tg_modules` WHERE ( moduleurl='Admins' )  [ RunTime:0.0040s ]
SQL: SELECT * FROM `tg_permission`  [ RunTime:0.0000s ]
NOTIC: [8] Use of undefined constant flase - assumed 'flase' D:\xampp\htdocs\SecondProject\TG\Apps\Admin\Controller\AdminsController.class.php 第 38 行.
NOTIC: [8] Use of undefined constant flase - assumed 'flase' D:\xampp\htdocs\SecondProject\TG\Apps\Admin\Controller\AdminsController.class.php 第 38 行.

[ 2017-01-13T19:51:29+08:00 ] ::1 /SecondProject/TG/index.php/Admin/Admins/role.html
INFO: [ app_begin ] --START--
INFO: Run Behavior\ReadHtmlCacheBehavior [ RunTime:0.001000s ]
INFO: [ app_begin ] --END-- [ RunTime:0.001000s ]
NOTIC: [8] A session had already been started - ignoring session_start() D:\xampp\htdocs\SecondProject\ThinkPHP\Common\functions.php 第 1263 行.
SQL: SHOW COLUMNS FROM `tg_permission` [ RunTime:0.0090s ]
SQL: SELECT * FROM `tg_permission` WHERE `id` = 3 LIMIT 1   [ RunTime:0.0010s ]
SQL: SHOW COLUMNS FROM `tg_modules` [ RunTime:0.0080s ]
SQL: SELECT * FROM `tg_modules` WHERE ( moduleurl='Admins' )  [ RunTime:0.0010s ]
SQL: SELECT * FROM `tg_permission`  [ RunTime:0.0010s ]
NOTIC: [8] Use of undefined constant flase - assumed 'flase' D:\xampp\htdocs\SecondProject\TG\Apps\Admin\Controller\AdminsController.class.php 第 38 行.
NOTIC: [8] Use of undefined constant flase - assumed 'flase' D:\xampp\htdocs\SecondProject\TG\Apps\Admin\Controller\AdminsController.class.php 第 38 行.

[ 2017-01-13T19:52:09+08:00 ] ::1 /SecondProject/TG/index.php/Admin/Admins/role.html
INFO: [ app_begin ] --START--
INFO: Run Behavior\ReadHtmlCacheBehavior [ RunTime:0.002000s ]
INFO: [ app_begin ] --END-- [ RunTime:0.003000s ]
NOTIC: [8] A session had already been started - ignoring session_start() D:\xampp\htdocs\SecondProject\ThinkPHP\Common\functions.php 第 1263 行.
SQL: SHOW COLUMNS FROM `tg_permission` [ RunTime:0.0160s ]
SQL: SELECT * FROM `tg_permission` WHERE `id` = 3 LIMIT 1   [ RunTime:0.0010s ]
SQL: SHOW COLUMNS FROM `tg_modules` [ RunTime:0.0160s ]
SQL: SELECT * FROM `tg_modules` WHERE ( moduleurl='Admins' )  [ RunTime:0.0010s ]
SQL: SELECT * FROM `tg_permission`  [ RunTime:0.0010s ]
NOTIC: [8] Use of undefined constant flase - assumed 'flase' D:\xampp\htdocs\SecondProject\TG\Apps\Admin\Controller\AdminsController.class.php 第 38 行.
NOTIC: [8] Use of undefined constant flase - assumed 'flase' D:\xampp\htdocs\SecondProject\TG\Apps\Admin\Controller\AdminsController.class.php 第 38 行.

[ 2017-01-13T20:06:48+08:00 ] ::1 /SecondProject/TG/index.php/Admin/Admins/role.html
INFO: [ app_begin ] --START--
INFO: Run Behavior\ReadHtmlCacheBehavior [ RunTime:0.001000s ]
INFO: [ app_begin ] --END-- [ RunTime:0.001000s ]
NOTIC: [8] A session had already been started - ignoring session_start() D:\xampp\htdocs\SecondProject\ThinkPHP\Common\functions.php 第 1263 行.
SQL: SHOW COLUMNS FROM `tg_permission` [ RunTime:0.0060s ]
SQL: SELECT * FROM `tg_permission` WHERE `id` = 3 LIMIT 1   [ RunTime:0.0010s ]
SQL: SHOW COLUMNS FROM `tg_modules` [ RunTime:0.0060s ]
SQL: SELECT * FROM `tg_modules` WHERE ( moduleurl='Admins' )  [ RunTime:0.0010s ]
SQL: SELECT * FROM `tg_permission`  [ RunTime:0.0000s ]
NOTIC: [8] Use of undefined constant flase - assumed 'flase' D:\xampp\htdocs\SecondProject\TG\Apps\Admin\Controller\AdminsController.class.php 第 38 行.
NOTIC: [8] Use of undefined constant flase - assumed 'flase' D:\xampp\htdocs\SecondProject\TG\Apps\Admin\Controller\AdminsController.class.php 第 38 行.

[ 2017-01-13T20:08:08+08:00 ] ::1 /SecondProject/TG/index.php/Admin/Admins/role.html
INFO: [ app_begin ] --START--
INFO: Run Behavior\ReadHtmlCacheBehavior [ RunTime:0.002000s ]
INFO: [ app_begin ] --END-- [ RunTime:0.003000s ]
NOTIC: [8] A session had already been started - ignoring session_start() D:\xampp\htdocs\SecondProject\ThinkPHP\Common\functions.php 第 1263 行.
SQL: SHOW COLUMNS FROM `tg_permission` [ RunTime:0.0090s ]
SQL: SELECT * FROM `tg_permission` WHERE `id` = 3 LIMIT 1   [ RunTime:0.0020s ]
SQL: SHOW COLUMNS FROM `tg_modules` [ RunTime:0.0080s ]
SQL: SELECT * FROM `tg_modules` WHERE ( moduleurl='Admins' )  [ RunTime:0.0000s ]
SQL: SELECT * FROM `tg_permission`  [ RunTime:0.0010s ]
NOTIC: [8] Use of undefined constant flase - assumed 'flase' D:\xampp\htdocs\SecondProject\TG\Apps\Admin\Controller\AdminsController.class.php 第 38 行.
NOTIC: [8] Use of undefined constant flase - assumed 'flase' D:\xampp\htdocs\SecondProject\TG\Apps\Admin\Controller\AdminsController.class.php 第 38 行.

[ 2017-01-13T20:10:03+08:00 ] ::1 /SecondProject/TG/index.php/Admin/Admins/role.html
INFO: [ app_begin ] --START--
INFO: Run Behavior\ReadHtmlCacheBehavior [ RunTime:0.001000s ]
INFO: [ app_begin ] --END-- [ RunTime:0.002000s ]
NOTIC: [8] A session had already been started - ignoring session_start() D:\xampp\htdocs\SecondProject\ThinkPHP\Common\functions.php 第 1263 行.
SQL: SHOW COLUMNS FROM `tg_permission` [ RunTime:0.0090s ]
SQL: SELECT * FROM `tg_permission` WHERE `id` = 3 LIMIT 1   [ RunTime:0.0010s ]
SQL: SHOW COLUMNS FROM `tg_modules` [ RunTime:0.0260s ]
SQL: SELECT * FROM `tg_modules` WHERE ( moduleurl='Admins' )  [ RunTime:0.0010s ]
SQL: SELECT * FROM `tg_permission`  [ RunTime:0.0010s ]
NOTIC: [8] Use of undefined constant flase - assumed 'flase' D:\xampp\htdocs\SecondProject\TG\Apps\Admin\Controller\AdminsController.class.php 第 38 行.
NOTIC: [8] Use of undefined constant flase - assumed 'flase' D:\xampp\htdocs\SecondProject\TG\Apps\Admin\Controller\AdminsController.class.php 第 38 行.

[ 2017-01-13T20:10:55+08:00 ] ::1 /SecondProject/TG/index.php/Admin/Admins/role.html
INFO: [ app_begin ] --START--
INFO: Run Behavior\ReadHtmlCacheBehavior [ RunTime:0.001000s ]
INFO: [ app_begin ] --END-- [ RunTime:0.001000s ]
NOTIC: [8] A session had already been started - ignoring session_start() D:\xampp\htdocs\SecondProject\ThinkPHP\Common\functions.php 第 1263 行.
SQL: SHOW COLUMNS FROM `tg_permission` [ RunTime:0.0050s ]
SQL: SELECT * FROM `tg_permission` WHERE `id` = 3 LIMIT 1   [ RunTime:0.0000s ]
SQL: SHOW COLUMNS FROM `tg_modules` [ RunTime:0.0060s ]
SQL: SELECT * FROM `tg_modules` WHERE ( moduleurl='Admins' )  [ RunTime:0.0000s ]
SQL: SELECT * FROM `tg_permission`  [ RunTime:0.0010s ]
NOTIC: [8] Use of undefined constant flase - assumed 'flase' D:\xampp\htdocs\SecondProject\TG\Apps\Admin\Controller\AdminsController.class.php 第 38 行.
NOTIC: [8] Use of undefined constant flase - assumed 'flase' D:\xampp\htdocs\SecondProject\TG\Apps\Admin\Controller\AdminsController.class.php 第 38 行.

[ 2017-01-13T20:12:09+08:00 ] ::1 /SecondProject/TG/index.php/Admin/Admins/role.html
INFO: [ app_begin ] --START--
INFO: Run Behavior\ReadHtmlCacheBehavior [ RunTime:0.001000s ]
INFO: [ app_begin ] --END-- [ RunTime:0.001000s ]
NOTIC: [8] A session had already been started - ignoring session_start() D:\xampp\htdocs\SecondProject\ThinkPHP\Common\functions.php 第 1263 行.
SQL: SHOW COLUMNS FROM `tg_permission` [ RunTime:0.0060s ]
SQL: SELECT * FROM `tg_permission` WHERE `id` = 3 LIMIT 1   [ RunTime:0.0000s ]
SQL: SHOW COLUMNS FROM `tg_modules` [ RunTime:0.0050s ]
SQL: SELECT * FROM `tg_modules` WHERE ( moduleurl='Admins' )  [ RunTime:0.0000s ]
SQL: SELECT * FROM `tg_permission`  [ RunTime:0.0000s ]
NOTIC: [8] Use of undefined constant flase - assumed 'flase' D:\xampp\htdocs\SecondProject\TG\Apps\Admin\Controller\AdminsController.class.php 第 38 行.
NOTIC: [8] Use of undefined constant flase - assumed 'flase' D:\xampp\htdocs\SecondProject\TG\Apps\Admin\Controller\AdminsController.class.php 第 38 行.

[ 2017-01-13T20:43:07+08:00 ] ::1 /SecondProject/TG/index.php/Admin/Admins/role.html
INFO: [ app_begin ] --START--
INFO: Run Behavior\ReadHtmlCacheBehavior [ RunTime:0.003000s ]
INFO: [ app_begin ] --END-- [ RunTime:0.004000s ]
NOTIC: [8] A session had already been started - ignoring session_start() D:\xampp\htdocs\SecondProject\ThinkPHP\Common\functions.php 第 1263 行.
SQL: SHOW COLUMNS FROM `tg_permission` [ RunTime:0.0290s ]
SQL: SELECT * FROM `tg_permission` WHERE `id` = 3 LIMIT 1   [ RunTime:0.0000s ]
SQL: SHOW COLUMNS FROM `tg_modules` [ RunTime:0.0080s ]
SQL: SELECT * FROM `tg_modules` WHERE ( moduleurl='Admins' )  [ RunTime:0.0010s ]
SQL: SELECT * FROM `tg_permission`  [ RunTime:0.0000s ]
NOTIC: [8] Use of undefined constant flase - assumed 'flase' D:\xampp\htdocs\SecondProject\TG\Apps\Admin\Controller\AdminsController.class.php 第 38 行.
NOTIC: [8] Use of undefined constant flase - assumed 'flase' D:\xampp\htdocs\SecondProject\TG\Apps\Admin\Controller\AdminsController.class.php 第 38 行.

[ 2017-01-13T20:46:52+08:00 ] ::1 /SecondProject/TG/index.php/Admin/Admins/role.html
INFO: [ app_begin ] --START--
INFO: Run Behavior\ReadHtmlCacheBehavior [ RunTime:0.001000s ]
INFO: [ app_begin ] --END-- [ RunTime:0.003000s ]
NOTIC: [8] A session had already been started - ignoring session_start() D:\xampp\htdocs\SecondProject\ThinkPHP\Common\functions.php 第 1263 行.
SQL: SHOW COLUMNS FROM `tg_permission` [ RunTime:0.0080s ]
SQL: SELECT * FROM `tg_permission` WHERE `id` = 3 LIMIT 1   [ RunTime:0.0030s ]
SQL: SHOW COLUMNS FROM `tg_modules` [ RunTime:0.0090s ]
SQL: SELECT * FROM `tg_modules` WHERE ( moduleurl='Admins' )  [ RunTime:0.0000s ]
SQL: SELECT * FROM `tg_permission`  [ RunTime:0.0000s ]
NOTIC: [8] Use of undefined constant flase - assumed 'flase' D:\xampp\htdocs\SecondProject\TG\Apps\Admin\Controller\AdminsController.class.php 第 38 行.
NOTIC: [8] Use of undefined constant flase - assumed 'flase' D:\xampp\htdocs\SecondProject\TG\Apps\Admin\Controller\AdminsController.class.php 第 38 行.

[ 2017-01-13T20:47:05+08:00 ] ::1 /SecondProject/TG/index.php/Admin/Admins/role.html
INFO: [ app_begin ] --START--
INFO: Run Behavior\ReadHtmlCacheBehavior [ RunTime:0.002000s ]
INFO: [ app_begin ] --END-- [ RunTime:0.004001s ]
NOTIC: [8] A session had already been started - ignoring session_start() D:\xampp\htdocs\SecondProject\ThinkPHP\Common\functions.php 第 1263 行.
SQL: SHOW COLUMNS FROM `tg_permission` [ RunTime:0.0190s ]
SQL: SELECT * FROM `tg_permission` WHERE `id` = 3 LIMIT 1   [ RunTime:0.0040s ]
SQL: SHOW COLUMNS FROM `tg_modules` [ RunTime:0.0270s ]
SQL: SELECT * FROM `tg_modules` WHERE ( moduleurl='Admins' )  [ RunTime:0.0010s ]
SQL: SELECT * FROM `tg_permission`  [ RunTime:0.0010s ]
NOTIC: [8] Use of undefined constant flase - assumed 'flase' D:\xampp\htdocs\SecondProject\TG\Apps\Admin\Controller\AdminsController.class.php 第 38 行.
NOTIC: [8] Use of undefined constant flase - assumed 'flase' D:\xampp\htdocs\SecondProject\TG\Apps\Admin\Controller\AdminsController.class.php 第 38 行.

[ 2017-01-13T20:48:03+08:00 ] ::1 /SecondProject/TG/index.php/Admin/Admins/role.html
INFO: [ app_begin ] --START--
INFO: Run Behavior\ReadHtmlCacheBehavior [ RunTime:0.002000s ]
INFO: [ app_begin ] --END-- [ RunTime:0.003000s ]
NOTIC: [8] A session had already been started - ignoring session_start() D:\xampp\htdocs\SecondProject\ThinkPHP\Common\functions.php 第 1263 行.
SQL: SHOW COLUMNS FROM `tg_permission` [ RunTime:0.0190s ]
SQL: SELECT * FROM `tg_permission` WHERE `id` = 3 LIMIT 1   [ RunTime:0.0010s ]
SQL: SHOW COLUMNS FROM `tg_modules` [ RunTime:0.0210s ]
SQL: SELECT * FROM `tg_modules` WHERE ( moduleurl='Admins' )  [ RunTime:0.0020s ]
SQL: SELECT * FROM `tg_permission`  [ RunTime:0.0010s ]
NOTIC: [8] Use of undefined constant flase - assumed 'flase' D:\xampp\htdocs\SecondProject\TG\Apps\Admin\Controller\AdminsController.class.php 第 38 行.
NOTIC: [8] Use of undefined constant flase - assumed 'flase' D:\xampp\htdocs\SecondProject\TG\Apps\Admin\Controller\AdminsController.class.php 第 38 行.

[ 2017-01-13T20:49:02+08:00 ] ::1 /SecondProject/TG/index.php/Admin/Admins/role.html
INFO: [ app_begin ] --START--
INFO: Run Behavior\ReadHtmlCacheBehavior [ RunTime:0.000000s ]
INFO: [ app_begin ] --END-- [ RunTime:0.001000s ]
NOTIC: [8] A session had already been started - ignoring session_start() D:\xampp\htdocs\SecondProject\ThinkPHP\Common\functions.php 第 1263 行.
SQL: SHOW COLUMNS FROM `tg_permission` [ RunTime:0.0060s ]
SQL: SELECT * FROM `tg_permission` WHERE `id` = 3 LIMIT 1   [ RunTime:0.0000s ]
SQL: SHOW COLUMNS FROM `tg_modules` [ RunTime:0.0050s ]
SQL: SELECT * FROM `tg_modules` WHERE ( moduleurl='Admins' )  [ RunTime:0.0000s ]
SQL: SELECT * FROM `tg_permission`  [ RunTime:0.0000s ]
NOTIC: [8] Use of undefined constant flase - assumed 'flase' D:\xampp\htdocs\SecondProject\TG\Apps\Admin\Controller\AdminsController.class.php 第 38 行.
NOTIC: [8] Use of undefined constant flase - assumed 'flase' D:\xampp\htdocs\SecondProject\TG\Apps\Admin\Controller\AdminsController.class.php 第 38 行.

[ 2017-01-13T20:50:38+08:00 ] ::1 /SecondProject/TG/index.php/Admin/Admins/role.html
INFO: [ app_begin ] --START--
INFO: Run Behavior\ReadHtmlCacheBehavior [ RunTime:0.002000s ]
INFO: [ app_begin ] --END-- [ RunTime:0.003000s ]
NOTIC: [8] A session had already been started - ignoring session_start() D:\xampp\htdocs\SecondProject\ThinkPHP\Common\functions.php 第 1263 行.
SQL: SHOW COLUMNS FROM `tg_permission` [ RunTime:0.0160s ]
SQL: SELECT * FROM `tg_permission` WHERE `id` = 3 LIMIT 1   [ RunTime:0.0010s ]
SQL: SHOW COLUMNS FROM `tg_modules` [ RunTime:0.0180s ]
SQL: SELECT * FROM `tg_modules` WHERE ( moduleurl='Admins' )  [ RunTime:0.0010s ]
SQL: SELECT * FROM `tg_permission`  [ RunTime:0.0010s ]
NOTIC: [8] Use of undefined constant flase - assumed 'flase' D:\xampp\htdocs\SecondProject\TG\Apps\Admin\Controller\AdminsController.class.php 第 38 行.
NOTIC: [8] Use of undefined constant flase - assumed 'flase' D:\xampp\htdocs\SecondProject\TG\Apps\Admin\Controller\AdminsController.class.php 第 38 行.

[ 2017-01-13T20:50:47+08:00 ] ::1 /SecondProject/TG/index.php/Admin/Admins/role.html
INFO: [ app_begin ] --START--
INFO: Run Behavior\ReadHtmlCacheBehavior [ RunTime:0.001000s ]
INFO: [ app_begin ] --END-- [ RunTime:0.002000s ]
NOTIC: [8] A session had already been started - ignoring session_start() D:\xampp\htdocs\SecondProject\ThinkPHP\Common\functions.php 第 1263 行.
SQL: SHOW COLUMNS FROM `tg_permission` [ RunTime:0.0120s ]
SQL: SELECT * FROM `tg_permission` WHERE `id` = 3 LIMIT 1   [ RunTime:0.0010s ]
SQL: SHOW COLUMNS FROM `tg_modules` [ RunTime:0.0220s ]
SQL: SELECT * FROM `tg_modules` WHERE ( moduleurl='Admins' )  [ RunTime:0.0020s ]
SQL: SELECT * FROM `tg_permission`  [ RunTime:0.0010s ]
NOTIC: [8] Use of undefined constant flase - assumed 'flase' D:\xampp\htdocs\SecondProject\TG\Apps\Admin\Controller\AdminsController.class.php 第 38 行.
NOTIC: [8] Use of undefined constant flase - assumed 'flase' D:\xampp\htdocs\SecondProject\TG\Apps\Admin\Controller\AdminsController.class.php 第 38 行.

[ 2017-01-13T20:57:01+08:00 ] ::1 /SecondProject/TG/index.php/Admin/Admins/role.html
INFO: [ app_begin ] --START--
INFO: Run Behavior\ReadHtmlCacheBehavior [ RunTime:0.002000s ]
INFO: [ app_begin ] --END-- [ RunTime:0.003000s ]
NOTIC: [8] A session had already been started - ignoring session_start() D:\xampp\htdocs\SecondProject\ThinkPHP\Common\functions.php 第 1263 行.
SQL: SHOW COLUMNS FROM `tg_permission` [ RunTime:0.0160s ]
SQL: SELECT * FROM `tg_permission` WHERE `id` = 3 LIMIT 1   [ RunTime:0.0030s ]
SQL: SHOW COLUMNS FROM `tg_modules` [ RunTime:0.0240s ]
SQL: SELECT * FROM `tg_modules` WHERE ( moduleurl='Admins' )  [ RunTime:0.0010s ]
SQL: SELECT * FROM `tg_permission`  [ RunTime:0.0010s ]
NOTIC: [8] Use of undefined constant flase - assumed 'flase' D:\xampp\htdocs\SecondProject\TG\Apps\Admin\Controller\AdminsController.class.php 第 38 行.
NOTIC: [8] Use of undefined constant flase - assumed 'flase' D:\xampp\htdocs\SecondProject\TG\Apps\Admin\Controller\AdminsController.class.php 第 38 行.

[ 2017-01-13T20:57:45+08:00 ] ::1 /SecondProject/TG/index.php/Admin/Admins/role.html
INFO: [ app_begin ] --START--
INFO: Run Behavior\ReadHtmlCacheBehavior [ RunTime:0.001000s ]
INFO: [ app_begin ] --END-- [ RunTime:0.001000s ]
NOTIC: [8] A session had already been started - ignoring session_start() D:\xampp\htdocs\SecondProject\ThinkPHP\Common\functions.php 第 1263 行.
SQL: SHOW COLUMNS FROM `tg_permission` [ RunTime:0.0060s ]
SQL: SELECT * FROM `tg_permission` WHERE `id` = 3 LIMIT 1   [ RunTime:0.0000s ]
SQL: SHOW COLUMNS FROM `tg_modules` [ RunTime:0.0300s ]
SQL: SELECT * FROM `tg_modules` WHERE ( moduleurl='Admins' )  [ RunTime:0.0000s ]
SQL: SELECT * FROM `tg_permission`  [ RunTime:0.0010s ]
NOTIC: [8] Use of undefined constant flase - assumed 'flase' D:\xampp\htdocs\SecondProject\TG\Apps\Admin\Controller\AdminsController.class.php 第 38 行.
NOTIC: [8] Use of undefined constant flase - assumed 'flase' D:\xampp\htdocs\SecondProject\TG\Apps\Admin\Controller\AdminsController.class.php 第 38 行.

[ 2017-01-13T20:57:55+08:00 ] ::1 /SecondProject/TG/index.php/Admin/Admins/role.html
INFO: [ app_begin ] --START--
INFO: Run Behavior\ReadHtmlCacheBehavior [ RunTime:0.001000s ]
INFO: [ app_begin ] --END-- [ RunTime:0.003000s ]
NOTIC: [8] A session had already been started - ignoring session_start() D:\xampp\htdocs\SecondProject\ThinkPHP\Common\functions.php 第 1263 行.
SQL: SHOW COLUMNS FROM `tg_permission` [ RunTime:0.0170s ]
SQL: SELECT * FROM `tg_permission` WHERE `id` = 3 LIMIT 1   [ RunTime:0.0010s ]
SQL: SHOW COLUMNS FROM `tg_modules` [ RunTime:0.0180s ]
SQL: SELECT * FROM `tg_modules` WHERE ( moduleurl='Admins' )  [ RunTime:0.0010s ]
SQL: SELECT * FROM `tg_permission`  [ RunTime:0.0040s ]
NOTIC: [8] Use of undefined constant flase - assumed 'flase' D:\xampp\htdocs\SecondProject\TG\Apps\Admin\Controller\AdminsController.class.php 第 38 行.
NOTIC: [8] Use of undefined constant flase - assumed 'flase' D:\xampp\htdocs\SecondProject\TG\Apps\Admin\Controller\AdminsController.class.php 第 38 行.

[ 2017-01-13T20:58:41+08:00 ] ::1 /SecondProject/TG/index.php/Admin/Admins/role.html
INFO: [ app_begin ] --START--
INFO: Run Behavior\ReadHtmlCacheBehavior [ RunTime:0.002000s ]
INFO: [ app_begin ] --END-- [ RunTime:0.004000s ]
NOTIC: [8] A session had already been started - ignoring session_start() D:\xampp\htdocs\SecondProject\ThinkPHP\Common\functions.php 第 1263 行.
SQL: SHOW COLUMNS FROM `tg_permission` [ RunTime:0.0090s ]
SQL: SELECT * FROM `tg_permission` WHERE `id` = 3 LIMIT 1   [ RunTime:0.0000s ]
SQL: SHOW COLUMNS FROM `tg_modules` [ RunTime:0.0080s ]
SQL: SELECT * FROM `tg_modules` WHERE ( moduleurl='Admins' )  [ RunTime:0.0010s ]
SQL: SELECT * FROM `tg_permission`  [ RunTime:0.0010s ]
NOTIC: [8] Use of undefined constant flase - assumed 'flase' D:\xampp\htdocs\SecondProject\TG\Apps\Admin\Controller\AdminsController.class.php 第 38 行.
NOTIC: [8] Use of undefined constant flase - assumed 'flase' D:\xampp\htdocs\SecondProject\TG\Apps\Admin\Controller\AdminsController.class.php 第 38 行.

[ 2017-01-13T20:59:22+08:00 ] ::1 /SecondProject/TG/index.php/Admin/Admins/role.html
INFO: [ app_begin ] --START--
INFO: Run Behavior\ReadHtmlCacheBehavior [ RunTime:0.001000s ]
INFO: [ app_begin ] --END-- [ RunTime:0.002000s ]
NOTIC: [8] A session had already been started - ignoring session_start() D:\xampp\htdocs\SecondProject\ThinkPHP\Common\functions.php 第 1263 行.
SQL: SHOW COLUMNS FROM `tg_permission` [ RunTime:0.0130s ]
SQL: SELECT * FROM `tg_permission` WHERE `id` = 3 LIMIT 1   [ RunTime:0.0020s ]
SQL: SHOW COLUMNS FROM `tg_modules` [ RunTime:0.0080s ]
SQL: SELECT * FROM `tg_modules` WHERE ( moduleurl='Admins' )  [ RunTime:0.0000s ]
SQL: SELECT * FROM `tg_permission`  [ RunTime:0.0000s ]
NOTIC: [8] Use of undefined constant flase - assumed 'flase' D:\xampp\htdocs\SecondProject\TG\Apps\Admin\Controller\AdminsController.class.php 第 38 行.
NOTIC: [8] Use of undefined constant flase - assumed 'flase' D:\xampp\htdocs\SecondProject\TG\Apps\Admin\Controller\AdminsController.class.php 第 38 行.

[ 2017-01-13T20:59:49+08:00 ] ::1 /SecondProject/TG/index.php/Admin/Admins/role.html
INFO: [ app_begin ] --START--
INFO: Run Behavior\ReadHtmlCacheBehavior [ RunTime:0.000000s ]
INFO: [ app_begin ] --END-- [ RunTime:0.001000s ]
NOTIC: [8] A session had already been started - ignoring session_start() D:\xampp\htdocs\SecondProject\ThinkPHP\Common\functions.php 第 1263 行.
SQL: SHOW COLUMNS FROM `tg_permission` [ RunTime:0.0210s ]
SQL: SELECT * FROM `tg_permission` WHERE `id` = 3 LIMIT 1   [ RunTime:0.0100s ]
SQL: SHOW COLUMNS FROM `tg_modules` [ RunTime:0.0050s ]
SQL: SELECT * FROM `tg_modules` WHERE ( moduleurl='Admins' )  [ RunTime:0.0010s ]
SQL: SELECT * FROM `tg_permission`  [ RunTime:0.0000s ]
NOTIC: [8] Use of undefined constant flase - assumed 'flase' D:\xampp\htdocs\SecondProject\TG\Apps\Admin\Controller\AdminsController.class.php 第 38 行.
NOTIC: [8] Use of undefined constant flase - assumed 'flase' D:\xampp\htdocs\SecondProject\TG\Apps\Admin\Controller\AdminsController.class.php 第 38 行.

[ 2017-01-13T21:00:14+08:00 ] ::1 /SecondProject/TG/index.php/Admin/Admins/role.html
INFO: [ app_begin ] --START--
INFO: Run Behavior\ReadHtmlCacheBehavior [ RunTime:0.001000s ]
INFO: [ app_begin ] --END-- [ RunTime:0.002000s ]
NOTIC: [8] A session had already been started - ignoring session_start() D:\xampp\htdocs\SecondProject\ThinkPHP\Common\functions.php 第 1263 行.
SQL: SHOW COLUMNS FROM `tg_permission` [ RunTime:0.0080s ]
SQL: SELECT * FROM `tg_permission` WHERE `id` = 3 LIMIT 1   [ RunTime:0.0000s ]
SQL: SHOW COLUMNS FROM `tg_modules` [ RunTime:0.0080s ]
SQL: SELECT * FROM `tg_modules` WHERE ( moduleurl='Admins' )  [ RunTime:0.0000s ]
SQL: SELECT * FROM `tg_permission`  [ RunTime:0.0010s ]
NOTIC: [8] Use of undefined constant flase - assumed 'flase' D:\xampp\htdocs\SecondProject\TG\Apps\Admin\Controller\AdminsController.class.php 第 38 行.
NOTIC: [8] Use of undefined constant flase - assumed 'flase' D:\xampp\htdocs\SecondProject\TG\Apps\Admin\Controller\AdminsController.class.php 第 38 行.

[ 2017-01-13T21:01:43+08:00 ] ::1 /SecondProject/TG/index.php/Admin/Admins/role.html
INFO: [ app_begin ] --START--
INFO: Run Behavior\ReadHtmlCacheBehavior [ RunTime:0.001000s ]
INFO: [ app_begin ] --END-- [ RunTime:0.002000s ]
NOTIC: [8] A session had already been started - ignoring session_start() D:\xampp\htdocs\SecondProject\ThinkPHP\Common\functions.php 第 1263 行.
SQL: SHOW COLUMNS FROM `tg_permission` [ RunTime:0.0080s ]
SQL: SELECT * FROM `tg_permission` WHERE `id` = 3 LIMIT 1   [ RunTime:0.0000s ]
SQL: SHOW COLUMNS FROM `tg_modules` [ RunTime:0.0080s ]
SQL: SELECT * FROM `tg_modules` WHERE ( moduleurl='Admins' )  [ RunTime:0.0010s ]
SQL: SELECT * FROM `tg_permission`  [ RunTime:0.0850s ]

[ 2017-01-13T21:01:49+08:00 ] ::1 /SecondProject/TG/index.php/Admin/Admins/role.html
INFO: [ app_begin ] --START--
INFO: Run Behavior\ReadHtmlCacheBehavior [ RunTime:0.000000s ]
INFO: [ app_begin ] --END-- [ RunTime:0.001001s ]
NOTIC: [8] A session had already been started - ignoring session_start() D:\xampp\htdocs\SecondProject\ThinkPHP\Common\functions.php 第 1263 行.
SQL: SHOW COLUMNS FROM `tg_permission` [ RunTime:0.0140s ]
SQL: SELECT * FROM `tg_permission` WHERE `id` = 3 LIMIT 1   [ RunTime:0.0010s ]
SQL: SHOW COLUMNS FROM `tg_modules` [ RunTime:0.0290s ]
SQL: SELECT * FROM `tg_modules` WHERE ( moduleurl='Admins' )  [ RunTime:0.0030s ]
SQL: SELECT * FROM `tg_permission`  [ RunTime:0.0000s ]

[ 2017-01-13T21:01:52+08:00 ] ::1 /SecondProject/TG/index.php/Admin/Admins/role.html
INFO: [ app_begin ] --START--
INFO: Run Behavior\ReadHtmlCacheBehavior [ RunTime:0.001000s ]
INFO: [ app_begin ] --END-- [ RunTime:0.003000s ]
NOTIC: [8] A session had already been started - ignoring session_start() D:\xampp\htdocs\SecondProject\ThinkPHP\Common\functions.php 第 1263 行.
SQL: SHOW COLUMNS FROM `tg_permission` [ RunTime:0.0090s ]
SQL: SELECT * FROM `tg_permission` WHERE `id` = 3 LIMIT 1   [ RunTime:0.0010s ]
SQL: SHOW COLUMNS FROM `tg_modules` [ RunTime:0.0080s ]
SQL: SELECT * FROM `tg_modules` WHERE ( moduleurl='Admins' )  [ RunTime:0.0010s ]
SQL: SELECT * FROM `tg_permission`  [ RunTime:0.0010s ]

[ 2017-01-13T21:02:10+08:00 ] ::1 /SecondProject/TG/index.php/Admin/Admins/role.html
INFO: [ app_begin ] --START--
INFO: Run Behavior\ReadHtmlCacheBehavior [ RunTime:0.001000s ]
INFO: [ app_begin ] --END-- [ RunTime:0.001000s ]
NOTIC: [8] A session had already been started - ignoring session_start() D:\xampp\htdocs\SecondProject\ThinkPHP\Common\functions.php 第 1263 行.
SQL: SHOW COLUMNS FROM `tg_permission` [ RunTime:0.0090s ]
SQL: SELECT * FROM `tg_permission` WHERE `id` = 3 LIMIT 1   [ RunTime:0.0010s ]
SQL: SHOW COLUMNS FROM `tg_modules` [ RunTime:0.0200s ]
SQL: SELECT * FROM `tg_modules` WHERE ( moduleurl='Admins' )  [ RunTime:0.0010s ]
SQL: SELECT * FROM `tg_permission`  [ RunTime:0.0020s ]

[ 2017-01-13T21:02:16+08:00 ] ::1 /SecondProject/TG/index.php/Admin/Admins/role.html
INFO: [ app_begin ] --START--
INFO: Run Behavior\ReadHtmlCacheBehavior [ RunTime:0.001000s ]
INFO: [ app_begin ] --END-- [ RunTime:0.001000s ]
NOTIC: [8] A session had already been started - ignoring session_start() D:\xampp\htdocs\SecondProject\ThinkPHP\Common\functions.php 第 1263 行.
SQL: SHOW COLUMNS FROM `tg_permission` [ RunTime:0.0060s ]
SQL: SELECT * FROM `tg_permission` WHERE `id` = 3 LIMIT 1   [ RunTime:0.0010s ]
SQL: SHOW COLUMNS FROM `tg_modules` [ RunTime:0.0060s ]
SQL: SELECT * FROM `tg_modules` WHERE ( moduleurl='Admins' )  [ RunTime:0.0010s ]
SQL: SELECT * FROM `tg_permission`  [ RunTime:0.0000s ]

[ 2017-01-13T21:02:21+08:00 ] ::1 /SecondProject/TG/index.php/Admin/Admins/role.html
INFO: [ app_begin ] --START--
INFO: Run Behavior\ReadHtmlCacheBehavior [ RunTime:0.002000s ]
INFO: [ app_begin ] --END-- [ RunTime:0.004000s ]
NOTIC: [8] A session had already been started - ignoring session_start() D:\xampp\htdocs\SecondProject\ThinkPHP\Common\functions.php 第 1263 行.
SQL: SHOW COLUMNS FROM `tg_permission` [ RunTime:0.0100s ]
SQL: SELECT * FROM `tg_permission` WHERE `id` = 3 LIMIT 1   [ RunTime:0.0020s ]
SQL: SHOW COLUMNS FROM `tg_modules` [ RunTime:0.0080s ]
SQL: SELECT * FROM `tg_modules` WHERE ( moduleurl='Admins' )  [ RunTime:0.0010s ]
SQL: SELECT * FROM `tg_permission`  [ RunTime:0.0010s ]

[ 2017-01-13T21:03:12+08:00 ] ::1 /SecondProject/TG/index.php/Admin/Admins/role.html
INFO: [ app_begin ] --START--
INFO: Run Behavior\ReadHtmlCacheBehavior [ RunTime:0.002000s ]
INFO: [ app_begin ] --END-- [ RunTime:0.003000s ]
NOTIC: [8] A session had already been started - ignoring session_start() D:\xampp\htdocs\SecondProject\ThinkPHP\Common\functions.php 第 1263 行.
SQL: SHOW COLUMNS FROM `tg_permission` [ RunTime:0.0110s ]
SQL: SELECT * FROM `tg_permission` WHERE `id` = 3 LIMIT 1   [ RunTime:0.0000s ]
SQL: SHOW COLUMNS FROM `tg_modules` [ RunTime:0.0110s ]
SQL: SELECT * FROM `tg_modules` WHERE ( moduleurl='Admins' )  [ RunTime:0.0000s ]
SQL: SELECT * FROM `tg_permission`  [ RunTime:0.0000s ]

[ 2017-01-13T21:03:18+08:00 ] ::1 /SecondProject/TG/index.php/Admin/Admins/role.html
INFO: [ app_begin ] --START--
INFO: Run Behavior\ReadHtmlCacheBehavior [ RunTime:0.002000s ]
INFO: [ app_begin ] --END-- [ RunTime:0.003000s ]
NOTIC: [8] A session had already been started - ignoring session_start() D:\xampp\htdocs\SecondProject\ThinkPHP\Common\functions.php 第 1263 行.
SQL: SHOW COLUMNS FROM `tg_permission` [ RunTime:0.0120s ]
SQL: SELECT * FROM `tg_permission` WHERE `id` = 3 LIMIT 1   [ RunTime:0.0000s ]
SQL: SHOW COLUMNS FROM `tg_modules` [ RunTime:0.0100s ]
SQL: SELECT * FROM `tg_modules` WHERE ( moduleurl='Admins' )  [ RunTime:0.0010s ]
SQL: SELECT * FROM `tg_permission`  [ RunTime:0.0020s ]

[ 2017-01-13T21:03:21+08:00 ] ::1 /SecondProject/TG/index.php/Admin/Admins/role.html
INFO: [ app_begin ] --START--
INFO: Run Behavior\ReadHtmlCacheBehavior [ RunTime:0.002001s ]
INFO: [ app_begin ] --END-- [ RunTime:0.003001s ]
NOTIC: [8] A session had already been started - ignoring session_start() D:\xampp\htdocs\SecondProject\ThinkPHP\Common\functions.php 第 1263 行.
SQL: SHOW COLUMNS FROM `tg_permission` [ RunTime:0.0170s ]
SQL: SELECT * FROM `tg_permission` WHERE `id` = 3 LIMIT 1   [ RunTime:0.0010s ]
SQL: SHOW COLUMNS FROM `tg_modules` [ RunTime:0.0090s ]
SQL: SELECT * FROM `tg_modules` WHERE ( moduleurl='Admins' )  [ RunTime:0.0010s ]
SQL: SELECT * FROM `tg_permission`  [ RunTime:0.0000s ]

[ 2017-01-13T21:03:25+08:00 ] ::1 /SecondProject/TG/index.php/Admin/Admins/role.html
INFO: [ app_begin ] --START--
INFO: Run Behavior\ReadHtmlCacheBehavior [ RunTime:0.001000s ]
INFO: [ app_begin ] --END-- [ RunTime:0.003000s ]
NOTIC: [8] A session had already been started - ignoring session_start() D:\xampp\htdocs\SecondProject\ThinkPHP\Common\functions.php 第 1263 行.
SQL: SHOW COLUMNS FROM `tg_permission` [ RunTime:0.0180s ]
SQL: SELECT * FROM `tg_permission` WHERE `id` = 3 LIMIT 1   [ RunTime:0.0010s ]
SQL: SHOW COLUMNS FROM `tg_modules` [ RunTime:0.0140s ]
SQL: SELECT * FROM `tg_modules` WHERE ( moduleurl='Admins' )  [ RunTime:0.0060s ]
SQL: SELECT * FROM `tg_permission`  [ RunTime:0.0000s ]

[ 2017-01-13T21:03:28+08:00 ] ::1 /SecondProject/TG/index.php/Admin/Admins/role.html
INFO: [ app_begin ] --START--
INFO: Run Behavior\ReadHtmlCacheBehavior [ RunTime:0.002000s ]
INFO: [ app_begin ] --END-- [ RunTime:0.003000s ]
NOTIC: [8] A session had already been started - ignoring session_start() D:\xampp\htdocs\SecondProject\ThinkPHP\Common\functions.php 第 1263 行.
SQL: SHOW COLUMNS FROM `tg_permission` [ RunTime:0.0220s ]
SQL: SELECT * FROM `tg_permission` WHERE `id` = 3 LIMIT 1   [ RunTime:0.0010s ]
SQL: SHOW COLUMNS FROM `tg_modules` [ RunTime:0.0580s ]
SQL: SELECT * FROM `tg_modules` WHERE ( moduleurl='Admins' )  [ RunTime:0.0010s ]
SQL: SELECT * FROM `tg_permission`  [ RunTime:0.0010s ]

[ 2017-01-13T21:03:32+08:00 ] ::1 /SecondProject/TG/index.php/Admin/Admins/role.html
INFO: [ app_begin ] --START--
INFO: Run Behavior\ReadHtmlCacheBehavior [ RunTime:0.002000s ]
INFO: [ app_begin ] --END-- [ RunTime:0.003000s ]
NOTIC: [8] A session had already been started - ignoring session_start() D:\xampp\htdocs\SecondProject\ThinkPHP\Common\functions.php 第 1263 行.
SQL: SHOW COLUMNS FROM `tg_permission` [ RunTime:0.0190s ]
SQL: SELECT * FROM `tg_permission` WHERE `id` = 3 LIMIT 1   [ RunTime:0.0010s ]
SQL: SHOW COLUMNS FROM `tg_modules` [ RunTime:0.0170s ]
SQL: SELECT * FROM `tg_modules` WHERE ( moduleurl='Admins' )  [ RunTime:0.0020s ]
SQL: SELECT * FROM `tg_permission`  [ RunTime:0.0020s ]

[ 2017-01-13T21:03:38+08:00 ] ::1 /SecondProject/TG/index.php/Admin/Admins/role.html
INFO: [ app_begin ] --START--
INFO: Run Behavior\ReadHtmlCacheBehavior [ RunTime:0.001000s ]
INFO: [ app_begin ] --END-- [ RunTime:0.002000s ]
NOTIC: [8] A session had already been started - ignoring session_start() D:\xampp\htdocs\SecondProject\ThinkPHP\Common\functions.php 第 1263 行.
SQL: SHOW COLUMNS FROM `tg_permission` [ RunTime:0.0110s ]
SQL: SELECT * FROM `tg_permission` WHERE `id` = 3 LIMIT 1   [ RunTime:0.0000s ]
SQL: SHOW COLUMNS FROM `tg_modules` [ RunTime:0.0120s ]
SQL: SELECT * FROM `tg_modules` WHERE ( moduleurl='Admins' )  [ RunTime:0.0010s ]
SQL: SELECT * FROM `tg_permission`  [ RunTime:0.0010s ]

[ 2017-01-13T21:03:41+08:00 ] ::1 /SecondProject/TG/index.php/Admin/Admins/role.html
INFO: [ app_begin ] --START--
INFO: Run Behavior\ReadHtmlCacheBehavior [ RunTime:0.000000s ]
INFO: [ app_begin ] --END-- [ RunTime:0.001000s ]
NOTIC: [8] A session had already been started - ignoring session_start() D:\xampp\htdocs\SecondProject\ThinkPHP\Common\functions.php 第 1263 行.
SQL: SHOW COLUMNS FROM `tg_permission` [ RunTime:0.0070s ]
SQL: SELECT * FROM `tg_permission` WHERE `id` = 3 LIMIT 1   [ RunTime:0.0000s ]
SQL: SHOW COLUMNS FROM `tg_modules` [ RunTime:0.0050s ]
SQL: SELECT * FROM `tg_modules` WHERE ( moduleurl='Admins' )  [ RunTime:0.0020s ]
SQL: SELECT * FROM `tg_permission`  [ RunTime:0.0020s ]

[ 2017-01-13T21:03:44+08:00 ] ::1 /SecondProject/TG/index.php/Admin/Admins/role.html
INFO: [ app_begin ] --START--
INFO: Run Behavior\ReadHtmlCacheBehavior [ RunTime:0.009000s ]
INFO: [ app_begin ] --END-- [ RunTime:0.011001s ]
NOTIC: [8] A session had already been started - ignoring session_start() D:\xampp\htdocs\SecondProject\ThinkPHP\Common\functions.php 第 1263 行.
SQL: SHOW COLUMNS FROM `tg_permission` [ RunTime:0.0160s ]
SQL: SELECT * FROM `tg_permission` WHERE `id` = 3 LIMIT 1   [ RunTime:0.0040s ]
SQL: SHOW COLUMNS FROM `tg_modules` [ RunTime:0.0190s ]
SQL: SELECT * FROM `tg_modules` WHERE ( moduleurl='Admins' )  [ RunTime:0.0020s ]
SQL: SELECT * FROM `tg_permission`  [ RunTime:0.0010s ]

[ 2017-01-13T21:03:48+08:00 ] ::1 /SecondProject/TG/index.php/Admin/Admins/role.html
INFO: [ app_begin ] --START--
INFO: Run Behavior\ReadHtmlCacheBehavior [ RunTime:0.002000s ]
INFO: [ app_begin ] --END-- [ RunTime:0.002000s ]
NOTIC: [8] A session had already been started - ignoring session_start() D:\xampp\htdocs\SecondProject\ThinkPHP\Common\functions.php 第 1263 行.
SQL: SHOW COLUMNS FROM `tg_permission` [ RunTime:0.0090s ]
SQL: SELECT * FROM `tg_permission` WHERE `id` = 3 LIMIT 1   [ RunTime:0.0010s ]
SQL: SHOW COLUMNS FROM `tg_modules` [ RunTime:0.0100s ]
SQL: SELECT * FROM `tg_modules` WHERE ( moduleurl='Admins' )  [ RunTime:0.0010s ]
SQL: SELECT * FROM `tg_permission`  [ RunTime:0.0010s ]

[ 2017-01-13T21:11:35+08:00 ] ::1 /SecondProject/TG/index.php/Admin/Admins/role.html
INFO: [ app_begin ] --START--
INFO: Run Behavior\ReadHtmlCacheBehavior [ RunTime:0.001000s ]
INFO: [ app_begin ] --END-- [ RunTime:0.003000s ]
NOTIC: [8] A session had already been started - ignoring session_start() D:\xampp\htdocs\SecondProject\ThinkPHP\Common\functions.php 第 1263 行.
SQL: SHOW COLUMNS FROM `tg_permission` [ RunTime:0.0150s ]
SQL: SELECT * FROM `tg_permission` WHERE `id` = 3 LIMIT 1   [ RunTime:0.0010s ]
SQL: SHOW COLUMNS FROM `tg_modules` [ RunTime:0.0080s ]
SQL: SELECT * FROM `tg_modules` WHERE ( moduleurl='Admins' )  [ RunTime:0.0000s ]
SQL: SELECT * FROM `tg_permission`  [ RunTime:0.0010s ]

[ 2017-01-13T21:11:38+08:00 ] ::1 /SecondProject/TG/index.php/Admin/Admins/role.html
INFO: [ app_begin ] --START--
INFO: Run Behavior\ReadHtmlCacheBehavior [ RunTime:0.001000s ]
INFO: [ app_begin ] --END-- [ RunTime:0.001000s ]
NOTIC: [8] A session had already been started - ignoring session_start() D:\xampp\htdocs\SecondProject\ThinkPHP\Common\functions.php 第 1263 行.
SQL: SHOW COLUMNS FROM `tg_permission` [ RunTime:0.0050s ]
SQL: SELECT * FROM `tg_permission` WHERE `id` = 3 LIMIT 1   [ RunTime:0.0000s ]
SQL: SHOW COLUMNS FROM `tg_modules` [ RunTime:0.0070s ]
SQL: SELECT * FROM `tg_modules` WHERE ( moduleurl='Admins' )  [ RunTime:0.0000s ]
SQL: SELECT * FROM `tg_permission`  [ RunTime:0.0010s ]

[ 2017-01-13T21:12:12+08:00 ] ::1 /SecondProject/TG/index.php/Admin/Admins/role.html
INFO: [ app_begin ] --START--
INFO: Run Behavior\ReadHtmlCacheBehavior [ RunTime:0.002000s ]
INFO: [ app_begin ] --END-- [ RunTime:0.003000s ]
NOTIC: [8] A session had already been started - ignoring session_start() D:\xampp\htdocs\SecondProject\ThinkPHP\Common\functions.php 第 1263 行.
SQL: SHOW COLUMNS FROM `tg_permission` [ RunTime:0.0110s ]
SQL: SELECT * FROM `tg_permission` WHERE `id` = 3 LIMIT 1   [ RunTime:0.0000s ]
SQL: SHOW COLUMNS FROM `tg_modules` [ RunTime:0.0090s ]
SQL: SELECT * FROM `tg_modules` WHERE ( moduleurl='Admins' )  [ RunTime:0.0010s ]
SQL: SELECT * FROM `tg_permission`  [ RunTime:0.0040s ]

[ 2017-01-13T21:15:36+08:00 ] ::1 /SecondProject/TG/index.php/Admin/Admins/role.html
INFO: [ app_begin ] --START--
INFO: Run Behavior\ReadHtmlCacheBehavior [ RunTime:0.001000s ]
INFO: [ app_begin ] --END-- [ RunTime:0.001000s ]
NOTIC: [8] A session had already been started - ignoring session_start() D:\xampp\htdocs\SecondProject\ThinkPHP\Common\functions.php 第 1263 行.
SQL: SHOW COLUMNS FROM `tg_permission` [ RunTime:0.0100s ]
SQL: SELECT * FROM `tg_permission` WHERE `id` = 3 LIMIT 1   [ RunTime:0.0020s ]
SQL: SHOW COLUMNS FROM `tg_modules` [ RunTime:0.0290s ]
SQL: SELECT * FROM `tg_modules` WHERE ( moduleurl='Admins' )  [ RunTime:0.0020s ]
SQL: SELECT * FROM `tg_permission`  [ RunTime:0.0010s ]

[ 2017-01-13T21:15:39+08:00 ] ::1 /SecondProject/TG/index.php/Admin/Admins/role.html
INFO: [ app_begin ] --START--
INFO: Run Behavior\ReadHtmlCacheBehavior [ RunTime:0.001000s ]
INFO: [ app_begin ] --END-- [ RunTime:0.001000s ]
NOTIC: [8] A session had already been started - ignoring session_start() D:\xampp\htdocs\SecondProject\ThinkPHP\Common\functions.php 第 1263 行.
SQL: SHOW COLUMNS FROM `tg_permission` [ RunTime:0.0050s ]
SQL: SELECT * FROM `tg_permission` WHERE `id` = 3 LIMIT 1   [ RunTime:0.0000s ]
SQL: SHOW COLUMNS FROM `tg_modules` [ RunTime:0.0080s ]
SQL: SELECT * FROM `tg_modules` WHERE ( moduleurl='Admins' )  [ RunTime:0.0010s ]
SQL: SELECT * FROM `tg_permission`  [ RunTime:0.0010s ]

[ 2017-01-13T21:15:42+08:00 ] ::1 /SecondProject/TG/index.php/Admin/Admins/role.html
INFO: [ app_begin ] --START--
INFO: Run Behavior\ReadHtmlCacheBehavior [ RunTime:0.004000s ]
INFO: [ app_begin ] --END-- [ RunTime:0.005000s ]
NOTIC: [8] A session had already been started - ignoring session_start() D:\xampp\htdocs\SecondProject\ThinkPHP\Common\functions.php 第 1263 行.
SQL: SHOW COLUMNS FROM `tg_permission` [ RunTime:0.0190s ]
SQL: SELECT * FROM `tg_permission` WHERE `id` = 3 LIMIT 1   [ RunTime:0.0010s ]
SQL: SHOW COLUMNS FROM `tg_modules` [ RunTime:0.0170s ]
SQL: SELECT * FROM `tg_modules` WHERE ( moduleurl='Admins' )  [ RunTime:0.0010s ]
SQL: SELECT * FROM `tg_permission`  [ RunTime:0.0010s ]

[ 2017-01-13T21:15:45+08:00 ] ::1 /SecondProject/TG/index.php/Admin/Admins/role.html
INFO: [ app_begin ] --START--
INFO: Run Behavior\ReadHtmlCacheBehavior [ RunTime:0.001000s ]
INFO: [ app_begin ] --END-- [ RunTime:0.004000s ]
NOTIC: [8] A session had already been started - ignoring session_start() D:\xampp\htdocs\SecondProject\ThinkPHP\Common\functions.php 第 1263 行.
SQL: SHOW COLUMNS FROM `tg_permission` [ RunTime:0.0160s ]
SQL: SELECT * FROM `tg_permission` WHERE `id` = 3 LIMIT 1   [ RunTime:0.0010s ]
SQL: SHOW COLUMNS FROM `tg_modules` [ RunTime:0.0540s ]
SQL: SELECT * FROM `tg_modules` WHERE ( moduleurl='Admins' )  [ RunTime:0.0010s ]
SQL: SELECT * FROM `tg_permission`  [ RunTime:0.0010s ]

[ 2017-01-13T21:15:47+08:00 ] ::1 /SecondProject/TG/index.php/Admin/Admins/role.html
INFO: [ app_begin ] --START--
INFO: Run Behavior\ReadHtmlCacheBehavior [ RunTime:0.002000s ]
INFO: [ app_begin ] --END-- [ RunTime:0.003000s ]
NOTIC: [8] A session had already been started - ignoring session_start() D:\xampp\htdocs\SecondProject\ThinkPHP\Common\functions.php 第 1263 行.
SQL: SHOW COLUMNS FROM `tg_permission` [ RunTime:0.0170s ]
SQL: SELECT * FROM `tg_permission` WHERE `id` = 3 LIMIT 1   [ RunTime:0.0010s ]
SQL: SHOW COLUMNS FROM `tg_modules` [ RunTime:0.0160s ]
SQL: SELECT * FROM `tg_modules` WHERE ( moduleurl='Admins' )  [ RunTime:0.0010s ]
SQL: SELECT * FROM `tg_permission`  [ RunTime:0.0010s ]

[ 2017-01-13T21:15:50+08:00 ] ::1 /SecondProject/TG/index.php/Admin/Admins/role.html
INFO: [ app_begin ] --START--
INFO: Run Behavior\ReadHtmlCacheBehavior [ RunTime:0.001000s ]
INFO: [ app_begin ] --END-- [ RunTime:0.003000s ]
NOTIC: [8] A session had already been started - ignoring session_start() D:\xampp\htdocs\SecondProject\ThinkPHP\Common\functions.php 第 1263 行.
SQL: SHOW COLUMNS FROM `tg_permission` [ RunTime:0.0080s ]
SQL: SELECT * FROM `tg_permission` WHERE `id` = 3 LIMIT 1   [ RunTime:0.0100s ]
SQL: SHOW COLUMNS FROM `tg_modules` [ RunTime:0.0080s ]
SQL: SELECT * FROM `tg_modules` WHERE ( moduleurl='Admins' )  [ RunTime:0.0000s ]
SQL: SELECT * FROM `tg_permission`  [ RunTime:0.0000s ]

[ 2017-01-13T21:19:44+08:00 ] ::1 /SecondProject/TG/index.php/Admin/Admins/role.html
INFO: [ app_begin ] --START--
INFO: Run Behavior\ReadHtmlCacheBehavior [ RunTime:0.000000s ]
INFO: [ app_begin ] --END-- [ RunTime:0.001000s ]
NOTIC: [8] A session had already been started - ignoring session_start() D:\xampp\htdocs\SecondProject\ThinkPHP\Common\functions.php 第 1263 行.
SQL: SHOW COLUMNS FROM `tg_permission` [ RunTime:0.0060s ]
SQL: SELECT * FROM `tg_permission` WHERE `id` = 3 LIMIT 1   [ RunTime:0.0000s ]
SQL: SHOW COLUMNS FROM `tg_modules` [ RunTime:0.0090s ]
SQL: SELECT * FROM `tg_modules` WHERE ( moduleurl='Admins' )  [ RunTime:0.0000s ]
SQL: SELECT * FROM `tg_permission`  [ RunTime:0.0010s ]

[ 2017-01-13T21:19:47+08:00 ] ::1 /SecondProject/TG/index.php/Admin/Admins/role.html
INFO: [ app_begin ] --START--
INFO: Run Behavior\ReadHtmlCacheBehavior [ RunTime:0.000000s ]
INFO: [ app_begin ] --END-- [ RunTime:0.001000s ]
NOTIC: [8] A session had already been started - ignoring session_start() D:\xampp\htdocs\SecondProject\ThinkPHP\Common\functions.php 第 1263 行.
SQL: SHOW COLUMNS FROM `tg_permission` [ RunTime:0.0050s ]
SQL: SELECT * FROM `tg_permission` WHERE `id` = 3 LIMIT 1   [ RunTime:0.0010s ]
SQL: SHOW COLUMNS FROM `tg_modules` [ RunTime:0.0060s ]
SQL: SELECT * FROM `tg_modules` WHERE ( moduleurl='Admins' )  [ RunTime:0.0010s ]
SQL: SELECT * FROM `tg_permission`  [ RunTime:0.0000s ]

[ 2017-01-13T21:20:11+08:00 ] ::1 /SecondProject/TG/index.php/Admin/Admins/role.html
INFO: [ app_begin ] --START--
INFO: Run Behavior\ReadHtmlCacheBehavior [ RunTime:0.000000s ]
INFO: [ app_begin ] --END-- [ RunTime:0.001000s ]
NOTIC: [8] A session had already been started - ignoring session_start() D:\xampp\htdocs\SecondProject\ThinkPHP\Common\functions.php 第 1263 行.
SQL: SHOW COLUMNS FROM `tg_permission` [ RunTime:0.0090s ]
SQL: SELECT * FROM `tg_permission` WHERE `id` = 3 LIMIT 1   [ RunTime:0.0000s ]
SQL: SHOW COLUMNS FROM `tg_modules` [ RunTime:0.0090s ]
SQL: SELECT * FROM `tg_modules` WHERE ( moduleurl='Admins' )  [ RunTime:0.0020s ]
SQL: SELECT * FROM `tg_permission`  [ RunTime:0.0000s ]

[ 2017-01-13T21:20:15+08:00 ] ::1 /SecondProject/TG/index.php/Admin/Admins/role.html
INFO: [ app_begin ] --START--
INFO: Run Behavior\ReadHtmlCacheBehavior [ RunTime:0.002000s ]
INFO: [ app_begin ] --END-- [ RunTime:0.006000s ]
NOTIC: [8] A session had already been started - ignoring session_start() D:\xampp\htdocs\SecondProject\ThinkPHP\Common\functions.php 第 1263 行.
SQL: SHOW COLUMNS FROM `tg_permission` [ RunTime:0.0160s ]
SQL: SELECT * FROM `tg_permission` WHERE `id` = 3 LIMIT 1   [ RunTime:0.0010s ]
SQL: SHOW COLUMNS FROM `tg_modules` [ RunTime:0.0170s ]
SQL: SELECT * FROM `tg_modules` WHERE ( moduleurl='Admins' )  [ RunTime:0.0010s ]
SQL: SELECT * FROM `tg_permission`  [ RunTime:0.0010s ]

[ 2017-01-13T21:20:17+08:00 ] ::1 /SecondProject/TG/index.php/Admin/Admins/role.html
INFO: [ app_begin ] --START--
INFO: Run Behavior\ReadHtmlCacheBehavior [ RunTime:0.008001s ]
INFO: [ app_begin ] --END-- [ RunTime:0.009001s ]
NOTIC: [8] A session had already been started - ignoring session_start() D:\xampp\htdocs\SecondProject\ThinkPHP\Common\functions.php 第 1263 行.
SQL: SHOW COLUMNS FROM `tg_permission` [ RunTime:0.0190s ]
SQL: SELECT * FROM `tg_permission` WHERE `id` = 3 LIMIT 1   [ RunTime:0.0010s ]
SQL: SHOW COLUMNS FROM `tg_modules` [ RunTime:0.0200s ]
SQL: SELECT * FROM `tg_modules` WHERE ( moduleurl='Admins' )  [ RunTime:0.0030s ]
SQL: SELECT * FROM `tg_permission`  [ RunTime:0.0010s ]

[ 2017-01-13T21:20:21+08:00 ] ::1 /SecondProject/TG/index.php/Admin/Admins/role.html
INFO: [ app_begin ] --START--
INFO: Run Behavior\ReadHtmlCacheBehavior [ RunTime:0.002000s ]
INFO: [ app_begin ] --END-- [ RunTime:0.003000s ]
NOTIC: [8] A session had already been started - ignoring session_start() D:\xampp\htdocs\SecondProject\ThinkPHP\Common\functions.php 第 1263 行.
SQL: SHOW COLUMNS FROM `tg_permission` [ RunTime:0.0170s ]
SQL: SELECT * FROM `tg_permission` WHERE `id` = 3 LIMIT 1   [ RunTime:0.0010s ]
SQL: SHOW COLUMNS FROM `tg_modules` [ RunTime:0.0190s ]
SQL: SELECT * FROM `tg_modules` WHERE ( moduleurl='Admins' )  [ RunTime:0.0030s ]
SQL: SELECT * FROM `tg_permission`  [ RunTime:0.0100s ]

[ 2017-01-13T21:20:51+08:00 ] ::1 /SecondProject/TG/index.php/Admin/Admins/role.html
INFO: [ app_begin ] --START--
INFO: Run Behavior\ReadHtmlCacheBehavior [ RunTime:0.001000s ]
INFO: [ app_begin ] --END-- [ RunTime:0.002000s ]
NOTIC: [8] A session had already been started - ignoring session_start() D:\xampp\htdocs\SecondProject\ThinkPHP\Common\functions.php 第 1263 行.
SQL: SHOW COLUMNS FROM `tg_permission` [ RunTime:0.0050s ]
SQL: SELECT * FROM `tg_permission` WHERE `id` = 3 LIMIT 1   [ RunTime:0.0010s ]
SQL: SHOW COLUMNS FROM `tg_modules` [ RunTime:0.0230s ]
SQL: SELECT * FROM `tg_modules` WHERE ( moduleurl='Admins' )  [ RunTime:0.0020s ]
SQL: SELECT * FROM `tg_permission`  [ RunTime:0.0010s ]

[ 2017-01-13T21:20:54+08:00 ] ::1 /SecondProject/TG/index.php/Admin/Admins/role.html
INFO: [ app_begin ] --START--
INFO: Run Behavior\ReadHtmlCacheBehavior [ RunTime:0.000000s ]
INFO: [ app_begin ] --END-- [ RunTime:0.001000s ]
NOTIC: [8] A session had already been started - ignoring session_start() D:\xampp\htdocs\SecondProject\ThinkPHP\Common\functions.php 第 1263 行.
SQL: SHOW COLUMNS FROM `tg_permission` [ RunTime:0.0060s ]
SQL: SELECT * FROM `tg_permission` WHERE `id` = 3 LIMIT 1   [ RunTime:0.0000s ]
SQL: SHOW COLUMNS FROM `tg_modules` [ RunTime:0.0060s ]
SQL: SELECT * FROM `tg_modules` WHERE ( moduleurl='Admins' )  [ RunTime:0.0010s ]
SQL: SELECT * FROM `tg_permission`  [ RunTime:0.0000s ]

[ 2017-01-13T21:20:57+08:00 ] ::1 /SecondProject/TG/index.php/Admin/Admins/role.html
INFO: [ app_begin ] --START--
INFO: Run Behavior\ReadHtmlCacheBehavior [ RunTime:0.000000s ]
INFO: [ app_begin ] --END-- [ RunTime:0.001000s ]
NOTIC: [8] A session had already been started - ignoring session_start() D:\xampp\htdocs\SecondProject\ThinkPHP\Common\functions.php 第 1263 行.
SQL: SHOW COLUMNS FROM `tg_permission` [ RunTime:0.0060s ]
SQL: SELECT * FROM `tg_permission` WHERE `id` = 3 LIMIT 1   [ RunTime:0.0020s ]
SQL: SHOW COLUMNS FROM `tg_modules` [ RunTime:0.0070s ]
SQL: SELECT * FROM `tg_modules` WHERE ( moduleurl='Admins' )  [ RunTime:0.0010s ]
SQL: SELECT * FROM `tg_permission`  [ RunTime:0.0000s ]

[ 2017-01-13T21:21:00+08:00 ] ::1 /SecondProject/TG/index.php/Admin/Admins/role.html
INFO: [ app_begin ] --START--
INFO: Run Behavior\ReadHtmlCacheBehavior [ RunTime:0.001001s ]
INFO: [ app_begin ] --END-- [ RunTime:0.003001s ]
NOTIC: [8] A session had already been started - ignoring session_start() D:\xampp\htdocs\SecondProject\ThinkPHP\Common\functions.php 第 1263 行.
SQL: SHOW COLUMNS FROM `tg_permission` [ RunTime:0.0200s ]
SQL: SELECT * FROM `tg_permission` WHERE `id` = 3 LIMIT 1   [ RunTime:0.0070s ]
SQL: SHOW COLUMNS FROM `tg_modules` [ RunTime:0.0210s ]
SQL: SELECT * FROM `tg_modules` WHERE ( moduleurl='Admins' )  [ RunTime:0.0000s ]
SQL: SELECT * FROM `tg_permission`  [ RunTime:0.0010s ]

[ 2017-01-13T21:21:04+08:00 ] ::1 /SecondProject/TG/index.php/Admin/Admins/role.html
INFO: [ app_begin ] --START--
INFO: Run Behavior\ReadHtmlCacheBehavior [ RunTime:0.002000s ]
INFO: [ app_begin ] --END-- [ RunTime:0.003000s ]
NOTIC: [8] A session had already been started - ignoring session_start() D:\xampp\htdocs\SecondProject\ThinkPHP\Common\functions.php 第 1263 行.
SQL: SHOW COLUMNS FROM `tg_permission` [ RunTime:0.0150s ]
SQL: SELECT * FROM `tg_permission` WHERE `id` = 3 LIMIT 1   [ RunTime:0.0010s ]
SQL: SHOW COLUMNS FROM `tg_modules` [ RunTime:0.0100s ]
SQL: SELECT * FROM `tg_modules` WHERE ( moduleurl='Admins' )  [ RunTime:0.0010s ]
SQL: SELECT * FROM `tg_permission`  [ RunTime:0.0000s ]

[ 2017-01-13T21:21:06+08:00 ] ::1 /SecondProject/TG/index.php/Admin/Admins/role.html
INFO: [ app_begin ] --START--
INFO: Run Behavior\ReadHtmlCacheBehavior [ RunTime:0.000000s ]
INFO: [ app_begin ] --END-- [ RunTime:0.001000s ]
NOTIC: [8] A session had already been started - ignoring session_start() D:\xampp\htdocs\SecondProject\ThinkPHP\Common\functions.php 第 1263 行.
SQL: SHOW COLUMNS FROM `tg_permission` [ RunTime:0.0060s ]
SQL: SELECT * FROM `tg_permission` WHERE `id` = 3 LIMIT 1   [ RunTime:0.0000s ]
SQL: SHOW COLUMNS FROM `tg_modules` [ RunTime:0.0060s ]
SQL: SELECT * FROM `tg_modules` WHERE ( moduleurl='Admins' )  [ RunTime:0.0010s ]
SQL: SELECT * FROM `tg_permission`  [ RunTime:0.0000s ]

[ 2017-01-13T21:23:33+08:00 ] ::1 /SecondProject/TG/index.php/Admin/Admins/role.html
INFO: [ app_begin ] --START--
INFO: Run Behavior\ReadHtmlCacheBehavior [ RunTime:0.002001s ]
INFO: [ app_begin ] --END-- [ RunTime:0.004001s ]
NOTIC: [8] A session had already been started - ignoring session_start() D:\xampp\htdocs\SecondProject\ThinkPHP\Common\functions.php 第 1263 行.
SQL: SHOW COLUMNS FROM `tg_permission` [ RunTime:0.0080s ]
SQL: SELECT * FROM `tg_permission` WHERE `id` = 3 LIMIT 1   [ RunTime:0.0010s ]
SQL: SHOW COLUMNS FROM `tg_modules` [ RunTime:0.0100s ]
SQL: SELECT * FROM `tg_modules` WHERE ( moduleurl='Admins' )  [ RunTime:0.0010s ]
SQL: SELECT * FROM `tg_permission`  [ RunTime:0.0000s ]

[ 2017-01-13T21:23:41+08:00 ] ::1 /SecondProject/TG/index.php/Admin/Admins/role.html
INFO: [ app_begin ] --START--
INFO: Run Behavior\ReadHtmlCacheBehavior [ RunTime:0.001000s ]
INFO: [ app_begin ] --END-- [ RunTime:0.002000s ]
NOTIC: [8] A session had already been started - ignoring session_start() D:\xampp\htdocs\SecondProject\ThinkPHP\Common\functions.php 第 1263 行.
SQL: SHOW COLUMNS FROM `tg_permission` [ RunTime:0.0050s ]
SQL: SELECT * FROM `tg_permission` WHERE `id` = 3 LIMIT 1   [ RunTime:0.0020s ]
SQL: SHOW COLUMNS FROM `tg_modules` [ RunTime:0.0050s ]
SQL: SELECT * FROM `tg_modules` WHERE ( moduleurl='Admins' )  [ RunTime:0.0000s ]
SQL: SELECT * FROM `tg_permission`  [ RunTime:0.0000s ]

[ 2017-01-13T21:23:44+08:00 ] ::1 /SecondProject/TG/index.php/Admin/Admins/role.html
INFO: [ app_begin ] --START--
INFO: Run Behavior\ReadHtmlCacheBehavior [ RunTime:0.002000s ]
INFO: [ app_begin ] --END-- [ RunTime:0.003000s ]
NOTIC: [8] A session had already been started - ignoring session_start() D:\xampp\htdocs\SecondProject\ThinkPHP\Common\functions.php 第 1263 行.
SQL: SHOW COLUMNS FROM `tg_permission` [ RunTime:0.0320s ]
SQL: SELECT * FROM `tg_permission` WHERE `id` = 3 LIMIT 1   [ RunTime:0.0010s ]
SQL: SHOW COLUMNS FROM `tg_modules` [ RunTime:0.0250s ]
SQL: SELECT * FROM `tg_modules` WHERE ( moduleurl='Admins' )  [ RunTime:0.0010s ]
SQL: SELECT * FROM `tg_permission`  [ RunTime:0.0010s ]

[ 2017-01-13T21:26:19+08:00 ] ::1 /SecondProject/TG/index.php/Admin/Admins/role.html
INFO: [ app_begin ] --START--
INFO: Run Behavior\ReadHtmlCacheBehavior [ RunTime:0.003000s ]
INFO: [ app_begin ] --END-- [ RunTime:0.004000s ]
NOTIC: [8] A session had already been started - ignoring session_start() D:\xampp\htdocs\SecondProject\ThinkPHP\Common\functions.php 第 1263 行.
SQL: SHOW COLUMNS FROM `tg_permission` [ RunTime:0.0090s ]
SQL: SELECT * FROM `tg_permission` WHERE `id` = 3 LIMIT 1   [ RunTime:0.0010s ]
SQL: SHOW COLUMNS FROM `tg_modules` [ RunTime:0.0110s ]
SQL: SELECT * FROM `tg_modules` WHERE ( moduleurl='Admins' )  [ RunTime:0.0030s ]
SQL: SELECT * FROM `tg_permission`  [ RunTime:0.0020s ]

[ 2017-01-13T21:26:23+08:00 ] ::1 /SecondProject/TG/index.php/Admin/Admins/role.html
INFO: [ app_begin ] --START--
INFO: Run Behavior\ReadHtmlCacheBehavior [ RunTime:0.003000s ]
INFO: [ app_begin ] --END-- [ RunTime:0.004000s ]
NOTIC: [8] A session had already been started - ignoring session_start() D:\xampp\htdocs\SecondProject\ThinkPHP\Common\functions.php 第 1263 行.
SQL: SHOW COLUMNS FROM `tg_permission` [ RunTime:0.0270s ]
SQL: SELECT * FROM `tg_permission` WHERE `id` = 3 LIMIT 1   [ RunTime:0.0000s ]
SQL: SHOW COLUMNS FROM `tg_modules` [ RunTime:0.0180s ]
SQL: SELECT * FROM `tg_modules` WHERE ( moduleurl='Admins' )  [ RunTime:0.0010s ]
SQL: SELECT * FROM `tg_permission`  [ RunTime:0.0000s ]

[ 2017-01-13T21:29:53+08:00 ] ::1 /SecondProject/TG/index.php/Admin/Admins/role.html
INFO: [ app_begin ] --START--
INFO: Run Behavior\ReadHtmlCacheBehavior [ RunTime:0.001000s ]
INFO: [ app_begin ] --END-- [ RunTime:0.004001s ]
NOTIC: [8] A session had already been started - ignoring session_start() D:\xampp\htdocs\SecondProject\ThinkPHP\Common\functions.php 第 1263 行.
SQL: SHOW COLUMNS FROM `tg_permission` [ RunTime:0.0180s ]
SQL: SELECT * FROM `tg_permission` WHERE `id` = 3 LIMIT 1   [ RunTime:0.0020s ]
SQL: SHOW COLUMNS FROM `tg_modules` [ RunTime:0.0160s ]
SQL: SELECT * FROM `tg_modules` WHERE ( moduleurl='Admins' )  [ RunTime:0.0010s ]
SQL: SELECT * FROM `tg_permission`  [ RunTime:0.0000s ]

[ 2017-01-13T21:29:59+08:00 ] ::1 /SecondProject/TG/index.php/Admin/Admins/role.html
INFO: [ app_begin ] --START--
INFO: Run Behavior\ReadHtmlCacheBehavior [ RunTime:0.002000s ]
INFO: [ app_begin ] --END-- [ RunTime:0.004000s ]
NOTIC: [8] A session had already been started - ignoring session_start() D:\xampp\htdocs\SecondProject\ThinkPHP\Common\functions.php 第 1263 行.
SQL: SHOW COLUMNS FROM `tg_permission` [ RunTime:0.0100s ]
SQL: SELECT * FROM `tg_permission` WHERE `id` = 3 LIMIT 1   [ RunTime:0.0020s ]
SQL: SHOW COLUMNS FROM `tg_modules` [ RunTime:0.0130s ]
SQL: SELECT * FROM `tg_modules` WHERE ( moduleurl='Admins' )  [ RunTime:0.0020s ]
SQL: SELECT * FROM `tg_permission`  [ RunTime:0.0010s ]

[ 2017-01-13T21:30:07+08:00 ] ::1 /SecondProject/TG/index.php/Admin/Admins/role.html
INFO: [ app_begin ] --START--
INFO: Run Behavior\ReadHtmlCacheBehavior [ RunTime:0.001000s ]
INFO: [ app_begin ] --END-- [ RunTime:0.001000s ]
NOTIC: [8] A session had already been started - ignoring session_start() D:\xampp\htdocs\SecondProject\ThinkPHP\Common\functions.php 第 1263 行.
SQL: SHOW COLUMNS FROM `tg_permission` [ RunTime:0.0190s ]
SQL: SELECT * FROM `tg_permission` WHERE `id` = 3 LIMIT 1   [ RunTime:0.0020s ]
SQL: SHOW COLUMNS FROM `tg_modules` [ RunTime:0.0070s ]
SQL: SELECT * FROM `tg_modules` WHERE ( moduleurl='Admins' )  [ RunTime:0.0000s ]
SQL: SELECT * FROM `tg_permission`  [ RunTime:0.0000s ]

[ 2017-01-13T21:30:14+08:00 ] ::1 /SecondProject/TG/index.php/Admin/Admins/role.html
INFO: [ app_begin ] --START--
INFO: Run Behavior\ReadHtmlCacheBehavior [ RunTime:0.001000s ]
INFO: [ app_begin ] --END-- [ RunTime:0.001000s ]
NOTIC: [8] A session had already been started - ignoring session_start() D:\xampp\htdocs\SecondProject\ThinkPHP\Common\functions.php 第 1263 行.
SQL: SHOW COLUMNS FROM `tg_permission` [ RunTime:0.0250s ]
SQL: SELECT * FROM `tg_permission` WHERE `id` = 3 LIMIT 1   [ RunTime:0.0050s ]
SQL: SHOW COLUMNS FROM `tg_modules` [ RunTime:0.0050s ]
SQL: SELECT * FROM `tg_modules` WHERE ( moduleurl='Admins' )  [ RunTime:0.0010s ]
SQL: SELECT * FROM `tg_permission`  [ RunTime:0.0000s ]

[ 2017-01-13T21:30:19+08:00 ] ::1 /SecondProject/TG/index.php/Admin/Admins/role.html
INFO: [ app_begin ] --START--
INFO: Run Behavior\ReadHtmlCacheBehavior [ RunTime:0.002000s ]
INFO: [ app_begin ] --END-- [ RunTime:0.003000s ]
NOTIC: [8] A session had already been started - ignoring session_start() D:\xampp\htdocs\SecondProject\ThinkPHP\Common\functions.php 第 1263 行.
SQL: SHOW COLUMNS FROM `tg_permission` [ RunTime:0.0190s ]
SQL: SELECT * FROM `tg_permission` WHERE `id` = 3 LIMIT 1   [ RunTime:0.0020s ]
SQL: SHOW COLUMNS FROM `tg_modules` [ RunTime:0.0170s ]
SQL: SELECT * FROM `tg_modules` WHERE ( moduleurl='Admins' )  [ RunTime:0.0030s ]
SQL: SELECT * FROM `tg_permission`  [ RunTime:0.0010s ]

[ 2017-01-13T21:30:25+08:00 ] ::1 /SecondProject/TG/index.php/Admin/Admins/role.html
INFO: [ app_begin ] --START--
INFO: Run Behavior\ReadHtmlCacheBehavior [ RunTime:0.000000s ]
INFO: [ app_begin ] --END-- [ RunTime:0.001000s ]
NOTIC: [8] A session had already been started - ignoring session_start() D:\xampp\htdocs\SecondProject\ThinkPHP\Common\functions.php 第 1263 行.
SQL: SHOW COLUMNS FROM `tg_permission` [ RunTime:0.0060s ]
SQL: SELECT * FROM `tg_permission` WHERE `id` = 3 LIMIT 1   [ RunTime:0.0010s ]
SQL: SHOW COLUMNS FROM `tg_modules` [ RunTime:0.0240s ]
SQL: SELECT * FROM `tg_modules` WHERE ( moduleurl='Admins' )  [ RunTime:0.0010s ]
SQL: SELECT * FROM `tg_permission`  [ RunTime:0.0000s ]

[ 2017-01-13T21:30:29+08:00 ] ::1 /SecondProject/TG/index.php/Admin/Admins/role.html
INFO: [ app_begin ] --START--
INFO: Run Behavior\ReadHtmlCacheBehavior [ RunTime:0.001000s ]
INFO: [ app_begin ] --END-- [ RunTime:0.002000s ]
NOTIC: [8] A session had already been started - ignoring session_start() D:\xampp\htdocs\SecondProject\ThinkPHP\Common\functions.php 第 1263 行.
SQL: SHOW COLUMNS FROM `tg_permission` [ RunTime:0.0110s ]
SQL: SELECT * FROM `tg_permission` WHERE `id` = 3 LIMIT 1   [ RunTime:0.0020s ]
SQL: SHOW COLUMNS FROM `tg_modules` [ RunTime:0.0130s ]
SQL: SELECT * FROM `tg_modules` WHERE ( moduleurl='Admins' )  [ RunTime:0.0020s ]
SQL: SELECT * FROM `tg_permission`  [ RunTime:0.0000s ]

[ 2017-01-13T21:46:54+08:00 ] ::1 /SecondProject/TG/index.php/Admin/Admins/role.html
INFO: [ app_begin ] --START--
INFO: Run Behavior\ReadHtmlCacheBehavior [ RunTime:0.001000s ]
INFO: [ app_begin ] --END-- [ RunTime:0.001000s ]
NOTIC: [8] A session had already been started - ignoring session_start() D:\xampp\htdocs\SecondProject\ThinkPHP\Common\functions.php 第 1263 行.
SQL: SHOW COLUMNS FROM `tg_permission` [ RunTime:0.0060s ]
SQL: SELECT * FROM `tg_permission` WHERE `id` = 3 LIMIT 1   [ RunTime:0.0010s ]
SQL: SHOW COLUMNS FROM `tg_modules` [ RunTime:0.0090s ]
SQL: SELECT * FROM `tg_modules` WHERE ( moduleurl='Admins' )  [ RunTime:0.0000s ]
SQL: SELECT * FROM `tg_permission`  [ RunTime:0.0010s ]

[ 2017-01-13T22:09:57+08:00 ] ::1 /SecondProject/TG/index.php/Admin/Admins/role.html
INFO: [ app_begin ] --START--
INFO: Run Behavior\ReadHtmlCacheBehavior [ RunTime:0.003000s ]
INFO: [ app_begin ] --END-- [ RunTime:0.004000s ]
NOTIC: [8] A session had already been started - ignoring session_start() D:\xampp\htdocs\SecondProject\ThinkPHP\Common\functions.php 第 1263 行.
SQL: SHOW COLUMNS FROM `tg_permission` [ RunTime:0.0100s ]
SQL: SELECT * FROM `tg_permission` WHERE `id` = 3 LIMIT 1   [ RunTime:0.0010s ]
SQL: SHOW COLUMNS FROM `tg_modules` [ RunTime:0.0260s ]
SQL: SELECT * FROM `tg_modules` WHERE ( moduleurl='Admins' )  [ RunTime:0.0000s ]
SQL: SELECT * FROM `tg_permission`  [ RunTime:0.0010s ]

[ 2017-01-13T22:10:04+08:00 ] ::1 /SecondProject/TG/index.php/Admin/Admins/role.html
INFO: [ app_begin ] --START--
INFO: Run Behavior\ReadHtmlCacheBehavior [ RunTime:0.002000s ]
INFO: [ app_begin ] --END-- [ RunTime:0.003000s ]
NOTIC: [8] A session had already been started - ignoring session_start() D:\xampp\htdocs\SecondProject\ThinkPHP\Common\functions.php 第 1263 行.
SQL: SHOW COLUMNS FROM `tg_permission` [ RunTime:0.0230s ]
SQL: SELECT * FROM `tg_permission` WHERE `id` = 3 LIMIT 1   [ RunTime:0.0040s ]
SQL: SHOW COLUMNS FROM `tg_modules` [ RunTime:0.0170s ]
SQL: SELECT * FROM `tg_modules` WHERE ( moduleurl='Admins' )  [ RunTime:0.0010s ]
SQL: SELECT * FROM `tg_permission`  [ RunTime:0.0060s ]

[ 2017-01-13T22:24:51+08:00 ] ::1 /SecondProject/TG/index.php/Admin/Admins/role.html
INFO: [ app_begin ] --START--
INFO: Run Behavior\ReadHtmlCacheBehavior [ RunTime:0.002000s ]
INFO: [ app_begin ] --END-- [ RunTime:0.003000s ]
NOTIC: [8] A session had already been started - ignoring session_start() D:\xampp\htdocs\SecondProject\ThinkPHP\Common\functions.php 第 1263 行.
SQL: SHOW COLUMNS FROM `tg_permission` [ RunTime:0.0110s ]
SQL: SELECT * FROM `tg_permission` WHERE `id` = 3 LIMIT 1   [ RunTime:0.0020s ]
SQL: SHOW COLUMNS FROM `tg_modules` [ RunTime:0.0100s ]
SQL: SELECT * FROM `tg_modules` WHERE ( moduleurl='Admins' )  [ RunTime:0.0010s ]
SQL: SELECT * FROM `tg_permission`  [ RunTime:0.0000s ]

[ 2017-01-13T22:25:08+08:00 ] ::1 /SecondProject/TG/index.php/Admin/Admins/role.html
INFO: [ app_begin ] --START--
INFO: Run Behavior\ReadHtmlCacheBehavior [ RunTime:0.002000s ]
INFO: [ app_begin ] --END-- [ RunTime:0.003000s ]
NOTIC: [8] A session had already been started - ignoring session_start() D:\xampp\htdocs\SecondProject\ThinkPHP\Common\functions.php 第 1263 行.
SQL: SHOW COLUMNS FROM `tg_permission` [ RunTime:0.0150s ]
SQL: SELECT * FROM `tg_permission` WHERE `id` = 3 LIMIT 1   [ RunTime:0.0020s ]
SQL: SHOW COLUMNS FROM `tg_modules` [ RunTime:0.0090s ]
SQL: SELECT * FROM `tg_modules` WHERE ( moduleurl='Admins' )  [ RunTime:0.0000s ]
SQL: SELECT * FROM `tg_permission`  [ RunTime:0.0000s ]

[ 2017-01-13T22:25:21+08:00 ] ::1 /SecondProject/TG/index.php/Admin/Admins/role.html
INFO: [ app_begin ] --START--
INFO: Run Behavior\ReadHtmlCacheBehavior [ RunTime:0.000000s ]
INFO: [ app_begin ] --END-- [ RunTime:0.001000s ]
NOTIC: [8] A session had already been started - ignoring session_start() D:\xampp\htdocs\SecondProject\ThinkPHP\Common\functions.php 第 1263 行.
SQL: SHOW COLUMNS FROM `tg_permission` [ RunTime:0.0060s ]
SQL: SELECT * FROM `tg_permission` WHERE `id` = 3 LIMIT 1   [ RunTime:0.0010s ]
SQL: SHOW COLUMNS FROM `tg_modules` [ RunTime:0.0050s ]
SQL: SELECT * FROM `tg_modules` WHERE ( moduleurl='Admins' )  [ RunTime:0.0010s ]
SQL: SELECT * FROM `tg_permission`  [ RunTime:0.0000s ]

[ 2017-01-13T22:27:15+08:00 ] ::1 /SecondProject/TG/index.php/Admin/Admins/role.html
INFO: [ app_begin ] --START--
INFO: Run Behavior\ReadHtmlCacheBehavior [ RunTime:0.002000s ]
INFO: [ app_begin ] --END-- [ RunTime:0.003000s ]
NOTIC: [8] A session had already been started - ignoring session_start() D:\xampp\htdocs\SecondProject\ThinkPHP\Common\functions.php 第 1263 行.
SQL: SHOW COLUMNS FROM `tg_permission` [ RunTime:0.0190s ]
SQL: SELECT * FROM `tg_permission` WHERE `id` = 3 LIMIT 1   [ RunTime:0.0010s ]
SQL: SHOW COLUMNS FROM `tg_modules` [ RunTime:0.0190s ]
SQL: SELECT * FROM `tg_modules` WHERE ( moduleurl='Admins' )  [ RunTime:0.0010s ]
SQL: SELECT * FROM `tg_permission`  [ RunTime:0.0010s ]

[ 2017-01-13T22:32:44+08:00 ] ::1 /SecondProject/TG/index.php/Admin/Admins/role.html
INFO: [ app_begin ] --START--
INFO: Run Behavior\ReadHtmlCacheBehavior [ RunTime:0.001000s ]
INFO: [ app_begin ] --END-- [ RunTime:0.003000s ]
NOTIC: [8] A session had already been started - ignoring session_start() D:\xampp\htdocs\SecondProject\ThinkPHP\Common\functions.php 第 1263 行.
SQL: SHOW COLUMNS FROM `tg_permission` [ RunTime:0.0080s ]
SQL: SELECT * FROM `tg_permission` WHERE `id` = 3 LIMIT 1   [ RunTime:0.0010s ]
SQL: SHOW COLUMNS FROM `tg_modules` [ RunTime:0.0090s ]
SQL: SELECT * FROM `tg_modules` WHERE ( moduleurl='Admins' )  [ RunTime:0.0020s ]
SQL: SELECT * FROM `tg_permission`  [ RunTime:0.0020s ]

[ 2017-01-13T22:34:14+08:00 ] ::1 /SecondProject/TG/index.php/Admin/Admins/role.html
INFO: [ app_begin ] --START--
INFO: Run Behavior\ReadHtmlCacheBehavior [ RunTime:0.001000s ]
INFO: [ app_begin ] --END-- [ RunTime:0.002000s ]
NOTIC: [8] A session had already been started - ignoring session_start() D:\xampp\htdocs\SecondProject\ThinkPHP\Common\functions.php 第 1263 行.
SQL: SHOW COLUMNS FROM `tg_permission` [ RunTime:0.0090s ]
SQL: SELECT * FROM `tg_permission` WHERE `id` = 3 LIMIT 1   [ RunTime:0.0000s ]
SQL: SHOW COLUMNS FROM `tg_modules` [ RunTime:0.0110s ]
SQL: SELECT * FROM `tg_modules` WHERE ( moduleurl='Admins' )  [ RunTime:0.0120s ]
SQL: SELECT * FROM `tg_permission`  [ RunTime:0.0010s ]

[ 2017-01-13T22:35:50+08:00 ] ::1 /SecondProject/TG/index.php/Admin/Admins/role.html
INFO: [ app_begin ] --START--
INFO: Run Behavior\ReadHtmlCacheBehavior [ RunTime:0.000000s ]
INFO: [ app_begin ] --END-- [ RunTime:0.001000s ]
NOTIC: [8] A session had already been started - ignoring session_start() D:\xampp\htdocs\SecondProject\ThinkPHP\Common\functions.php 第 1263 行.
SQL: SHOW COLUMNS FROM `tg_permission` [ RunTime:0.0050s ]
SQL: SELECT * FROM `tg_permission` WHERE `id` = 3 LIMIT 1   [ RunTime:0.0480s ]
SQL: SHOW COLUMNS FROM `tg_modules` [ RunTime:0.0060s ]
SQL: SELECT * FROM `tg_modules` WHERE ( moduleurl='Admins' )  [ RunTime:0.0020s ]
SQL: SELECT * FROM `tg_permission`  [ RunTime:0.0010s ]

[ 2017-01-13T22:51:39+08:00 ] ::1 /SecondProject/TG/index.php/Admin/Admins/role.html
INFO: [ app_begin ] --START--
INFO: Run Behavior\ReadHtmlCacheBehavior [ RunTime:0.001000s ]
INFO: [ app_begin ] --END-- [ RunTime:0.001000s ]
NOTIC: [8] A session had already been started - ignoring session_start() D:\xampp\htdocs\SecondProject\ThinkPHP\Common\functions.php 第 1263 行.
SQL: SHOW COLUMNS FROM `tg_permission` [ RunTime:0.0050s ]
SQL: SELECT * FROM `tg_permission` WHERE `id` = 3 LIMIT 1   [ RunTime:0.0000s ]
SQL: SHOW COLUMNS FROM `tg_modules` [ RunTime:0.0290s ]
SQL: SELECT * FROM `tg_modules` WHERE ( moduleurl='Admins' )  [ RunTime:0.0020s ]
SQL: SELECT * FROM `tg_permission`  [ RunTime:0.0050s ]

[ 2017-01-13T22:51:43+08:00 ] ::1 /SecondProject/TG/index.php/Admin/Admins/role.html
INFO: [ app_begin ] --START--
INFO: Run Behavior\ReadHtmlCacheBehavior [ RunTime:0.002000s ]
INFO: [ app_begin ] --END-- [ RunTime:0.003000s ]
NOTIC: [8] A session had already been started - ignoring session_start() D:\xampp\htdocs\SecondProject\ThinkPHP\Common\functions.php 第 1263 行.
SQL: SHOW COLUMNS FROM `tg_permission` [ RunTime:0.0140s ]
SQL: SELECT * FROM `tg_permission` WHERE `id` = 3 LIMIT 1   [ RunTime:0.0020s ]
SQL: SHOW COLUMNS FROM `tg_modules` [ RunTime:0.0090s ]
SQL: SELECT * FROM `tg_modules` WHERE ( moduleurl='Admins' )  [ RunTime:0.0010s ]
SQL: SELECT * FROM `tg_permission`  [ RunTime:0.0000s ]

[ 2017-01-13T22:54:45+08:00 ] ::1 /SecondProject/TG/index.php/Admin/Admins/role.html
INFO: [ app_begin ] --START--
INFO: Run Behavior\ReadHtmlCacheBehavior [ RunTime:0.000000s ]
INFO: [ app_begin ] --END-- [ RunTime:0.001000s ]
NOTIC: [8] A session had already been started - ignoring session_start() D:\xampp\htdocs\SecondProject\ThinkPHP\Common\functions.php 第 1263 行.
SQL: SHOW COLUMNS FROM `tg_permission` [ RunTime:0.0080s ]
SQL: SELECT * FROM `tg_permission` WHERE `id` = 3 LIMIT 1   [ RunTime:0.0000s ]
SQL: SHOW COLUMNS FROM `tg_modules` [ RunTime:0.0090s ]
SQL: SELECT * FROM `tg_modules` WHERE ( moduleurl='Admins' )  [ RunTime:0.0010s ]
SQL: SELECT * FROM `tg_permission`  [ RunTime:0.0000s ]

[ 2017-01-13T22:55:06+08:00 ] ::1 /SecondProject/TG/index.php/Admin/Admins/role.html
INFO: [ app_begin ] --START--
INFO: Run Behavior\ReadHtmlCacheBehavior [ RunTime:0.001000s ]
INFO: [ app_begin ] --END-- [ RunTime:0.001000s ]
NOTIC: [8] A session had already been started - ignoring session_start() D:\xampp\htdocs\SecondProject\ThinkPHP\Common\functions.php 第 1263 行.
SQL: SHOW COLUMNS FROM `tg_permission` [ RunTime:0.0090s ]
SQL: SELECT * FROM `tg_permission` WHERE `id` = 3 LIMIT 1   [ RunTime:0.0010s ]
SQL: SHOW COLUMNS FROM `tg_modules` [ RunTime:0.0100s ]
SQL: SELECT * FROM `tg_modules` WHERE ( moduleurl='Admins' )  [ RunTime:0.0010s ]
SQL: SELECT * FROM `tg_permission`  [ RunTime:0.0000s ]

[ 2017-01-13T22:58:32+08:00 ] ::1 /SecondProject/TG/index.php/Admin/Admins/role.html
INFO: [ app_begin ] --START--
INFO: Run Behavior\ReadHtmlCacheBehavior [ RunTime:0.000000s ]
INFO: [ app_begin ] --END-- [ RunTime:0.001000s ]
NOTIC: [8] A session had already been started - ignoring session_start() D:\xampp\htdocs\SecondProject\ThinkPHP\Common\functions.php 第 1263 行.
SQL: SHOW COLUMNS FROM `tg_permission` [ RunTime:0.0100s ]
SQL: SELECT * FROM `tg_permission` WHERE `id` = 3 LIMIT 1   [ RunTime:0.0020s ]
SQL: SHOW COLUMNS FROM `tg_modules` [ RunTime:0.0090s ]
SQL: SELECT * FROM `tg_modules` WHERE ( moduleurl='Admins' )  [ RunTime:0.0000s ]
SQL: SELECT * FROM `tg_permission`  [ RunTime:0.0000s ]

[ 2017-01-13T22:58:38+08:00 ] ::1 /SecondProject/TG/index.php/Admin/Admins/role.html
INFO: [ app_begin ] --START--
INFO: Run Behavior\ReadHtmlCacheBehavior [ RunTime:0.000000s ]
INFO: [ app_begin ] --END-- [ RunTime:0.001000s ]
NOTIC: [8] A session had already been started - ignoring session_start() D:\xampp\htdocs\SecondProject\ThinkPHP\Common\functions.php 第 1263 行.
SQL: SHOW COLUMNS FROM `tg_permission` [ RunTime:0.0070s ]
SQL: SELECT * FROM `tg_permission` WHERE `id` = 3 LIMIT 1   [ RunTime:0.0000s ]
SQL: SHOW COLUMNS FROM `tg_modules` [ RunTime:0.0070s ]
SQL: SELECT * FROM `tg_modules` WHERE ( moduleurl='Admins' )  [ RunTime:0.0030s ]
SQL: SELECT * FROM `tg_permission`  [ RunTime:0.0000s ]

[ 2017-01-13T22:59:10+08:00 ] ::1 /SecondProject/TG/index.php/Admin/Admins/role.html
INFO: [ app_begin ] --START--
INFO: Run Behavior\ReadHtmlCacheBehavior [ RunTime:0.002000s ]
INFO: [ app_begin ] --END-- [ RunTime:0.006000s ]
NOTIC: [8] A session had already been started - ignoring session_start() D:\xampp\htdocs\SecondProject\ThinkPHP\Common\functions.php 第 1263 行.
SQL: SHOW COLUMNS FROM `tg_permission` [ RunTime:0.0090s ]
SQL: SELECT * FROM `tg_permission` WHERE `id` = 3 LIMIT 1   [ RunTime:0.0010s ]
SQL: SHOW COLUMNS FROM `tg_modules` [ RunTime:0.0080s ]
SQL: SELECT * FROM `tg_modules` WHERE ( moduleurl='Admins' )  [ RunTime:0.0010s ]
SQL: SELECT * FROM `tg_permission`  [ RunTime:0.0000s ]

[ 2017-01-13T22:59:14+08:00 ] ::1 /SecondProject/TG/index.php/Admin/Admins/role.html
INFO: [ app_begin ] --START--
INFO: Run Behavior\ReadHtmlCacheBehavior [ RunTime:0.002000s ]
INFO: [ app_begin ] --END-- [ RunTime:0.007001s ]
NOTIC: [8] A session had already been started - ignoring session_start() D:\xampp\htdocs\SecondProject\ThinkPHP\Common\functions.php 第 1263 行.
SQL: SHOW COLUMNS FROM `tg_permission` [ RunTime:0.0230s ]
SQL: SELECT * FROM `tg_permission` WHERE `id` = 3 LIMIT 1   [ RunTime:0.0020s ]
SQL: SHOW COLUMNS FROM `tg_modules` [ RunTime:0.0110s ]
SQL: SELECT * FROM `tg_modules` WHERE ( moduleurl='Admins' )  [ RunTime:0.0010s ]
SQL: SELECT * FROM `tg_permission`  [ RunTime:0.0010s ]

[ 2017-01-13T23:05:54+08:00 ] ::1 /SecondProject/TG/index.php/Admin/Admins/role.html
INFO: [ app_begin ] --START--
INFO: Run Behavior\ReadHtmlCacheBehavior [ RunTime:0.003001s ]
INFO: [ app_begin ] --END-- [ RunTime:0.005001s ]
NOTIC: [8] A session had already been started - ignoring session_start() D:\xampp\htdocs\SecondProject\ThinkPHP\Common\functions.php 第 1263 行.
SQL: SHOW COLUMNS FROM `tg_permission` [ RunTime:0.0200s ]
SQL: SELECT * FROM `tg_permission` WHERE `id` = 3 LIMIT 1   [ RunTime:0.0000s ]
SQL: SHOW COLUMNS FROM `tg_modules` [ RunTime:0.0080s ]
SQL: SELECT * FROM `tg_modules` WHERE ( moduleurl='Admins' )  [ RunTime:0.0000s ]
SQL: SELECT * FROM `tg_permission`  [ RunTime:0.0000s ]

[ 2017-01-13T23:06:03+08:00 ] ::1 /SecondProject/TG/index.php/Admin/Admins/role.html
INFO: [ app_begin ] --START--
INFO: Run Behavior\ReadHtmlCacheBehavior [ RunTime:0.003000s ]
INFO: [ app_begin ] --END-- [ RunTime:0.004000s ]
NOTIC: [8] A session had already been started - ignoring session_start() D:\xampp\htdocs\SecondProject\ThinkPHP\Common\functions.php 第 1263 行.
SQL: SHOW COLUMNS FROM `tg_permission` [ RunTime:0.0160s ]
SQL: SELECT * FROM `tg_permission` WHERE `id` = 3 LIMIT 1   [ RunTime:0.0010s ]
SQL: SHOW COLUMNS FROM `tg_modules` [ RunTime:0.0150s ]
SQL: SELECT * FROM `tg_modules` WHERE ( moduleurl='Admins' )  [ RunTime:0.0010s ]
SQL: SELECT * FROM `tg_permission`  [ RunTime:0.0010s ]

[ 2017-01-13T23:06:09+08:00 ] ::1 /SecondProject/TG/index.php/Admin/Admins/role.html
INFO: [ app_begin ] --START--
INFO: Run Behavior\ReadHtmlCacheBehavior [ RunTime:0.002000s ]
INFO: [ app_begin ] --END-- [ RunTime:0.003000s ]
NOTIC: [8] A session had already been started - ignoring session_start() D:\xampp\htdocs\SecondProject\ThinkPHP\Common\functions.php 第 1263 行.
SQL: SHOW COLUMNS FROM `tg_permission` [ RunTime:0.0210s ]
SQL: SELECT * FROM `tg_permission` WHERE `id` = 3 LIMIT 1   [ RunTime:0.0020s ]
SQL: SHOW COLUMNS FROM `tg_modules` [ RunTime:0.0210s ]
SQL: SELECT * FROM `tg_modules` WHERE ( moduleurl='Admins' )  [ RunTime:0.0010s ]
SQL: SELECT * FROM `tg_permission`  [ RunTime:0.0010s ]

