[ 2017-02-24T21:19:46+08:00 ] ::1 /project/TG/index.php/Home/Collection/status.html?id=579
INFO: [ app_begin ] --START--
INFO: Run Behavior\ReadHtmlCacheBehavior [ RunTime:0.001000s ]
INFO: [ app_begin ] --END-- [ RunTime:0.002000s ]
NOTIC: [8] A session had already been started - ignoring session_start() E:\wamp\www\project\ThinkPHP\Common\functions.php 第 1263 行.
NOTIC: [8] Undefined index: users E:\wamp\www\project\TG\Apps\Home\Controller\CommonController.class.php 第 8 行.

[ 2017-02-24T21:19:47+08:00 ] ::1 /project/TG/index.php/Home/Login/login.html
INFO: [ app_begin ] --START--
INFO: Run Behavior\ReadHtmlCacheBehavior [ RunTime:0.001000s ]
INFO: [ app_begin ] --END-- [ RunTime:0.002000s ]
NOTIC: [8] A session had already been started - ignoring session_start() E:\wamp\www\project\ThinkPHP\Common\functions.php 第 1263 行.
INFO: [ view_parse ] --START--
INFO: [ template_filter ] --START--
INFO: Run Behavior\ContentReplaceBehavior [ RunTime:0.000000s ]
INFO: [ template_filter ] --END-- [ RunTime:0.000000s ]
INFO: Run Behavior\ParseTemplateBehavior [ RunTime:0.101005s ]
INFO: [ view_parse ] --END-- [ RunTime:0.101005s ]
INFO: [ view_filter ] --START--
INFO: Run Behavior\WriteHtmlCacheBehavior [ RunTime:0.001000s ]
INFO: [ view_filter ] --END-- [ RunTime:0.001000s ]
INFO: [ app_end ] --START--
INFO: Run Behavior\ShowPageTraceBehavior [ RunTime:0.001000s ]
INFO: [ app_end ] --END-- [ RunTime:0.001000s ]

[ 2017-02-24T21:19:49+08:00 ] ::1 /project/TG/index.php/Home/Collection/status.html?id=579
INFO: [ app_begin ] --START--
INFO: Run Behavior\ReadHtmlCacheBehavior [ RunTime:0.001000s ]
INFO: [ app_begin ] --END-- [ RunTime:0.002000s ]
NOTIC: [8] A session had already been started - ignoring session_start() E:\wamp\www\project\ThinkPHP\Common\functions.php 第 1263 行.
NOTIC: [8] Undefined index: users E:\wamp\www\project\TG\Apps\Home\Controller\CommonController.class.php 第 8 行.

[ 2017-02-24T21:19:50+08:00 ] ::1 /project/TG/index.php/Home/Login/login.html
INFO: [ app_begin ] --START--
INFO: Run Behavior\ReadHtmlCacheBehavior [ RunTime:0.001000s ]
INFO: [ app_begin ] --END-- [ RunTime:0.001000s ]
NOTIC: [8] A session had already been started - ignoring session_start() E:\wamp\www\project\ThinkPHP\Common\functions.php 第 1263 行.
INFO: [ view_parse ] --START--
INFO: [ template_filter ] --START--
INFO: Run Behavior\ContentReplaceBehavior [ RunTime:0.000000s ]
INFO: [ template_filter ] --END-- [ RunTime:0.000000s ]
INFO: Run Behavior\ParseTemplateBehavior [ RunTime:0.013001s ]
INFO: [ view_parse ] --END-- [ RunTime:0.013001s ]
INFO: [ view_filter ] --START--
INFO: Run Behavior\WriteHtmlCacheBehavior [ RunTime:0.001000s ]
INFO: [ view_filter ] --END-- [ RunTime:0.001000s ]
INFO: [ app_end ] --START--
INFO: Run Behavior\ShowPageTraceBehavior [ RunTime:0.001000s ]
INFO: [ app_end ] --END-- [ RunTime:0.001000s ]

[ 2017-02-24T21:19:58+08:00 ] ::1 /project/TG/index.php/Home/Collection/status.html?id=580
INFO: [ app_begin ] --START--
INFO: Run Behavior\ReadHtmlCacheBehavior [ RunTime:0.000000s ]
INFO: [ app_begin ] --END-- [ RunTime:0.001000s ]
NOTIC: [8] A session had already been started - ignoring session_start() E:\wamp\www\project\ThinkPHP\Common\functions.php 第 1263 行.
NOTIC: [8] Undefined index: users E:\wamp\www\project\TG\Apps\Home\Controller\CommonController.class.php 第 8 行.

[ 2017-02-24T21:19:58+08:00 ] ::1 /project/TG/index.php/Home/Login/login.html
INFO: [ app_begin ] --START--
INFO: Run Behavior\ReadHtmlCacheBehavior [ RunTime:0.001000s ]
INFO: [ app_begin ] --END-- [ RunTime:0.002000s ]
NOTIC: [8] A session had already been started - ignoring session_start() E:\wamp\www\project\ThinkPHP\Common\functions.php 第 1263 行.
INFO: [ view_parse ] --START--
INFO: [ template_filter ] --START--
INFO: Run Behavior\ContentReplaceBehavior [ RunTime:0.000000s ]
INFO: [ template_filter ] --END-- [ RunTime:0.000000s ]
INFO: Run Behavior\ParseTemplateBehavior [ RunTime:0.012001s ]
INFO: [ view_parse ] --END-- [ RunTime:0.012001s ]
INFO: [ view_filter ] --START--
INFO: Run Behavior\WriteHtmlCacheBehavior [ RunTime:0.000000s ]
INFO: [ view_filter ] --END-- [ RunTime:0.000000s ]
INFO: [ app_end ] --START--
INFO: Run Behavior\ShowPageTraceBehavior [ RunTime:0.001000s ]
INFO: [ app_end ] --END-- [ RunTime:0.001000s ]

[ 2017-02-24T21:19:58+08:00 ] ::1 /project/TG/index.php/Home/Collection/status.html?id=580
INFO: [ app_begin ] --START--
INFO: Run Behavior\ReadHtmlCacheBehavior [ RunTime:0.001000s ]
INFO: [ app_begin ] --END-- [ RunTime:0.002000s ]
NOTIC: [8] A session had already been started - ignoring session_start() E:\wamp\www\project\ThinkPHP\Common\functions.php 第 1263 行.
NOTIC: [8] Undefined index: users E:\wamp\www\project\TG\Apps\Home\Controller\CommonController.class.php 第 8 行.

[ 2017-02-24T21:19:59+08:00 ] ::1 /project/TG/index.php/Home/Login/login.html
INFO: [ app_begin ] --START--
INFO: Run Behavior\ReadHtmlCacheBehavior [ RunTime:0.001000s ]
INFO: [ app_begin ] --END-- [ RunTime:0.002000s ]
NOTIC: [8] A session had already been started - ignoring session_start() E:\wamp\www\project\ThinkPHP\Common\functions.php 第 1263 行.
INFO: [ view_parse ] --START--
INFO: [ template_filter ] --START--
INFO: Run Behavior\ContentReplaceBehavior [ RunTime:0.000000s ]
INFO: [ template_filter ] --END-- [ RunTime:0.000000s ]
INFO: Run Behavior\ParseTemplateBehavior [ RunTime:0.013001s ]
INFO: [ view_parse ] --END-- [ RunTime:0.013001s ]
INFO: [ view_filter ] --START--
INFO: Run Behavior\WriteHtmlCacheBehavior [ RunTime:0.000000s ]
INFO: [ view_filter ] --END-- [ RunTime:0.000000s ]
INFO: [ app_end ] --START--
INFO: Run Behavior\ShowPageTraceBehavior [ RunTime:0.000000s ]
INFO: [ app_end ] --END-- [ RunTime:0.001000s ]

[ 2017-02-24T21:20:05+08:00 ] ::1 /project/TG/index.php/Home/login/ajax_login.html
INFO: [ app_begin ] --START--
INFO: Run Behavior\ReadHtmlCacheBehavior [ RunTime:0.001000s ]
INFO: [ app_begin ] --END-- [ RunTime:0.002000s ]
NOTIC: [8] A session had already been started - ignoring session_start() E:\wamp\www\project\ThinkPHP\Common\functions.php 第 1263 行.
SQL: SHOW COLUMNS FROM `tg_users` [ RunTime:0.0070s ]
SQL: SELECT * FROM `tg_users` WHERE `username` = 'ljl'  [ RunTime:0.0280s ]
INFO: [ app_end ] --START--
INFO: Run Behavior\ShowPageTraceBehavior [ RunTime:0.001000s ]
INFO: [ app_end ] --END-- [ RunTime:0.002000s ]

[ 2017-02-24T21:20:09+08:00 ] ::1 /project/TG/index.php/Home/Register/ajax_reg.html
INFO: [ app_begin ] --START--
INFO: Run Behavior\ReadHtmlCacheBehavior [ RunTime:0.001000s ]
INFO: [ app_begin ] --END-- [ RunTime:0.001000s ]
NOTIC: [8] A session had already been started - ignoring session_start() E:\wamp\www\project\ThinkPHP\Common\functions.php 第 1263 行.
SQL: SHOW COLUMNS FROM `tg_users` [ RunTime:0.0080s ]
SQL: SELECT * FROM `tg_users` WHERE `username` = 'lyy'  [ RunTime:0.0010s ]
INFO: [ app_end ] --START--
INFO: Run Behavior\ShowPageTraceBehavior [ RunTime:0.001000s ]
INFO: [ app_end ] --END-- [ RunTime:0.001000s ]

[ 2017-02-24T21:21:29+08:00 ] ::1 /project/TG/index.php/Home/login/ajax_login.html
INFO: [ app_begin ] --START--
INFO: Run Behavior\ReadHtmlCacheBehavior [ RunTime:0.001000s ]
INFO: [ app_begin ] --END-- [ RunTime:0.002001s ]
NOTIC: [8] A session had already been started - ignoring session_start() E:\wamp\www\project\ThinkPHP\Common\functions.php 第 1263 行.
SQL: SHOW COLUMNS FROM `tg_users` [ RunTime:0.0080s ]
SQL: SELECT * FROM `tg_users` WHERE `username` = 'lyy'  [ RunTime:0.0000s ]
INFO: [ app_end ] --START--
INFO: Run Behavior\ShowPageTraceBehavior [ RunTime:0.001001s ]
INFO: [ app_end ] --END-- [ RunTime:0.002001s ]

[ 2017-02-24T21:21:37+08:00 ] ::1 /project/TG/index.php/Home/login/ajax_login.html
INFO: [ app_begin ] --START--
INFO: Run Behavior\ReadHtmlCacheBehavior [ RunTime:0.001000s ]
INFO: [ app_begin ] --END-- [ RunTime:0.003000s ]
NOTIC: [8] A session had already been started - ignoring session_start() E:\wamp\www\project\ThinkPHP\Common\functions.php 第 1263 行.
SQL: SHOW COLUMNS FROM `tg_users` [ RunTime:0.0070s ]
SQL: SELECT * FROM `tg_users` WHERE `username` = 'lyy'  [ RunTime:0.0010s ]
INFO: [ app_end ] --START--
INFO: Run Behavior\ShowPageTraceBehavior [ RunTime:0.001000s ]
INFO: [ app_end ] --END-- [ RunTime:0.001000s ]

[ 2017-02-24T21:21:48+08:00 ] ::1 /project/TG/index.php/Home/Collection/status.html?id=579
INFO: [ app_begin ] --START--
INFO: Run Behavior\ReadHtmlCacheBehavior [ RunTime:0.001000s ]
INFO: [ app_begin ] --END-- [ RunTime:0.002000s ]
NOTIC: [8] A session had already been started - ignoring session_start() E:\wamp\www\project\ThinkPHP\Common\functions.php 第 1263 行.
SQL: SHOW COLUMNS FROM `tg_collection` [ RunTime:0.0080s ]
SQL: SELECT COUNT(*) AS tp_count FROM `tg_collection` WHERE `productid` = 579 AND `userid` = 231 LIMIT 1   [ RunTime:0.0480s ]
SQL: INSERT INTO `tg_collection` (`productid`,`userid`,`addtime`) VALUES ('579','231','1487942508') [ RunTime:0.1740s ]

[ 2017-02-24T21:21:57+08:00 ] ::1 /project/TG/index.php/Home/Collection/status.html?id=579
INFO: [ app_begin ] --START--
INFO: Run Behavior\ReadHtmlCacheBehavior [ RunTime:0.001000s ]
INFO: [ app_begin ] --END-- [ RunTime:0.002000s ]
NOTIC: [8] A session had already been started - ignoring session_start() E:\wamp\www\project\ThinkPHP\Common\functions.php 第 1263 行.
SQL: SHOW COLUMNS FROM `tg_collection` [ RunTime:0.0050s ]
SQL: SELECT COUNT(*) AS tp_count FROM `tg_collection` WHERE `productid` = 579 AND `userid` = 231 LIMIT 1   [ RunTime:0.0010s ]
SQL: DELETE FROM `tg_collection` WHERE `productid` = 579 AND `userid` = 231 [ RunTime:0.3320s ]

[ 2017-02-24T21:21:58+08:00 ] ::1 /project/TG/index.php/Home/Collection/status.html?id=579
INFO: [ app_begin ] --START--
INFO: Run Behavior\ReadHtmlCacheBehavior [ RunTime:0.001000s ]
INFO: [ app_begin ] --END-- [ RunTime:0.001000s ]
NOTIC: [8] A session had already been started - ignoring session_start() E:\wamp\www\project\ThinkPHP\Common\functions.php 第 1263 行.
SQL: SHOW COLUMNS FROM `tg_collection` [ RunTime:0.0070s ]
SQL: SELECT COUNT(*) AS tp_count FROM `tg_collection` WHERE `productid` = 579 AND `userid` = 231 LIMIT 1   [ RunTime:0.0010s ]
SQL: INSERT INTO `tg_collection` (`productid`,`userid`,`addtime`) VALUES ('579','231','1487942517') [ RunTime:0.0630s ]

[ 2017-02-24T21:21:59+08:00 ] ::1 /project/TG/index.php/Home/Collection/status.html?id=579
INFO: [ app_begin ] --START--
INFO: Run Behavior\ReadHtmlCacheBehavior [ RunTime:0.001000s ]
INFO: [ app_begin ] --END-- [ RunTime:0.002000s ]
NOTIC: [8] A session had already been started - ignoring session_start() E:\wamp\www\project\ThinkPHP\Common\functions.php 第 1263 行.
SQL: SHOW COLUMNS FROM `tg_collection` [ RunTime:0.0070s ]
SQL: SELECT COUNT(*) AS tp_count FROM `tg_collection` WHERE `productid` = 579 AND `userid` = 231 LIMIT 1   [ RunTime:0.0010s ]
SQL: DELETE FROM `tg_collection` WHERE `productid` = 579 AND `userid` = 231 [ RunTime:0.0640s ]

[ 2017-02-24T21:22:00+08:00 ] ::1 /project/TG/index.php/Home/Collection/status.html?id=579
INFO: [ app_begin ] --START--
INFO: Run Behavior\ReadHtmlCacheBehavior [ RunTime:0.001000s ]
INFO: [ app_begin ] --END-- [ RunTime:0.002000s ]
NOTIC: [8] A session had already been started - ignoring session_start() E:\wamp\www\project\ThinkPHP\Common\functions.php 第 1263 行.
SQL: SHOW COLUMNS FROM `tg_collection` [ RunTime:0.0060s ]
SQL: SELECT COUNT(*) AS tp_count FROM `tg_collection` WHERE `productid` = 579 AND `userid` = 231 LIMIT 1   [ RunTime:0.0000s ]
SQL: INSERT INTO `tg_collection` (`productid`,`userid`,`addtime`) VALUES ('579','231','1487942520') [ RunTime:0.1090s ]

[ 2017-02-24T21:22:01+08:00 ] ::1 /project/TG/index.php/Home/Collection/status.html?id=579
INFO: [ app_begin ] --START--
INFO: Run Behavior\ReadHtmlCacheBehavior [ RunTime:0.001000s ]
INFO: [ app_begin ] --END-- [ RunTime:0.002000s ]
NOTIC: [8] A session had already been started - ignoring session_start() E:\wamp\www\project\ThinkPHP\Common\functions.php 第 1263 行.
SQL: SHOW COLUMNS FROM `tg_collection` [ RunTime:0.0070s ]
SQL: SELECT COUNT(*) AS tp_count FROM `tg_collection` WHERE `productid` = 579 AND `userid` = 231 LIMIT 1   [ RunTime:0.0010s ]
SQL: DELETE FROM `tg_collection` WHERE `productid` = 579 AND `userid` = 231 [ RunTime:0.1470s ]

[ 2017-02-24T21:22:15+08:00 ] ::1 /project/TG/index.php/Home/Collection/status.html?id=580
INFO: [ app_begin ] --START--
INFO: Run Behavior\ReadHtmlCacheBehavior [ RunTime:0.001000s ]
INFO: [ app_begin ] --END-- [ RunTime:0.003001s ]
NOTIC: [8] A session had already been started - ignoring session_start() E:\wamp\www\project\ThinkPHP\Common\functions.php 第 1263 行.
SQL: SHOW COLUMNS FROM `tg_collection` [ RunTime:0.0070s ]
SQL: SELECT COUNT(*) AS tp_count FROM `tg_collection` WHERE `productid` = 580 AND `userid` = 231 LIMIT 1   [ RunTime:0.0000s ]
SQL: INSERT INTO `tg_collection` (`productid`,`userid`,`addtime`) VALUES ('580','231','1487942535') [ RunTime:0.0580s ]

[ 2017-02-24T21:22:16+08:00 ] ::1 /project/TG/index.php/Home/Collection/status.html?id=580
INFO: [ app_begin ] --START--
INFO: Run Behavior\ReadHtmlCacheBehavior [ RunTime:0.001000s ]
INFO: [ app_begin ] --END-- [ RunTime:0.001000s ]
NOTIC: [8] A session had already been started - ignoring session_start() E:\wamp\www\project\ThinkPHP\Common\functions.php 第 1263 行.
SQL: SHOW COLUMNS FROM `tg_collection` [ RunTime:0.0060s ]
SQL: SELECT COUNT(*) AS tp_count FROM `tg_collection` WHERE `productid` = 580 AND `userid` = 231 LIMIT 1   [ RunTime:0.0000s ]
SQL: DELETE FROM `tg_collection` WHERE `productid` = 580 AND `userid` = 231 [ RunTime:0.8740s ]

[ 2017-02-24T21:22:18+08:00 ] ::1 /project/TG/index.php/Home/Collection/status.html?id=580
INFO: [ app_begin ] --START--
INFO: Run Behavior\ReadHtmlCacheBehavior [ RunTime:0.001000s ]
INFO: [ app_begin ] --END-- [ RunTime:0.002000s ]
NOTIC: [8] A session had already been started - ignoring session_start() E:\wamp\www\project\ThinkPHP\Common\functions.php 第 1263 行.
SQL: SHOW COLUMNS FROM `tg_collection` [ RunTime:0.0080s ]
SQL: SELECT COUNT(*) AS tp_count FROM `tg_collection` WHERE `productid` = 580 AND `userid` = 231 LIMIT 1   [ RunTime:0.0010s ]
SQL: INSERT INTO `tg_collection` (`productid`,`userid`,`addtime`) VALUES ('580','231','1487942538') [ RunTime:0.1830s ]

